TpTrace Verbose: 0 : 2420, 1, 2023/10/28, 18:42:46.086, 3629722461396, vstest.console.dll, Version: 17.6.3-release-20230616-01 Current process architecture: X64
TpTrace Verbose: 0 : 2420, 1, 2023/10/28, 18:42:46.089, 3629722487006, vstest.console.dll, Runtime location: C:\Program Files\dotnet\shared\Microsoft.NETCore.App\7.0.9
TpTrace Verbose: 0 : 2420, 1, 2023/10/28, 18:42:46.094, 3629722541597, vstest.console.dll, ArtifactProcessingPostProcessModeProcessorExecutor.Initialize: ArtifactProcessingMode.Collect
TpTrace Verbose: 0 : 2420, 1, 2023/10/28, 18:42:46.094, 3629722543794, vstest.console.dll, TestSessionCorrelationIdProcessorModeProcessorExecutor.Initialize: TestSessionCorrelationId '25036_a1f782cc-899d-46af-b7f8-d980bf0607cc'
TpTrace Information: 0 : 2420, 1, 2023/10/28, 18:42:46.108, 3629722677141, vstest.console.dll, FilePatternParser: The given file C:\Users\Hrvoje\Source\Repos\WattsUp\ControllerUnitTests\bin\Debug\net7.0\fine-code-coverage\build-output\ControllerUnitTests.dll is a full path.
TpTrace Verbose: 0 : 2420, 1, 2023/10/28, 18:42:46.115, 3629722752129, vstest.console.dll, TestPluginCache.DiscoverTestExtensions: finding test extensions in assemblies ends with: RuntimeProvider.dll TPluginInfo: Microsoft.VisualStudio.TestPlatform.Common.ExtensionFramework.Utilities.TestRuntimePluginInformation TExtension: Microsoft.VisualStudio.TestPlatform.ObjectModel.Host.ITestRuntimeProvider
TpTrace Verbose: 0 : 2420, 1, 2023/10/28, 18:42:46.116, 3629722756990, vstest.console.dll, TestPluginCache.GetExtensionPaths: Filtered extension paths: 
TpTrace Verbose: 0 : 2420, 1, 2023/10/28, 18:42:46.116, 3629722758013, vstest.console.dll, TestPluginCache.GetExtensionPaths: Added default extension paths: C:\Program Files\dotnet\sdk\7.0.306\Extensions\Microsoft.Diagnostics.NETCore.Client.dll
C:\Program Files\dotnet\sdk\7.0.306\Extensions\Microsoft.TestPlatform.Extensions.BlameDataCollector.dll
C:\Program Files\dotnet\sdk\7.0.306\Extensions\Microsoft.TestPlatform.Extensions.EventLogCollector.dll
C:\Program Files\dotnet\sdk\7.0.306\Extensions\Microsoft.TestPlatform.TestHostRuntimeProvider.dll
C:\Program Files\dotnet\sdk\7.0.306\Extensions\Microsoft.VisualStudio.TestPlatform.Extensions.Html.TestLogger.dll
C:\Program Files\dotnet\sdk\7.0.306\Extensions\Microsoft.VisualStudio.TestPlatform.Extensions.Trx.TestLogger.dll
TpTrace Verbose: 0 : 2420, 1, 2023/10/28, 18:42:46.116, 3629722758409, vstest.console.dll, TestPluginCache.GetExtensionPaths: Added unfilterableExtensionPaths: 
TpTrace Information: 0 : 2420, 1, 2023/10/28, 18:42:46.116, 3629722766125, vstest.console.dll, AssemblyResolver.ctor: Creating AssemblyResolver with searchDirectories C:\Program Files\dotnet\sdk\7.0.306\Extensions,C:\Program Files\dotnet\sdk\7.0.306
TpTrace Verbose: 0 : 2420, 1, 2023/10/28, 18:42:46.118, 3629722779064, vstest.console.dll, TestPluginCache.DiscoverTestExtensions: Discovering the extensions using extension path.
TpTrace Verbose: 0 : 2420, 1, 2023/10/28, 18:42:46.118, 3629722780967, vstest.console.dll, TestPluginCache.GetExtensionPaths: Filtered extension paths: 
TpTrace Verbose: 0 : 2420, 1, 2023/10/28, 18:42:46.118, 3629722781489, vstest.console.dll, TestPluginCache.GetExtensionPaths: Added default extension paths: C:\Program Files\dotnet\sdk\7.0.306\Extensions\Microsoft.Diagnostics.NETCore.Client.dll
C:\Program Files\dotnet\sdk\7.0.306\Extensions\Microsoft.TestPlatform.Extensions.BlameDataCollector.dll
C:\Program Files\dotnet\sdk\7.0.306\Extensions\Microsoft.TestPlatform.Extensions.EventLogCollector.dll
C:\Program Files\dotnet\sdk\7.0.306\Extensions\Microsoft.TestPlatform.TestHostRuntimeProvider.dll
C:\Program Files\dotnet\sdk\7.0.306\Extensions\Microsoft.VisualStudio.TestPlatform.Extensions.Html.TestLogger.dll
C:\Program Files\dotnet\sdk\7.0.306\Extensions\Microsoft.VisualStudio.TestPlatform.Extensions.Trx.TestLogger.dll
TpTrace Verbose: 0 : 2420, 1, 2023/10/28, 18:42:46.118, 3629722781814, vstest.console.dll, TestPluginCache.GetExtensionPaths: Added unfilterableExtensionPaths: 
TpTrace Verbose: 0 : 2420, 1, 2023/10/28, 18:42:46.118, 3629722782973, vstest.console.dll, TestPluginCache.DiscoverTestExtensions: Discovering the extensions using allExtensionPaths: C:\Program Files\dotnet\sdk\7.0.306\Extensions\Microsoft.Diagnostics.NETCore.Client.dll
C:\Program Files\dotnet\sdk\7.0.306\Extensions\Microsoft.TestPlatform.Extensions.BlameDataCollector.dll
C:\Program Files\dotnet\sdk\7.0.306\Extensions\Microsoft.TestPlatform.Extensions.EventLogCollector.dll
C:\Program Files\dotnet\sdk\7.0.306\Extensions\Microsoft.TestPlatform.TestHostRuntimeProvider.dll
C:\Program Files\dotnet\sdk\7.0.306\Extensions\Microsoft.VisualStudio.TestPlatform.Extensions.Html.TestLogger.dll
C:\Program Files\dotnet\sdk\7.0.306\Extensions\Microsoft.VisualStudio.TestPlatform.Extensions.Trx.TestLogger.dll
TpTrace Information: 0 : 2420, 1, 2023/10/28, 18:42:46.118, 3629722785215, vstest.console.dll, AssemblyResolver.AddSearchDirectories: Adding more searchDirectories C:\Program Files\dotnet\sdk\7.0.306\Extensions,C:\Program Files\dotnet\sdk\7.0.306
TpTrace Information: 0 : 2420, 1, 2023/10/28, 18:42:46.118, 3629722786273, vstest.console.dll, AssemblyResolver.AddSearchDirectories: Adding more searchDirectories C:\Program Files\dotnet\sdk\7.0.306\Extensions,C:\Program Files\dotnet\sdk\7.0.306
TpTrace Information: 0 : 2420, 1, 2023/10/28, 18:42:46.119, 3629722786706, vstest.console.dll, AssemblyResolver.AddSearchDirectories: Adding more searchDirectories C:\Program Files\dotnet\sdk\7.0.306\Extensions,C:\Program Files\dotnet\sdk\7.0.306
TpTrace Information: 0 : 2420, 1, 2023/10/28, 18:42:46.119, 3629722787021, vstest.console.dll, AssemblyResolver.AddSearchDirectories: Adding more searchDirectories C:\Program Files\dotnet\sdk\7.0.306\Extensions,C:\Program Files\dotnet\sdk\7.0.306
TpTrace Information: 0 : 2420, 1, 2023/10/28, 18:42:46.119, 3629722787324, vstest.console.dll, AssemblyResolver.AddSearchDirectories: Adding more searchDirectories C:\Program Files\dotnet\sdk\7.0.306\Extensions,C:\Program Files\dotnet\sdk\7.0.306
TpTrace Information: 0 : 2420, 1, 2023/10/28, 18:42:46.119, 3629722787672, vstest.console.dll, AssemblyResolver.AddSearchDirectories: Adding more searchDirectories C:\Program Files\dotnet\sdk\7.0.306\Extensions,C:\Program Files\dotnet\sdk\7.0.306
TpTrace Information: 0 : 2420, 1, 2023/10/28, 18:42:46.119, 3629722793123, vstest.console.dll, AssemblyResolver.OnResolve: Microsoft.Diagnostics.NETCore.Client: Resolving assembly.
TpTrace Information: 0 : 2420, 1, 2023/10/28, 18:42:46.119, 3629722794467, vstest.console.dll, AssemblyResolver.OnResolve: Microsoft.Diagnostics.NETCore.Client: Searching in: 'C:\Program Files\dotnet\sdk\7.0.306\Extensions'.
TpTrace Information: 0 : 2420, 1, 2023/10/28, 18:42:46.129, 3629722896489, vstest.console.dll, AssemblyResolver.OnResolve: Microsoft.Diagnostics.NETCore.Client: Loading assembly 'C:\Program Files\dotnet\sdk\7.0.306\Extensions\Microsoft.Diagnostics.NETCore.Client.dll'.
TpTrace Information: 0 : 2420, 1, 2023/10/28, 18:42:46.131, 3629722906781, vstest.console.dll, AssemblyResolver.OnResolve: Resolved assembly: Microsoft.Diagnostics.NETCore.Client, from path: C:\Program Files\dotnet\sdk\7.0.306\Extensions\Microsoft.Diagnostics.NETCore.Client.dll
TpTrace Verbose: 0 : 2420, 1, 2023/10/28, 18:42:46.132, 3629722921229, vstest.console.dll, MetadataReaderExtensionsHelper: Discovering extensions inside assembly 'Microsoft.Diagnostics.NETCore.Client, Version=0.2.6.42401, Culture=neutral, PublicKeyToken=31bf3856ad364e35' file path 'C:\Program Files\dotnet\sdk\7.0.306\Extensions\Microsoft.Diagnostics.NETCore.Client.dll'
TpTrace Information: 0 : 2420, 1, 2023/10/28, 18:42:46.138, 3629722976995, vstest.console.dll, AssemblyResolver.OnResolve: Microsoft.Bcl.AsyncInterfaces: Resolving assembly.
TpTrace Information: 0 : 2420, 1, 2023/10/28, 18:42:46.138, 3629722978406, vstest.console.dll, AssemblyResolver.OnResolve: Microsoft.Bcl.AsyncInterfaces: Searching in: 'C:\Program Files\dotnet\sdk\7.0.306\Extensions'.
TpTrace Information: 0 : 2420, 1, 2023/10/28, 18:42:46.138, 3629722979663, vstest.console.dll, AssemblyResolver.OnResolve: Microsoft.Bcl.AsyncInterfaces: Assembly path does not exist: 'C:\Program Files\dotnet\sdk\7.0.306\Extensions\Microsoft.Bcl.AsyncInterfaces.dll', returning.
TpTrace Information: 0 : 2420, 1, 2023/10/28, 18:42:46.138, 3629722981126, vstest.console.dll, AssemblyResolver.OnResolve: Microsoft.Bcl.AsyncInterfaces: Assembly path does not exist: 'C:\Program Files\dotnet\sdk\7.0.306\Extensions\Microsoft.Bcl.AsyncInterfaces.exe', returning.
TpTrace Information: 0 : 2420, 1, 2023/10/28, 18:42:46.138, 3629722981541, vstest.console.dll, AssemblyResolver.OnResolve: Microsoft.Bcl.AsyncInterfaces: Searching in: 'C:\Program Files\dotnet\sdk\7.0.306'.
TpTrace Information: 0 : 2420, 1, 2023/10/28, 18:42:46.138, 3629722982255, vstest.console.dll, AssemblyResolver.OnResolve: Microsoft.Bcl.AsyncInterfaces: Assembly path does not exist: 'C:\Program Files\dotnet\sdk\7.0.306\Microsoft.Bcl.AsyncInterfaces.dll', returning.
TpTrace Information: 0 : 2420, 1, 2023/10/28, 18:42:46.138, 3629722983067, vstest.console.dll, AssemblyResolver.OnResolve: Microsoft.Bcl.AsyncInterfaces: Assembly path does not exist: 'C:\Program Files\dotnet\sdk\7.0.306\Microsoft.Bcl.AsyncInterfaces.exe', returning.
TpTrace Information: 0 : 2420, 1, 2023/10/28, 18:42:46.138, 3629722983403, vstest.console.dll, AssemblyResolver.OnResolve: Microsoft.Bcl.AsyncInterfaces: Failed to load assembly.
TpTrace Verbose: 0 : 2420, 1, 2023/10/28, 18:42:46.138, 3629722983783, vstest.console.dll, CurrentDomainAssemblyResolve: Resolving assembly 'Microsoft.Bcl.AsyncInterfaces'.
TpTrace Information: 0 : 2420, 1, 2023/10/28, 18:42:46.138, 3629722984512, vstest.console.dll, AssemblyResolver.OnResolve: Microsoft.Bcl.AsyncInterfaces: Resolving assembly.
TpTrace Information: 0 : 2420, 1, 2023/10/28, 18:42:46.138, 3629722984990, vstest.console.dll, AssemblyResolver.OnResolve: Microsoft.Bcl.AsyncInterfaces: Resolved from cache.
TpTrace Verbose: 0 : 2420, 1, 2023/10/28, 18:42:46.138, 3629722985338, vstest.console.dll, CurrentDomainAssemblyResolve: Resolving assembly 'Microsoft.Bcl.AsyncInterfaces'.
TpTrace Verbose: 0 : 2420, 1, 2023/10/28, 18:42:46.138, 3629722985726, vstest.console.dll, CurrentDomainAssemblyResolve: Failed to resolve assembly 'Microsoft.Bcl.AsyncInterfaces'.
TpTrace Verbose: 0 : 2420, 1, 2023/10/28, 18:42:46.140, 3629722997528, vstest.console.dll, CurrentDomainAssemblyResolve: Failed to resolve assembly 'Microsoft.Bcl.AsyncInterfaces'.
TpTrace Warning: 0 : 2420, 1, 2023/10/28, 18:42:46.149, 3629723089606, vstest.console.dll, TestPluginDiscoverer: Failed to get types from assembly 'Microsoft.Diagnostics.NETCore.Client, Version=0.2.6.42401, Culture=neutral, PublicKeyToken=31bf3856ad364e35'. Error: System.Reflection.ReflectionTypeLoadException: Unable to load one or more of the requested types.
Could not load file or assembly 'Microsoft.Bcl.AsyncInterfaces, Version=1.0.0.0, Culture=neutral, PublicKeyToken=cc7b13ffcd2ddd51'. The system cannot find the file specified.
   at System.Reflection.RuntimeModule.GetTypes(RuntimeModule module)
   at System.Reflection.Assembly.GetTypes()
   at Microsoft.VisualStudio.TestPlatform.Common.ExtensionFramework.TestPluginDiscoverer.GetTestExtensionsFromAssembly[TPluginInfo,TExtension](Assembly assembly, Dictionary`2 pluginInfos, String filePath)
System.IO.FileNotFoundException: Could not load file or assembly 'Microsoft.Bcl.AsyncInterfaces, Version=1.0.0.0, Culture=neutral, PublicKeyToken=cc7b13ffcd2ddd51'. The system cannot find the file specified.
File name: 'Microsoft.Bcl.AsyncInterfaces, Version=1.0.0.0, Culture=neutral, PublicKeyToken=cc7b13ffcd2ddd51'
 ---> System.IO.FileNotFoundException: Could not load file or assembly 'Microsoft.Bcl.AsyncInterfaces, Culture=neutral, PublicKeyToken=null'. The system cannot find the file specified.
File name: 'Microsoft.Bcl.AsyncInterfaces, Culture=neutral, PublicKeyToken=null'
   at System.Reflection.RuntimeAssembly.InternalLoad(AssemblyName assemblyName, StackCrawlMark& stackMark, AssemblyLoadContext assemblyLoadContext, RuntimeAssembly requestingAssembly, Boolean throwOnFileNotFound)
   at System.Reflection.Assembly.Load(AssemblyName assemblyRef)
   at Microsoft.VisualStudio.TestPlatform.Common.ExtensionFramework.TestPluginCache.CurrentDomainAssemblyResolve(Object sender, AssemblyResolveEventArgs args)
   at System.Runtime.Loader.AssemblyLoadContext.GetFirstResolvedAssemblyFromResolvingEvent(AssemblyName assemblyName)
   at System.Runtime.Loader.AssemblyLoadContext.ResolveUsingEvent(AssemblyName assemblyName)
   at System.Runtime.Loader.AssemblyLoadContext.ResolveUsingResolvingEvent(IntPtr gchManagedAssemblyLoadContext, AssemblyName assemblyName)
TpTrace Warning: 0 : 2420, 1, 2023/10/28, 18:42:46.149, 3629723094104, vstest.console.dll, LoaderExceptions: System.IO.FileNotFoundException: Could not load file or assembly 'Microsoft.Bcl.AsyncInterfaces, Version=1.0.0.0, Culture=neutral, PublicKeyToken=cc7b13ffcd2ddd51'. The system cannot find the file specified.
File name: 'Microsoft.Bcl.AsyncInterfaces, Version=1.0.0.0, Culture=neutral, PublicKeyToken=cc7b13ffcd2ddd51'
 ---> System.IO.FileNotFoundException: Could not load file or assembly 'Microsoft.Bcl.AsyncInterfaces, Culture=neutral, PublicKeyToken=null'. The system cannot find the file specified.
File name: 'Microsoft.Bcl.AsyncInterfaces, Culture=neutral, PublicKeyToken=null'
   at System.Reflection.RuntimeAssembly.InternalLoad(AssemblyName assemblyName, StackCrawlMark& stackMark, AssemblyLoadContext assemblyLoadContext, RuntimeAssembly requestingAssembly, Boolean throwOnFileNotFound)
   at System.Reflection.Assembly.Load(AssemblyName assemblyRef)
   at Microsoft.VisualStudio.TestPlatform.Common.ExtensionFramework.TestPluginCache.CurrentDomainAssemblyResolve(Object sender, AssemblyResolveEventArgs args)
   at System.Runtime.Loader.AssemblyLoadContext.GetFirstResolvedAssemblyFromResolvingEvent(AssemblyName assemblyName)
   at System.Runtime.Loader.AssemblyLoadContext.ResolveUsingEvent(AssemblyName assemblyName)
   at System.Runtime.Loader.AssemblyLoadContext.ResolveUsingResolvingEvent(IntPtr gchManagedAssemblyLoadContext, AssemblyName assemblyName)
TpTrace Information: 0 : 2420, 1, 2023/10/28, 18:42:46.149, 3629723096127, vstest.console.dll, AssemblyResolver.OnResolve: Microsoft.TestPlatform.Extensions.BlameDataCollector: Resolving assembly.
TpTrace Information: 0 : 2420, 1, 2023/10/28, 18:42:46.150, 3629723096803, vstest.console.dll, AssemblyResolver.OnResolve: Microsoft.TestPlatform.Extensions.BlameDataCollector: Searching in: 'C:\Program Files\dotnet\sdk\7.0.306\Extensions'.
TpTrace Information: 0 : 2420, 1, 2023/10/28, 18:42:46.150, 3629723104652, vstest.console.dll, AssemblyResolver.OnResolve: Microsoft.TestPlatform.Extensions.BlameDataCollector: Loading assembly 'C:\Program Files\dotnet\sdk\7.0.306\Extensions\Microsoft.TestPlatform.Extensions.BlameDataCollector.dll'.
TpTrace Information: 0 : 2420, 1, 2023/10/28, 18:42:46.151, 3629723114664, vstest.console.dll, AssemblyResolver.OnResolve: Resolved assembly: Microsoft.TestPlatform.Extensions.BlameDataCollector, from path: C:\Program Files\dotnet\sdk\7.0.306\Extensions\Microsoft.TestPlatform.Extensions.BlameDataCollector.dll
TpTrace Verbose: 0 : 2420, 1, 2023/10/28, 18:42:46.152, 3629723117515, vstest.console.dll, MetadataReaderExtensionsHelper: Discovering extensions inside assembly 'Microsoft.TestPlatform.Extensions.BlameDataCollector, Version=15.0.0.0, Culture=neutral, PublicKeyToken=b03f5f7f11d50a3a' file path 'C:\Program Files\dotnet\sdk\7.0.306\Extensions\Microsoft.TestPlatform.Extensions.BlameDataCollector.dll'
TpTrace Information: 0 : 2420, 1, 2023/10/28, 18:42:46.154, 3629723145678, vstest.console.dll, AssemblyResolver.OnResolve: Microsoft.TestPlatform.Extensions.EventLogCollector: Resolving assembly.
TpTrace Information: 0 : 2420, 1, 2023/10/28, 18:42:46.155, 3629723147110, vstest.console.dll, AssemblyResolver.OnResolve: Microsoft.TestPlatform.Extensions.EventLogCollector: Searching in: 'C:\Program Files\dotnet\sdk\7.0.306\Extensions'.
TpTrace Information: 0 : 2420, 1, 2023/10/28, 18:42:46.155, 3629723154486, vstest.console.dll, AssemblyResolver.OnResolve: Microsoft.TestPlatform.Extensions.EventLogCollector: Loading assembly 'C:\Program Files\dotnet\sdk\7.0.306\Extensions\Microsoft.TestPlatform.Extensions.EventLogCollector.dll'.
TpTrace Information: 0 : 2420, 1, 2023/10/28, 18:42:46.156, 3629723162576, vstest.console.dll, AssemblyResolver.OnResolve: Resolved assembly: Microsoft.TestPlatform.Extensions.EventLogCollector, from path: C:\Program Files\dotnet\sdk\7.0.306\Extensions\Microsoft.TestPlatform.Extensions.EventLogCollector.dll
TpTrace Verbose: 0 : 2420, 1, 2023/10/28, 18:42:46.156, 3629723163716, vstest.console.dll, MetadataReaderExtensionsHelper: Discovering extensions inside assembly 'Microsoft.TestPlatform.Extensions.EventLogCollector, Version=15.0.0.0, Culture=neutral, PublicKeyToken=b03f5f7f11d50a3a' file path 'C:\Program Files\dotnet\sdk\7.0.306\Extensions\Microsoft.TestPlatform.Extensions.EventLogCollector.dll'
TpTrace Information: 0 : 2420, 1, 2023/10/28, 18:42:46.159, 3629723195916, vstest.console.dll, AssemblyResolver.OnResolve: Microsoft.TestPlatform.TestHostRuntimeProvider: Resolving assembly.
TpTrace Information: 0 : 2420, 1, 2023/10/28, 18:42:46.160, 3629723197873, vstest.console.dll, AssemblyResolver.OnResolve: Microsoft.TestPlatform.TestHostRuntimeProvider: Searching in: 'C:\Program Files\dotnet\sdk\7.0.306\Extensions'.
TpTrace Information: 0 : 2420, 1, 2023/10/28, 18:42:46.160, 3629723205443, vstest.console.dll, AssemblyResolver.OnResolve: Microsoft.TestPlatform.TestHostRuntimeProvider: Loading assembly 'C:\Program Files\dotnet\sdk\7.0.306\Extensions\Microsoft.TestPlatform.TestHostRuntimeProvider.dll'.
TpTrace Information: 0 : 2420, 1, 2023/10/28, 18:42:46.161, 3629723213108, vstest.console.dll, AssemblyResolver.OnResolve: Resolved assembly: Microsoft.TestPlatform.TestHostRuntimeProvider, from path: C:\Program Files\dotnet\sdk\7.0.306\Extensions\Microsoft.TestPlatform.TestHostRuntimeProvider.dll
TpTrace Verbose: 0 : 2420, 1, 2023/10/28, 18:42:46.161, 3629723214455, vstest.console.dll, MetadataReaderExtensionsHelper: Discovering extensions inside assembly 'Microsoft.TestPlatform.TestHostRuntimeProvider, Version=15.0.0.0, Culture=neutral, PublicKeyToken=b03f5f7f11d50a3a' file path 'C:\Program Files\dotnet\sdk\7.0.306\Extensions\Microsoft.TestPlatform.TestHostRuntimeProvider.dll'
TpTrace Information: 0 : 2420, 1, 2023/10/28, 18:42:46.164, 3629723240562, vstest.console.dll, GetTestExtensionFromType: Register extension with identifier data 'HostProvider://DefaultTestHost' and type 'Microsoft.VisualStudio.TestPlatform.CrossPlatEngine.Hosting.DefaultTestHostManager, Microsoft.TestPlatform.TestHostRuntimeProvider, Version=15.0.0.0, Culture=neutral, PublicKeyToken=b03f5f7f11d50a3a' inside file 'C:\Program Files\dotnet\sdk\7.0.306\Extensions\Microsoft.TestPlatform.TestHostRuntimeProvider.dll'
TpTrace Information: 0 : 2420, 1, 2023/10/28, 18:42:46.164, 3629723243690, vstest.console.dll, GetTestExtensionFromType: Register extension with identifier data 'HostProvider://DotnetTestHost' and type 'Microsoft.VisualStudio.TestPlatform.CrossPlatEngine.Hosting.DotnetTestHostManager, Microsoft.TestPlatform.TestHostRuntimeProvider, Version=15.0.0.0, Culture=neutral, PublicKeyToken=b03f5f7f11d50a3a' inside file 'C:\Program Files\dotnet\sdk\7.0.306\Extensions\Microsoft.TestPlatform.TestHostRuntimeProvider.dll'
TpTrace Information: 0 : 2420, 1, 2023/10/28, 18:42:46.164, 3629723244644, vstest.console.dll, AssemblyResolver.OnResolve: Microsoft.VisualStudio.TestPlatform.Extensions.Html.TestLogger: Resolving assembly.
TpTrace Information: 0 : 2420, 1, 2023/10/28, 18:42:46.164, 3629723245326, vstest.console.dll, AssemblyResolver.OnResolve: Microsoft.VisualStudio.TestPlatform.Extensions.Html.TestLogger: Searching in: 'C:\Program Files\dotnet\sdk\7.0.306\Extensions'.
TpTrace Information: 0 : 2420, 1, 2023/10/28, 18:42:46.165, 3629723253151, vstest.console.dll, AssemblyResolver.OnResolve: Microsoft.VisualStudio.TestPlatform.Extensions.Html.TestLogger: Loading assembly 'C:\Program Files\dotnet\sdk\7.0.306\Extensions\Microsoft.VisualStudio.TestPlatform.Extensions.Html.TestLogger.dll'.
TpTrace Information: 0 : 2420, 1, 2023/10/28, 18:42:46.166, 3629723260549, vstest.console.dll, AssemblyResolver.OnResolve: Resolved assembly: Microsoft.VisualStudio.TestPlatform.Extensions.Html.TestLogger, from path: C:\Program Files\dotnet\sdk\7.0.306\Extensions\Microsoft.VisualStudio.TestPlatform.Extensions.Html.TestLogger.dll
TpTrace Verbose: 0 : 2420, 1, 2023/10/28, 18:42:46.166, 3629723261818, vstest.console.dll, MetadataReaderExtensionsHelper: Discovering extensions inside assembly 'Microsoft.VisualStudio.TestPlatform.Extensions.Html.TestLogger, Version=15.0.0.0, Culture=neutral, PublicKeyToken=b03f5f7f11d50a3a' file path 'C:\Program Files\dotnet\sdk\7.0.306\Extensions\Microsoft.VisualStudio.TestPlatform.Extensions.Html.TestLogger.dll'
TpTrace Information: 0 : 2420, 1, 2023/10/28, 18:42:46.168, 3629723278643, vstest.console.dll, AssemblyResolver.OnResolve: Microsoft.VisualStudio.TestPlatform.Extensions.Trx.TestLogger: Resolving assembly.
TpTrace Information: 0 : 2420, 1, 2023/10/28, 18:42:46.168, 3629723280215, vstest.console.dll, AssemblyResolver.OnResolve: Microsoft.VisualStudio.TestPlatform.Extensions.Trx.TestLogger: Searching in: 'C:\Program Files\dotnet\sdk\7.0.306\Extensions'.
TpTrace Information: 0 : 2420, 1, 2023/10/28, 18:42:46.169, 3629723287169, vstest.console.dll, AssemblyResolver.OnResolve: Microsoft.VisualStudio.TestPlatform.Extensions.Trx.TestLogger: Loading assembly 'C:\Program Files\dotnet\sdk\7.0.306\Extensions\Microsoft.VisualStudio.TestPlatform.Extensions.Trx.TestLogger.dll'.
TpTrace Information: 0 : 2420, 1, 2023/10/28, 18:42:46.169, 3629723294585, vstest.console.dll, AssemblyResolver.OnResolve: Resolved assembly: Microsoft.VisualStudio.TestPlatform.Extensions.Trx.TestLogger, from path: C:\Program Files\dotnet\sdk\7.0.306\Extensions\Microsoft.VisualStudio.TestPlatform.Extensions.Trx.TestLogger.dll
TpTrace Verbose: 0 : 2420, 1, 2023/10/28, 18:42:46.169, 3629723295789, vstest.console.dll, MetadataReaderExtensionsHelper: Discovering extensions inside assembly 'Microsoft.VisualStudio.TestPlatform.Extensions.Trx.TestLogger, Version=15.0.0.0, Culture=neutral, PublicKeyToken=b03f5f7f11d50a3a' file path 'C:\Program Files\dotnet\sdk\7.0.306\Extensions\Microsoft.VisualStudio.TestPlatform.Extensions.Trx.TestLogger.dll'
TpTrace Verbose: 0 : 2420, 1, 2023/10/28, 18:42:46.171, 3629723313607, vstest.console.dll, TestPluginCache: Discovered the extensions using extension path ''.
TpTrace Verbose: 0 : 2420, 1, 2023/10/28, 18:42:46.171, 3629723315077, vstest.console.dll, TestPluginCache: Discoverers are ''.
TpTrace Verbose: 0 : 2420, 1, 2023/10/28, 18:42:46.171, 3629723315464, vstest.console.dll, TestPluginCache: Executors are ''.
TpTrace Verbose: 0 : 2420, 1, 2023/10/28, 18:42:46.171, 3629723315777, vstest.console.dll, TestPluginCache: Executors2 are ''.
TpTrace Verbose: 0 : 2420, 1, 2023/10/28, 18:42:46.171, 3629723316074, vstest.console.dll, TestPluginCache: Setting providers are ''.
TpTrace Verbose: 0 : 2420, 1, 2023/10/28, 18:42:46.171, 3629723316362, vstest.console.dll, TestPluginCache: Loggers are ''.
TpTrace Verbose: 0 : 2420, 1, 2023/10/28, 18:42:46.172, 3629723318174, vstest.console.dll, TestPluginCache: TestHosts are 'HostProvider://DefaultTestHost,HostProvider://DotnetTestHost'.
TpTrace Verbose: 0 : 2420, 1, 2023/10/28, 18:42:46.172, 3629723318685, vstest.console.dll, TestPluginCache: DataCollectors are ''.
TpTrace Information: 0 : 2420, 1, 2023/10/28, 18:42:46.184, 3629723445955, vstest.console.dll, RunTestsArgumentProcessor:Execute: Test run is starting.
TpTrace Verbose: 0 : 2420, 1, 2023/10/28, 18:42:46.185, 3629723447227, vstest.console.dll, RunTestsArgumentProcessor:Execute: Queuing Test run.
TpTrace Information: 0 : 2420, 1, 2023/10/28, 18:42:46.185, 3629723449904, vstest.console.dll, TestRequestManager.RunTests: run tests started.
TpTrace Information: 0 : 2420, 1, 2023/10/28, 18:42:46.187, 3629723468943, vstest.console.dll, AssemblyMetadataProvider.GetFrameworkName: Determined framework:'.NETCoreApp,Version=v7.0' for source: 'C:\Users\Hrvoje\Source\Repos\WattsUp\ControllerUnitTests\bin\Debug\net7.0\fine-code-coverage\build-output\ControllerUnitTests.dll'
TpTrace Information: 0 : 2420, 1, 2023/10/28, 18:42:46.187, 3629723473156, vstest.console.dll, Determined framework for all sources: .NETCoreApp,Version=v7.0
TpTrace Verbose: 0 : 2420, 1, 2023/10/28, 18:42:46.188, 3629723478755, vstest.console.dll, TestRequestManager.UpdateRunSettingsIfRequired: Default architecture: X64 IsDefaultTargetArchitecture: True, Current process architecture: X64 OperatingSystem: Windows.
TpTrace Information: 0 : 2420, 1, 2023/10/28, 18:42:46.190, 3629723501101, vstest.console.dll, AssemblyMetadataProvider.GetArchitecture: Determined architecture:AnyCPU info for assembly: C:\Users\Hrvoje\Source\Repos\WattsUp\ControllerUnitTests\bin\Debug\net7.0\fine-code-coverage\build-output\ControllerUnitTests.dll
TpTrace Information: 0 : 2420, 1, 2023/10/28, 18:42:46.190, 3629723502053, vstest.console.dll, Determined platform for source 'C:\Users\Hrvoje\Source\Repos\WattsUp\ControllerUnitTests\bin\Debug\net7.0\fine-code-coverage\build-output\ControllerUnitTests.dll' was AnyCPU and it will use the default plaform X64.
TpTrace Information: 0 : 2420, 1, 2023/10/28, 18:42:46.190, 3629723502368, vstest.console.dll, None of the sources provided any runnable platform, using the default platform: X64
TpTrace Information: 0 : 2420, 1, 2023/10/28, 18:42:46.190, 3629723503495, vstest.console.dll, Platform was updated to 'X64'.
TpTrace Information: 0 : 2420, 1, 2023/10/28, 18:42:46.194, 3629723540075, vstest.console.dll, InferRunSettingsHelper.IsTestSettingsEnabled: Unable to navigate to RunSettings/MSTest. Current node: RunSettings
TpTrace Information: 0 : 2420, 1, 2023/10/28, 18:42:46.195, 3629723549571, vstest.console.dll, AssemblyResolver.OnResolve: Microsoft.VisualStudio.TestPlatform.Fakes: Resolving assembly.
TpTrace Information: 0 : 2420, 1, 2023/10/28, 18:42:46.195, 3629723550860, vstest.console.dll, AssemblyResolver.OnResolve: Microsoft.VisualStudio.TestPlatform.Fakes: Searching in: 'C:\Program Files\dotnet\sdk\7.0.306\Extensions'.
TpTrace Information: 0 : 2420, 1, 2023/10/28, 18:42:46.195, 3629723552369, vstest.console.dll, AssemblyResolver.OnResolve: Microsoft.VisualStudio.TestPlatform.Fakes: Assembly path does not exist: 'C:\Program Files\dotnet\sdk\7.0.306\Extensions\Microsoft.VisualStudio.TestPlatform.Fakes.dll', returning.
TpTrace Information: 0 : 2420, 1, 2023/10/28, 18:42:46.195, 3629723553120, vstest.console.dll, AssemblyResolver.OnResolve: Microsoft.VisualStudio.TestPlatform.Fakes: Assembly path does not exist: 'C:\Program Files\dotnet\sdk\7.0.306\Extensions\Microsoft.VisualStudio.TestPlatform.Fakes.exe', returning.
TpTrace Information: 0 : 2420, 1, 2023/10/28, 18:42:46.195, 3629723553448, vstest.console.dll, AssemblyResolver.OnResolve: Microsoft.VisualStudio.TestPlatform.Fakes: Searching in: 'C:\Program Files\dotnet\sdk\7.0.306'.
TpTrace Information: 0 : 2420, 1, 2023/10/28, 18:42:46.195, 3629723554122, vstest.console.dll, AssemblyResolver.OnResolve: Microsoft.VisualStudio.TestPlatform.Fakes: Assembly path does not exist: 'C:\Program Files\dotnet\sdk\7.0.306\Microsoft.VisualStudio.TestPlatform.Fakes.dll', returning.
TpTrace Information: 0 : 2420, 1, 2023/10/28, 18:42:46.195, 3629723554928, vstest.console.dll, AssemblyResolver.OnResolve: Microsoft.VisualStudio.TestPlatform.Fakes: Assembly path does not exist: 'C:\Program Files\dotnet\sdk\7.0.306\Microsoft.VisualStudio.TestPlatform.Fakes.exe', returning.
TpTrace Information: 0 : 2420, 1, 2023/10/28, 18:42:46.195, 3629723555300, vstest.console.dll, AssemblyResolver.OnResolve: Microsoft.VisualStudio.TestPlatform.Fakes: Failed to load assembly.
TpTrace Information: 0 : 2420, 1, 2023/10/28, 18:42:46.196, 3629723559570, vstest.console.dll, Failed to load assembly Microsoft.VisualStudio.TestPlatform.Fakes, Version=17.0.0.0, Culture=neutral. Reason:System.IO.FileNotFoundException: Could not load file or assembly 'Microsoft.VisualStudio.TestPlatform.Fakes, Version=17.0.0.0, Culture=neutral, PublicKeyToken=null'. The system cannot find the file specified.
File name: 'Microsoft.VisualStudio.TestPlatform.Fakes, Version=17.0.0.0, Culture=neutral, PublicKeyToken=null'
   at System.Reflection.RuntimeAssembly.InternalLoad(AssemblyName assemblyName, StackCrawlMark& stackMark, AssemblyLoadContext assemblyLoadContext, RuntimeAssembly requestingAssembly, Boolean throwOnFileNotFound)
   at System.Reflection.Assembly.Load(AssemblyName assemblyRef)
   at Microsoft.VisualStudio.TestPlatform.Common.Utilities.FakesUtilities.LoadTestPlatformAssembly()
TpTrace Verbose: 0 : 2420, 1, 2023/10/28, 18:42:46.201, 3629723613253, vstest.console.dll, TestPluginCache.DiscoverTestExtensions: finding test extensions in assemblies ends with: TestLogger.dll TPluginInfo: Microsoft.VisualStudio.TestPlatform.Common.ExtensionFramework.Utilities.TestLoggerPluginInformation TExtension: Microsoft.VisualStudio.TestPlatform.ObjectModel.Client.ITestLogger
TpTrace Verbose: 0 : 2420, 1, 2023/10/28, 18:42:46.201, 3629723615346, vstest.console.dll, TestPluginCache.GetExtensionPaths: Filtered extension paths: 
TpTrace Verbose: 0 : 2420, 1, 2023/10/28, 18:42:46.201, 3629723616261, vstest.console.dll, TestPluginCache.GetExtensionPaths: Added default extension paths: C:\Program Files\dotnet\sdk\7.0.306\Extensions\Microsoft.Diagnostics.NETCore.Client.dll
C:\Program Files\dotnet\sdk\7.0.306\Extensions\Microsoft.TestPlatform.Extensions.BlameDataCollector.dll
C:\Program Files\dotnet\sdk\7.0.306\Extensions\Microsoft.TestPlatform.Extensions.EventLogCollector.dll
C:\Program Files\dotnet\sdk\7.0.306\Extensions\Microsoft.TestPlatform.TestHostRuntimeProvider.dll
C:\Program Files\dotnet\sdk\7.0.306\Extensions\Microsoft.VisualStudio.TestPlatform.Extensions.Html.TestLogger.dll
C:\Program Files\dotnet\sdk\7.0.306\Extensions\Microsoft.VisualStudio.TestPlatform.Extensions.Trx.TestLogger.dll
TpTrace Verbose: 0 : 2420, 1, 2023/10/28, 18:42:46.202, 3629723616891, vstest.console.dll, TestPluginCache.GetExtensionPaths: Added unfilterableExtensionPaths: 
TpTrace Information: 0 : 2420, 1, 2023/10/28, 18:42:46.202, 3629723619405, vstest.console.dll, AssemblyResolver.AddSearchDirectories: Adding more searchDirectories C:\Program Files\dotnet\sdk\7.0.306\Extensions,C:\Program Files\dotnet\sdk\7.0.306
TpTrace Verbose: 0 : 2420, 1, 2023/10/28, 18:42:46.202, 3629723620383, vstest.console.dll, TestPluginCache.DiscoverTestExtensions: Discovering the extensions using extension path.
TpTrace Verbose: 0 : 2420, 1, 2023/10/28, 18:42:46.202, 3629723621092, vstest.console.dll, TestPluginCache.GetExtensionPaths: Filtered extension paths: 
TpTrace Verbose: 0 : 2420, 1, 2023/10/28, 18:42:46.202, 3629723621691, vstest.console.dll, TestPluginCache.GetExtensionPaths: Added default extension paths: C:\Program Files\dotnet\sdk\7.0.306\Extensions\Microsoft.Diagnostics.NETCore.Client.dll
C:\Program Files\dotnet\sdk\7.0.306\Extensions\Microsoft.TestPlatform.Extensions.BlameDataCollector.dll
C:\Program Files\dotnet\sdk\7.0.306\Extensions\Microsoft.TestPlatform.Extensions.EventLogCollector.dll
C:\Program Files\dotnet\sdk\7.0.306\Extensions\Microsoft.TestPlatform.TestHostRuntimeProvider.dll
C:\Program Files\dotnet\sdk\7.0.306\Extensions\Microsoft.VisualStudio.TestPlatform.Extensions.Html.TestLogger.dll
C:\Program Files\dotnet\sdk\7.0.306\Extensions\Microsoft.VisualStudio.TestPlatform.Extensions.Trx.TestLogger.dll
TpTrace Verbose: 0 : 2420, 1, 2023/10/28, 18:42:46.202, 3629723622072, vstest.console.dll, TestPluginCache.GetExtensionPaths: Added unfilterableExtensionPaths: 
TpTrace Verbose: 0 : 2420, 1, 2023/10/28, 18:42:46.202, 3629723622478, vstest.console.dll, TestPluginCache.DiscoverTestExtensions: Discovering the extensions using allExtensionPaths: C:\Program Files\dotnet\sdk\7.0.306\Extensions\Microsoft.Diagnostics.NETCore.Client.dll
C:\Program Files\dotnet\sdk\7.0.306\Extensions\Microsoft.TestPlatform.Extensions.BlameDataCollector.dll
C:\Program Files\dotnet\sdk\7.0.306\Extensions\Microsoft.TestPlatform.Extensions.EventLogCollector.dll
C:\Program Files\dotnet\sdk\7.0.306\Extensions\Microsoft.TestPlatform.TestHostRuntimeProvider.dll
C:\Program Files\dotnet\sdk\7.0.306\Extensions\Microsoft.VisualStudio.TestPlatform.Extensions.Html.TestLogger.dll
C:\Program Files\dotnet\sdk\7.0.306\Extensions\Microsoft.VisualStudio.TestPlatform.Extensions.Trx.TestLogger.dll
TpTrace Information: 0 : 2420, 1, 2023/10/28, 18:42:46.202, 3629723623789, vstest.console.dll, AssemblyResolver.AddSearchDirectories: Adding more searchDirectories C:\Program Files\dotnet\sdk\7.0.306\Extensions,C:\Program Files\dotnet\sdk\7.0.306
TpTrace Information: 0 : 2420, 1, 2023/10/28, 18:42:46.202, 3629723624477, vstest.console.dll, AssemblyResolver.AddSearchDirectories: Adding more searchDirectories C:\Program Files\dotnet\sdk\7.0.306\Extensions,C:\Program Files\dotnet\sdk\7.0.306
TpTrace Information: 0 : 2420, 1, 2023/10/28, 18:42:46.202, 3629723625053, vstest.console.dll, AssemblyResolver.AddSearchDirectories: Adding more searchDirectories C:\Program Files\dotnet\sdk\7.0.306\Extensions,C:\Program Files\dotnet\sdk\7.0.306
TpTrace Information: 0 : 2420, 1, 2023/10/28, 18:42:46.202, 3629723625454, vstest.console.dll, AssemblyResolver.AddSearchDirectories: Adding more searchDirectories C:\Program Files\dotnet\sdk\7.0.306\Extensions,C:\Program Files\dotnet\sdk\7.0.306
TpTrace Information: 0 : 2420, 1, 2023/10/28, 18:42:46.202, 3629723625885, vstest.console.dll, AssemblyResolver.AddSearchDirectories: Adding more searchDirectories C:\Program Files\dotnet\sdk\7.0.306\Extensions,C:\Program Files\dotnet\sdk\7.0.306
TpTrace Information: 0 : 2420, 1, 2023/10/28, 18:42:46.202, 3629723626212, vstest.console.dll, AssemblyResolver.AddSearchDirectories: Adding more searchDirectories C:\Program Files\dotnet\sdk\7.0.306\Extensions,C:\Program Files\dotnet\sdk\7.0.306
TpTrace Verbose: 0 : 2420, 1, 2023/10/28, 18:42:46.203, 3629723628780, vstest.console.dll, MetadataReaderExtensionsHelper: Discovering extensions inside assembly 'Microsoft.Diagnostics.NETCore.Client, Version=0.2.6.42401, Culture=neutral, PublicKeyToken=31bf3856ad364e35' file path 'C:\Program Files\dotnet\sdk\7.0.306\Extensions\Microsoft.Diagnostics.NETCore.Client.dll'
TpTrace Information: 0 : 2420, 1, 2023/10/28, 18:42:46.204, 3629723642586, vstest.console.dll, AssemblyResolver.OnResolve: Microsoft.Bcl.AsyncInterfaces: Resolving assembly.
TpTrace Information: 0 : 2420, 1, 2023/10/28, 18:42:46.204, 3629723643719, vstest.console.dll, AssemblyResolver.OnResolve: Microsoft.Bcl.AsyncInterfaces: Resolved from cache.
TpTrace Verbose: 0 : 2420, 1, 2023/10/28, 18:42:46.204, 3629723644023, vstest.console.dll, CurrentDomainAssemblyResolve: Resolving assembly 'Microsoft.Bcl.AsyncInterfaces'.
TpTrace Information: 0 : 2420, 1, 2023/10/28, 18:42:46.204, 3629723644616, vstest.console.dll, AssemblyResolver.OnResolve: Microsoft.Bcl.AsyncInterfaces: Resolving assembly.
TpTrace Information: 0 : 2420, 1, 2023/10/28, 18:42:46.204, 3629723645008, vstest.console.dll, AssemblyResolver.OnResolve: Microsoft.Bcl.AsyncInterfaces: Resolved from cache.
TpTrace Verbose: 0 : 2420, 1, 2023/10/28, 18:42:46.204, 3629723645269, vstest.console.dll, CurrentDomainAssemblyResolve: Resolving assembly 'Microsoft.Bcl.AsyncInterfaces'.
TpTrace Verbose: 0 : 2420, 1, 2023/10/28, 18:42:46.204, 3629723645518, vstest.console.dll, CurrentDomainAssemblyResolve: Failed to resolve assembly 'Microsoft.Bcl.AsyncInterfaces'.
TpTrace Verbose: 0 : 2420, 1, 2023/10/28, 18:42:46.205, 3629723647328, vstest.console.dll, CurrentDomainAssemblyResolve: Failed to resolve assembly 'Microsoft.Bcl.AsyncInterfaces'.
TpTrace Warning: 0 : 2420, 1, 2023/10/28, 18:42:46.205, 3629723651408, vstest.console.dll, TestPluginDiscoverer: Failed to get types from assembly 'Microsoft.Diagnostics.NETCore.Client, Version=0.2.6.42401, Culture=neutral, PublicKeyToken=31bf3856ad364e35'. Error: System.Reflection.ReflectionTypeLoadException: Unable to load one or more of the requested types.
Could not load file or assembly 'Microsoft.Bcl.AsyncInterfaces, Version=1.0.0.0, Culture=neutral, PublicKeyToken=cc7b13ffcd2ddd51'. The system cannot find the file specified.
   at System.Reflection.RuntimeModule.GetTypes(RuntimeModule module)
   at System.Reflection.Assembly.GetTypes()
   at Microsoft.VisualStudio.TestPlatform.Common.ExtensionFramework.TestPluginDiscoverer.GetTestExtensionsFromAssembly[TPluginInfo,TExtension](Assembly assembly, Dictionary`2 pluginInfos, String filePath)
System.IO.FileNotFoundException: Could not load file or assembly 'Microsoft.Bcl.AsyncInterfaces, Version=1.0.0.0, Culture=neutral, PublicKeyToken=cc7b13ffcd2ddd51'. The system cannot find the file specified.
File name: 'Microsoft.Bcl.AsyncInterfaces, Version=1.0.0.0, Culture=neutral, PublicKeyToken=cc7b13ffcd2ddd51'
 ---> System.IO.FileNotFoundException: Could not load file or assembly 'Microsoft.Bcl.AsyncInterfaces, Culture=neutral, PublicKeyToken=null'. The system cannot find the file specified.
File name: 'Microsoft.Bcl.AsyncInterfaces, Culture=neutral, PublicKeyToken=null'
   at System.Reflection.RuntimeAssembly.InternalLoad(AssemblyName assemblyName, StackCrawlMark& stackMark, AssemblyLoadContext assemblyLoadContext, RuntimeAssembly requestingAssembly, Boolean throwOnFileNotFound)
   at System.Reflection.Assembly.Load(AssemblyName assemblyRef)
   at Microsoft.VisualStudio.TestPlatform.Common.ExtensionFramework.TestPluginCache.CurrentDomainAssemblyResolve(Object sender, AssemblyResolveEventArgs args)
   at System.Runtime.Loader.AssemblyLoadContext.GetFirstResolvedAssemblyFromResolvingEvent(AssemblyName assemblyName)
   at System.Runtime.Loader.AssemblyLoadContext.ResolveUsingEvent(AssemblyName assemblyName)
   at System.Runtime.Loader.AssemblyLoadContext.ResolveUsingResolvingEvent(IntPtr gchManagedAssemblyLoadContext, AssemblyName assemblyName)
TpTrace Warning: 0 : 2420, 1, 2023/10/28, 18:42:46.205, 3629723653999, vstest.console.dll, LoaderExceptions: System.IO.FileNotFoundException: Could not load file or assembly 'Microsoft.Bcl.AsyncInterfaces, Version=1.0.0.0, Culture=neutral, PublicKeyToken=cc7b13ffcd2ddd51'. The system cannot find the file specified.
File name: 'Microsoft.Bcl.AsyncInterfaces, Version=1.0.0.0, Culture=neutral, PublicKeyToken=cc7b13ffcd2ddd51'
 ---> System.IO.FileNotFoundException: Could not load file or assembly 'Microsoft.Bcl.AsyncInterfaces, Culture=neutral, PublicKeyToken=null'. The system cannot find the file specified.
File name: 'Microsoft.Bcl.AsyncInterfaces, Culture=neutral, PublicKeyToken=null'
   at System.Reflection.RuntimeAssembly.InternalLoad(AssemblyName assemblyName, StackCrawlMark& stackMark, AssemblyLoadContext assemblyLoadContext, RuntimeAssembly requestingAssembly, Boolean throwOnFileNotFound)
   at System.Reflection.Assembly.Load(AssemblyName assemblyRef)
   at Microsoft.VisualStudio.TestPlatform.Common.ExtensionFramework.TestPluginCache.CurrentDomainAssemblyResolve(Object sender, AssemblyResolveEventArgs args)
   at System.Runtime.Loader.AssemblyLoadContext.GetFirstResolvedAssemblyFromResolvingEvent(AssemblyName assemblyName)
   at System.Runtime.Loader.AssemblyLoadContext.ResolveUsingEvent(AssemblyName assemblyName)
   at System.Runtime.Loader.AssemblyLoadContext.ResolveUsingResolvingEvent(IntPtr gchManagedAssemblyLoadContext, AssemblyName assemblyName)
TpTrace Verbose: 0 : 2420, 1, 2023/10/28, 18:42:46.206, 3629723656605, vstest.console.dll, MetadataReaderExtensionsHelper: Discovering extensions inside assembly 'Microsoft.TestPlatform.Extensions.BlameDataCollector, Version=15.0.0.0, Culture=neutral, PublicKeyToken=b03f5f7f11d50a3a' file path 'C:\Program Files\dotnet\sdk\7.0.306\Extensions\Microsoft.TestPlatform.Extensions.BlameDataCollector.dll'
TpTrace Information: 0 : 2420, 1, 2023/10/28, 18:42:46.207, 3629723666882, vstest.console.dll, GetTestExtensionFromType: Register extension with identifier data 'logger://Microsoft/TestPlatform/Extensions/Blame/v1' and type 'Microsoft.TestPlatform.Extensions.BlameDataCollector.BlameLogger, Microsoft.TestPlatform.Extensions.BlameDataCollector, Version=15.0.0.0, Culture=neutral, PublicKeyToken=b03f5f7f11d50a3a' inside file 'C:\Program Files\dotnet\sdk\7.0.306\Extensions\Microsoft.TestPlatform.Extensions.BlameDataCollector.dll'
TpTrace Verbose: 0 : 2420, 1, 2023/10/28, 18:42:46.207, 3629723668560, vstest.console.dll, MetadataReaderExtensionsHelper: Discovering extensions inside assembly 'Microsoft.TestPlatform.Extensions.EventLogCollector, Version=15.0.0.0, Culture=neutral, PublicKeyToken=b03f5f7f11d50a3a' file path 'C:\Program Files\dotnet\sdk\7.0.306\Extensions\Microsoft.TestPlatform.Extensions.EventLogCollector.dll'
TpTrace Verbose: 0 : 2420, 1, 2023/10/28, 18:42:46.208, 3629723681879, vstest.console.dll, MetadataReaderExtensionsHelper: Discovering extensions inside assembly 'Microsoft.TestPlatform.TestHostRuntimeProvider, Version=15.0.0.0, Culture=neutral, PublicKeyToken=b03f5f7f11d50a3a' file path 'C:\Program Files\dotnet\sdk\7.0.306\Extensions\Microsoft.TestPlatform.TestHostRuntimeProvider.dll'
TpTrace Verbose: 0 : 2420, 1, 2023/10/28, 18:42:46.209, 3629723694393, vstest.console.dll, MetadataReaderExtensionsHelper: Discovering extensions inside assembly 'Microsoft.VisualStudio.TestPlatform.Extensions.Html.TestLogger, Version=15.0.0.0, Culture=neutral, PublicKeyToken=b03f5f7f11d50a3a' file path 'C:\Program Files\dotnet\sdk\7.0.306\Extensions\Microsoft.VisualStudio.TestPlatform.Extensions.Html.TestLogger.dll'
TpTrace Information: 0 : 2420, 1, 2023/10/28, 18:42:46.211, 3629723708836, vstest.console.dll, GetTestExtensionFromType: Register extension with identifier data 'logger://Microsoft/TestPlatform/HtmlLogger/v1' and type 'Microsoft.VisualStudio.TestPlatform.Extensions.HtmlLogger.HtmlLogger, Microsoft.VisualStudio.TestPlatform.Extensions.Html.TestLogger, Version=15.0.0.0, Culture=neutral, PublicKeyToken=b03f5f7f11d50a3a' inside file 'C:\Program Files\dotnet\sdk\7.0.306\Extensions\Microsoft.VisualStudio.TestPlatform.Extensions.Html.TestLogger.dll'
TpTrace Verbose: 0 : 2420, 1, 2023/10/28, 18:42:46.211, 3629723710421, vstest.console.dll, MetadataReaderExtensionsHelper: Discovering extensions inside assembly 'Microsoft.VisualStudio.TestPlatform.Extensions.Trx.TestLogger, Version=15.0.0.0, Culture=neutral, PublicKeyToken=b03f5f7f11d50a3a' file path 'C:\Program Files\dotnet\sdk\7.0.306\Extensions\Microsoft.VisualStudio.TestPlatform.Extensions.Trx.TestLogger.dll'
TpTrace Information: 0 : 2420, 1, 2023/10/28, 18:42:46.212, 3629723721009, vstest.console.dll, GetTestExtensionFromType: Register extension with identifier data 'logger://Microsoft/TestPlatform/TrxLogger/v1' and type 'Microsoft.VisualStudio.TestPlatform.Extensions.TrxLogger.TrxLogger, Microsoft.VisualStudio.TestPlatform.Extensions.Trx.TestLogger, Version=15.0.0.0, Culture=neutral, PublicKeyToken=b03f5f7f11d50a3a' inside file 'C:\Program Files\dotnet\sdk\7.0.306\Extensions\Microsoft.VisualStudio.TestPlatform.Extensions.Trx.TestLogger.dll'
TpTrace Verbose: 0 : 2420, 1, 2023/10/28, 18:42:46.212, 3629723723925, vstest.console.dll, TestPluginCache: Discovered the extensions using extension path ''.
TpTrace Verbose: 0 : 2420, 1, 2023/10/28, 18:42:46.212, 3629723724529, vstest.console.dll, TestPluginCache: Discoverers are ''.
TpTrace Verbose: 0 : 2420, 1, 2023/10/28, 18:42:46.212, 3629723725164, vstest.console.dll, TestPluginCache: Executors are ''.
TpTrace Verbose: 0 : 2420, 1, 2023/10/28, 18:42:46.212, 3629723725860, vstest.console.dll, TestPluginCache: Executors2 are ''.
TpTrace Verbose: 0 : 2420, 1, 2023/10/28, 18:42:46.212, 3629723726133, vstest.console.dll, TestPluginCache: Setting providers are ''.
TpTrace Verbose: 0 : 2420, 1, 2023/10/28, 18:42:46.213, 3629723727344, vstest.console.dll, TestPluginCache: Loggers are 'logger://Microsoft/TestPlatform/Extensions/Blame/v1,logger://Microsoft/TestPlatform/HtmlLogger/v1,logger://Microsoft/TestPlatform/TrxLogger/v1'.
TpTrace Verbose: 0 : 2420, 1, 2023/10/28, 18:42:46.213, 3629723728283, vstest.console.dll, TestPluginCache: TestHosts are 'HostProvider://DefaultTestHost,HostProvider://DotnetTestHost'.
TpTrace Verbose: 0 : 2420, 1, 2023/10/28, 18:42:46.213, 3629723728800, vstest.console.dll, TestPluginCache: DataCollectors are ''.
TpTrace Information: 0 : 2420, 1, 2023/10/28, 18:42:46.215, 3629723754313, vstest.console.dll, TestPluginManager.CreateTestExtension: Attempting to load test extension: Microsoft.TestPlatform.Extensions.BlameDataCollector.BlameLogger
TpTrace Verbose: 0 : 2420, 1, 2023/10/28, 18:42:46.229, 3629723895015, vstest.console.dll, TestEngine: Initializing Parallel Execution as MaxCpuCount is set to: 1
TpTrace Information: 0 : 2420, 1, 2023/10/28, 18:42:46.237, 3629723972403, vstest.console.dll, TestPluginManager.CreateTestExtension: Attempting to load test extension: Microsoft.VisualStudio.TestPlatform.CrossPlatEngine.Hosting.DefaultTestHostManager
TpTrace Information: 0 : 2420, 1, 2023/10/28, 18:42:46.239, 3629723995262, vstest.console.dll, TestPluginManager.CreateTestExtension: Attempting to load test extension: Microsoft.VisualStudio.TestPlatform.CrossPlatEngine.Hosting.DotnetTestHostManager
TpTrace Information: 0 : 2420, 1, 2023/10/28, 18:42:46.243, 3629724027660, vstest.console.dll, InferRunSettingsHelper.IsTestSettingsEnabled: Unable to navigate to RunSettings/MSTest. Current node: RunSettings
TpTrace Verbose: 0 : 2420, 1, 2023/10/28, 18:42:46.254, 3629724138666, vstest.console.dll, TestEngine.GetExecutionManager: Chosen execution manager 'Microsoft.VisualStudio.TestPlatform.CrossPlatEngine.Client.Parallel.ParallelProxyExecutionManager, Microsoft.TestPlatform.CrossPlatEngine, Version=15.0.0.0, Culture=neutral, PublicKeyToken=b03f5f7f11d50a3a' ParallelLevel '1'.
TpTrace Verbose: 0 : 2420, 1, 2023/10/28, 18:42:46.254, 3629724141515, vstest.console.dll, TestRunRequest.ExecuteAsync: Creating test run request.
TpTrace Verbose: 0 : 2420, 1, 2023/10/28, 18:42:46.255, 3629724146737, vstest.console.dll, TestRunRequest.ExecuteAsync: Starting.
TpTrace Information: 0 : 2420, 1, 2023/10/28, 18:42:46.255, 3629724153480, vstest.console.dll, TestRunRequest.ExecuteAsync: Starting run with settings:TestRunCriteria:
   KeepAlive=False,FrequencyOfRunStatsChangeEvent=10,RunStatsChangeEventTimeout=00:00:01.5000000,TestCaseFilter=,TestExecutorLauncher=
   Settingsxml=<RunSettings>
  <RunConfiguration>
    <ResultsDirectory>C:\Users\Hrvoje\Source\Repos\WattsUp\ControllerUnitTests\bin\Debug\net7.0\fine-code-coverage\coverage-tool-output</ResultsDirectory>
    <TargetPlatform>X64</TargetPlatform>
    <TargetFrameworkVersion>.NETCoreApp,Version=v7.0</TargetFrameworkVersion>
    <DesignMode>False</DesignMode>
    <CollectSourceInformation>False</CollectSourceInformation>
  </RunConfiguration>
  <LoggerRunSettings>
    <Loggers>
      <Logger friendlyName="blame" enabled="True" />
      <Logger friendlyName="Console" uri="logger://microsoft/TestPlatform/ConsoleLogger/v1" assemblyQualifiedName="Microsoft.VisualStudio.TestPlatform.CommandLine.Internal.ConsoleLogger, vstest.console, Version=15.0.0.0, Culture=neutral, PublicKeyToken=b03f5f7f11d50a3a" codeBase="C:\Program Files\dotnet\sdk\7.0.306\vstest.console.dll" enabled="True" />
    </Loggers>
  </LoggerRunSettings>
  <DataCollectionRunSettings>
    <DataCollectors>
      <DataCollector friendlyName="blame" enabled="True">
        <Configuration>
          <ResultsDirectory>C:\Users\Hrvoje\Source\Repos\WattsUp\ControllerUnitTests\bin\Debug\net7.0\fine-code-coverage\coverage-tool-output</ResultsDirectory>
        </Configuration>
      </DataCollector>
    </DataCollectors>
  </DataCollectionRunSettings>
</RunSettings>

TpTrace Verbose: 0 : 2420, 1, 2023/10/28, 18:42:46.255, 3629724154510, vstest.console.dll, TestRunRequest.ExecuteAsync: Wait for the first run request is over.
TpTrace Verbose: 0 : 2420, 1, 2023/10/28, 18:42:46.256, 3629724158625, vstest.console.dll, MulticastDelegateUtilities.SafeInvoke: TestRun.TestRunStart: Invoking callbacks was skipped because there are no subscribers.
TpTrace Verbose: 0 : 2420, 4, 2023/10/28, 18:42:46.256, 3629724162880, vstest.console.dll, MulticastDelegateUtilities.SafeInvoke: InternalTestLoggerEvents.SendTestRunStart: Invoking callback 1/1 for Microsoft.VisualStudio.TestPlatform.CommandLine.Internal.ConsoleLogger., took 0 ms.
TpTrace Verbose: 0 : 2420, 1, 2023/10/28, 18:42:46.258, 3629724183689, vstest.console.dll, ParallelProxyExecutionManager: Start execution. Total sources: 1
TpTrace Verbose: 0 : 2420, 1, 2023/10/28, 18:42:46.264, 3629724238677, vstest.console.dll, TestRequestSender is acting as server.
TpTrace Verbose: 0 : 2420, 1, 2023/10/28, 18:42:46.269, 3629724294344, vstest.console.dll, ParallelOperationManager.RunWorkInParallel: Started work on a host.
TpTrace Verbose: 0 : 2420, 1, 2023/10/28, 18:42:46.271, 3629724308333, vstest.console.dll, ProxyParallelExecutionManager: No sources available for execution.
TpTrace Information: 0 : 2420, 1, 2023/10/28, 18:42:46.271, 3629724309691, vstest.console.dll, TestRunRequest.ExecuteAsync: Started.
TpTrace Verbose: 0 : 2420, 1, 2023/10/28, 18:42:46.271, 3629724310703, vstest.console.dll, TestRunRequest.WaitForCompletion: Waiting with timeout -1.
TpTrace Verbose: 0 : 2420, 5, 2023/10/28, 18:42:46.271, 3629724311482, vstest.console.dll, DataCollectionRequestSender.InitializeCommunication : Initialize communication. 
TpTrace Information: 0 : 2420, 5, 2023/10/28, 18:42:46.276, 3629724364285, vstest.console.dll, Listening on Endpoint : 127.0.0.1:60055
TpTrace Verbose: 0 : 2420, 5, 2023/10/28, 18:42:46.286, 3629724462257, vstest.console.dll, DotnetDataCollectionLauncher: Adding  --runtimeconfig "C:\Program Files\dotnet\sdk\7.0.306\datacollector.runtimeconfig.json" in args
TpTrace Verbose: 0 : 2420, 5, 2023/10/28, 18:42:46.286, 3629724463774, vstest.console.dll, DotnetDataCollectionLauncher: Adding  --depsfile "C:\Program Files\dotnet\sdk\7.0.306\datacollector.deps.json" in args
TpTrace Verbose: 0 : 2420, 5, 2023/10/28, 18:42:46.286, 3629724465472, vstest.console.dll, DotnetDataCollectionLauncher: Full path of dotnet.exe is C:\Program Files\dotnet\dotnet.exe
TpTrace Information: 0 : 2420, 5, 2023/10/28, 18:42:46.296, 3629724561025, vstest.console.dll, ProxyDataCollectionManager.Initialize: Launched datacollector processId: 21344 port: 60055
TpTrace Information: 0 : 2420, 5, 2023/10/28, 18:42:46.296, 3629724562997, vstest.console.dll, ProxyDataCollectionManager.Initialize: waiting for connection with timeout: 90 seconds
TpTrace Verbose: 0 : 2420, 5, 2023/10/28, 18:42:46.296, 3629724563896, vstest.console.dll, DataCollectionRequestSender.WaitForRequestHandlerConnection : Waiting for connection with timeout: 90000
TpTrace Information: 0 : 2420, 7, 2023/10/28, 18:42:46.463, 3629726229287, vstest.console.dll, Using the buffer size of 16384 bytes
TpTrace Information: 0 : 2420, 7, 2023/10/28, 18:42:46.463, 3629726235521, vstest.console.dll, Accepted Client request and set the flag
TpTrace Verbose: 0 : 2420, 5, 2023/10/28, 18:42:46.463, 3629726234370, vstest.console.dll, SocketCommunicationManager.WaitForClientConnection took: 166 ms, with 90000 ms timeout, and finished with True.
TpTrace Verbose: 0 : 2420, 5, 2023/10/28, 18:42:46.464, 3629726242212, vstest.console.dll, ProxyDataCollectionManager.InvokeDataCollectionServiceAction: Starting.
TpTrace Information: 0 : 2420, 5, 2023/10/28, 18:42:46.464, 3629726243363, vstest.console.dll, ProxyDataCollectionManager.BeforeTestRunStart: Get environment variable and port for datacollector processId: 21344 port: 60055
TpTrace Verbose: 0 : 2420, 5, 2023/10/28, 18:42:46.464, 3629726245473, vstest.console.dll, DataCollectionRequestSender.SendBeforeTestRunStartAndGetResult: Send BeforeTestRunStart message with settingsXml <RunSettings><RunConfiguration><ResultsDirectory>C:\Users\Hrvoje\Source\Repos\WattsUp\ControllerUnitTests\bin\Debug\net7.0\fine-code-coverage\coverage-tool-output</ResultsDirectory><TargetPlatform>X64</TargetPlatform><TargetFrameworkVersion>.NETCoreApp,Version=v7.0</TargetFrameworkVersion><DesignMode>False</DesignMode><CollectSourceInformation>False</CollectSourceInformation><TestAdaptersPaths>C:\Program Files\dotnet\sdk\7.0.306\Extensions</TestAdaptersPaths></RunConfiguration><LoggerRunSettings><Loggers><Logger friendlyName="blame" enabled="True" /><Logger friendlyName="Console" uri="logger://microsoft/TestPlatform/ConsoleLogger/v1" assemblyQualifiedName="Microsoft.VisualStudio.TestPlatform.CommandLine.Internal.ConsoleLogger, vstest.console, Version=15.0.0.0, Culture=neutral, PublicKeyToken=b03f5f7f11d50a3a" codeBase="C:\Program Files\dotnet\sdk\7.0.306\vstest.console.dll" enabled="True" /></Loggers></LoggerRunSettings><DataCollectionRunSettings><DataCollectors><DataCollector friendlyName="blame" enabled="True"><Configuration><ResultsDirectory>C:\Users\Hrvoje\Source\Repos\WattsUp\ControllerUnitTests\bin\Debug\net7.0\fine-code-coverage\coverage-tool-output</ResultsDirectory></Configuration></DataCollector></DataCollectors></DataCollectionRunSettings></RunSettings> and sources System.Collections.Generic.List`1[System.String]: 
TpTrace Verbose: 0 : 2420, 5, 2023/10/28, 18:42:46.583, 3629727426978, vstest.console.dll, DataCollectionRequestSender.SendBeforeTestRunStartAndGetResult: Received message: (DataCollection.SendMessage) -> {"MessageType":"DataCollection.SendMessage","Payload":{"FriendlyName":null,"Uri":null,"TestCaseId":"00000000-0000-0000-0000-000000000000","Message":"Logging DataCollector Diagnostics in file: C:\\Users\\Hrvoje\\Source\\Repos\\WattsUp\\ControllerUnitTests\\bin\\Debug\\net7.0\\fine-code-coverage\\coverage-tool-output\\diagnostics.datacollector.23-10-28_18-42-46_28628_5.log","Level":0}}
TpTrace Verbose: 0 : 2420, 5, 2023/10/28, 18:42:46.695, 3629728554575, vstest.console.dll, DataCollectionRequestSender.SendBeforeTestRunStartAndGetResult: Received message: (DataCollection.BeforeTestRunStartResult) -> {"MessageType":"DataCollection.BeforeTestRunStartResult","Payload":{"EnvironmentVariables":{},"DataCollectionEventsPort":60057}}
TpTrace Information: 0 : 2420, 5, 2023/10/28, 18:42:46.703, 3629728634543, vstest.console.dll, ProxyDataCollectionManager.BeforeTestRunStart: SendBeforeTestRunStartAndGetResult successful, env variable from datacollector:   and testhost port: 60057
TpTrace Information: 0 : 2420, 5, 2023/10/28, 18:42:46.703, 3629728636119, vstest.console.dll, ProxyDataCollectionManager.InvokeDataCollectionServiceAction: Completed.
TpTrace Verbose: 0 : 2420, 5, 2023/10/28, 18:42:46.704, 3629728637556, vstest.console.dll, ProxyExecutionManager: Test host is always Lazy initialize.
TpTrace Verbose: 0 : 2420, 5, 2023/10/28, 18:42:46.704, 3629728641988, vstest.console.dll, TestRequestSender.InitializeCommunication: initialize communication. 
TpTrace Information: 0 : 2420, 5, 2023/10/28, 18:42:46.705, 3629728648635, vstest.console.dll, SocketServer.Start: Listening on endpoint : 127.0.0.1:60058
TpTrace Verbose: 0 : 2420, 5, 2023/10/28, 18:42:46.706, 3629728662802, vstest.console.dll, DotnetTestHostmanager.GetTestHostProcessStartInfo: Platform environment 'X64' target architecture 'X64' framework '.NETCoreApp,Version=v7.0' OS 'Windows'
TpTrace Verbose: 0 : 2420, 5, 2023/10/28, 18:42:46.707, 3629728668145, vstest.console.dll, DotnetTestHostmanager: Adding  --runtimeconfig "C:\Users\Hrvoje\Source\Repos\WattsUp\ControllerUnitTests\bin\Debug\net7.0\fine-code-coverage\build-output\ControllerUnitTests.runtimeconfig.json" in args
TpTrace Verbose: 0 : 2420, 5, 2023/10/28, 18:42:46.707, 3629728670229, vstest.console.dll, DotnetTestHostmanager: Adding  --depsfile "C:\Users\Hrvoje\Source\Repos\WattsUp\ControllerUnitTests\bin\Debug\net7.0\fine-code-coverage\build-output\ControllerUnitTests.deps.json" in args
TpTrace Verbose: 0 : 2420, 5, 2023/10/28, 18:42:46.707, 3629728673760, vstest.console.dll, DotnetTestHostmanager.IsWinOnArm: Current PROCESSOR_ARCHITECTURE from environment variable 'AMD64'
TpTrace Verbose: 0 : 2420, 5, 2023/10/28, 18:42:46.707, 3629728674934, vstest.console.dll, DotnetTestHostmanager.IsWinOnArm: Is Windows on ARM 'False'
TpTrace Verbose: 0 : 2420, 5, 2023/10/28, 18:42:46.707, 3629728676473, vstest.console.dll, DotnetTestHostManager: testhost.exe found at path: C:\Users\Hrvoje\Source\Repos\WattsUp\ControllerUnitTests\bin\Debug\net7.0\fine-code-coverage\build-output\testhost.exe
TpTrace Verbose: 0 : 2420, 5, 2023/10/28, 18:42:46.708, 3629728677304, vstest.console.dll, DotnetTestHostmanager: Full path of host exe is C:\Users\Hrvoje\Source\Repos\WattsUp\ControllerUnitTests\bin\Debug\net7.0\fine-code-coverage\build-output\testhost.exe
TpTrace Verbose: 0 : 2420, 5, 2023/10/28, 18:42:46.708, 3629728679486, vstest.console.dll, DotnetTestHostmanager.LaunchTestHostAsync: Found 'VSTEST_WINAPPHOST_DOTNET_ROOT' in env variables, value 'C:\Program Files\dotnet', forwarding to 'DOTNET_ROOT'
TpTrace Verbose: 0 : 2420, 5, 2023/10/28, 18:42:46.708, 3629728682215, vstest.console.dll, DotnetTestHostManager: Starting process 'C:\Users\Hrvoje\Source\Repos\WattsUp\ControllerUnitTests\bin\Debug\net7.0\fine-code-coverage\build-output\testhost.exe' with command line ' --runtimeconfig "C:\Users\Hrvoje\Source\Repos\WattsUp\ControllerUnitTests\bin\Debug\net7.0\fine-code-coverage\build-output\ControllerUnitTests.runtimeconfig.json" --depsfile "C:\Users\Hrvoje\Source\Repos\WattsUp\ControllerUnitTests\bin\Debug\net7.0\fine-code-coverage\build-output\ControllerUnitTests.deps.json" --port 60058 --endpoint 127.0.0.1:060058 --role client --parentprocessid 2420 --diag "C:\Users\Hrvoje\Source\Repos\WattsUp\ControllerUnitTests\bin\Debug\net7.0\fine-code-coverage\coverage-tool-output\diagnostics.host.23-10-28_18-42-46_70589_5.log" --tracelevel 4 --datacollectionport 60057 --telemetryoptedin false'
TpTrace Verbose: 0 : 2420, 5, 2023/10/28, 18:42:46.719, 3629728788958, vstest.console.dll, MulticastDelegateUtilities.SafeInvoke: HostProviderEvents.OnHostLaunched: Invoking callback 1/2 for Microsoft.VisualStudio.TestPlatform.CrossPlatEngine.Client.ProxyExecutionManagerWithDataCollection., took 2 ms.
TpTrace Verbose: 0 : 2420, 5, 2023/10/28, 18:42:46.719, 3629728794200, vstest.console.dll, Test Runtime launched
TpTrace Verbose: 0 : 2420, 5, 2023/10/28, 18:42:46.719, 3629728795616, vstest.console.dll, MulticastDelegateUtilities.SafeInvoke: HostProviderEvents.OnHostLaunched: Invoking callback 2/2 for Microsoft.VisualStudio.TestPlatform.CrossPlatEngine.Client.ProxyOperationManager., took 0 ms.
TpTrace Verbose: 0 : 2420, 5, 2023/10/28, 18:42:46.720, 3629728797721, vstest.console.dll, TestRequestSender.WaitForRequestHandlerConnection: waiting for connection with timeout: 90000.
TpTrace Verbose: 0 : 2420, 11, 2023/10/28, 18:42:46.933, 3629730926776, vstest.console.dll, MulticastDelegateUtilities.SafeInvoke: SocketServer: ClientConnected: Invoking callback 1/1 for Microsoft.VisualStudio.TestPlatform.CommunicationUtilities.TestRequestSender., took 0 ms.
TpTrace Verbose: 0 : 2420, 11, 2023/10/28, 18:42:46.933, 3629730928982, vstest.console.dll, SocketServer.OnClientConnected: Client connected for endPoint: 127.0.0.1:60058, starting MessageLoopAsync:
TpTrace Verbose: 0 : 2420, 5, 2023/10/28, 18:42:46.933, 3629730926752, vstest.console.dll, TestRequestSender.WaitForRequestHandlerConnection: waiting took 212 ms, with timeout 90000 ms, and result 0, which is success.
TpTrace Verbose: 0 : 2420, 11, 2023/10/28, 18:42:46.933, 3629730932634, vstest.console.dll, TcpClientExtensions.MessageLoopAsync: Polling on remoteEndPoint: 127.0.0.1:60059 localEndPoint: 127.0.0.1:60058
TpTrace Verbose: 0 : 2420, 5, 2023/10/28, 18:42:46.935, 3629730948031, vstest.console.dll, TestRequestSender.CheckVersionWithTestHost: Sending check version message: {"MessageType":"ProtocolVersion","Payload":7}
TpTrace Verbose: 0 : 2420, 11, 2023/10/28, 18:42:47.098, 3629732580476, vstest.console.dll, TcpClientExtensions.MessageLoopAsync: NotifyDataAvailable remoteEndPoint: 127.0.0.1:60059 localEndPoint: 127.0.0.1:60058
TpTrace Verbose: 0 : 2420, 11, 2023/10/28, 18:42:47.098, 3629732584101, vstest.console.dll, TestRequestSender.CheckVersionWithTestHost: onMessageReceived received message: (ProtocolVersion) -> {"MessageType":"ProtocolVersion","Payload":7}
TpTrace Verbose: 0 : 2420, 11, 2023/10/28, 18:42:47.099, 3629732596147, vstest.console.dll, MulticastDelegateUtilities.SafeInvoke: LengthPrefixCommunicationChannel: MessageReceived: Invoking callback 1/1 for Microsoft.VisualStudio.TestPlatform.CommunicationUtilities.TestRequestSender+<>c__DisplayClass29_0., took 1 ms.
TpTrace Verbose: 0 : 2420, 11, 2023/10/28, 18:42:47.100, 3629732598962, vstest.console.dll, TcpClientExtensions.MessageLoopAsync: Polling on remoteEndPoint: 127.0.0.1:60059 localEndPoint: 127.0.0.1:60058
TpTrace Verbose: 0 : 2420, 5, 2023/10/28, 18:42:47.100, 3629732597625, vstest.console.dll, TestPluginCache.GetExtensionPaths: Filtered extension paths: 
TpTrace Verbose: 0 : 2420, 5, 2023/10/28, 18:42:47.100, 3629732601060, vstest.console.dll, TestPluginCache.GetExtensionPaths: Added default extension paths: C:\Program Files\dotnet\sdk\7.0.306\Extensions\Microsoft.Diagnostics.NETCore.Client.dll
C:\Program Files\dotnet\sdk\7.0.306\Extensions\Microsoft.TestPlatform.Extensions.BlameDataCollector.dll
C:\Program Files\dotnet\sdk\7.0.306\Extensions\Microsoft.TestPlatform.Extensions.EventLogCollector.dll
C:\Program Files\dotnet\sdk\7.0.306\Extensions\Microsoft.TestPlatform.TestHostRuntimeProvider.dll
C:\Program Files\dotnet\sdk\7.0.306\Extensions\Microsoft.VisualStudio.TestPlatform.Extensions.Html.TestLogger.dll
C:\Program Files\dotnet\sdk\7.0.306\Extensions\Microsoft.VisualStudio.TestPlatform.Extensions.Trx.TestLogger.dll
TpTrace Verbose: 0 : 2420, 5, 2023/10/28, 18:42:47.100, 3629732602509, vstest.console.dll, TestPluginCache.GetExtensionPaths: Added unfilterableExtensionPaths: 
TpTrace Verbose: 0 : 2420, 5, 2023/10/28, 18:42:47.107, 3629732671513, vstest.console.dll, TestRequestSender.InitializeExecution: Sending initialize execution with message: {"Version":7,"MessageType":"TestExecution.Initialize","Payload":["C:\\Users\\Hrvoje\\Source\\Repos\\WattsUp\\ControllerUnitTests\\bin\\Debug\\net7.0\\fine-code-coverage\\build-output\\Microsoft.VisualStudio.TestPlatform.MSTest.TestAdapter.dll"]}
TpTrace Verbose: 0 : 2420, 5, 2023/10/28, 18:42:47.107, 3629732675952, vstest.console.dll, ParallelProxyExecutionManager: Execution started. Started clients: 1
TpTrace Verbose: 0 : 2420, 5, 2023/10/28, 18:42:47.108, 3629732682220, vstest.console.dll, TestRunRequest:SendTestRunMessage: Starting.
TpTrace Verbose: 0 : 2420, 4, 2023/10/28, 18:42:47.108, 3629732685505, vstest.console.dll, MulticastDelegateUtilities.SafeInvoke: InternalTestLoggerEvents.SendTestRunMessage: Invoking callback 1/1 for Microsoft.VisualStudio.TestPlatform.CommandLine.Internal.ConsoleLogger., took 0 ms.
TpTrace Verbose: 0 : 2420, 5, 2023/10/28, 18:42:47.109, 3629732688041, vstest.console.dll, MulticastDelegateUtilities.SafeInvoke: TestRun.LogMessages: Invoking callback 1/1 for Microsoft.VisualStudio.TestPlatform.CommandLine.TestRunResultAggregator., took 0 ms.
TpTrace Information: 0 : 2420, 5, 2023/10/28, 18:42:47.109, 3629732689009, vstest.console.dll, TestRunRequest:SendTestRunMessage: Completed.
TpTrace Warning: 0 : 2420, 5, 2023/10/28, 18:42:47.109, 3629732695760, vstest.console.dll, InferRunSettingsHelper.MakeRunsettingsCompatible: Removing the following settings: TargetPlatform from RunSettings file. To use those settings please move to latest version of Microsoft.NET.Test.Sdk
TpTrace Verbose: 0 : 2420, 11, 2023/10/28, 18:42:47.110, 3629732699920, vstest.console.dll, TcpClientExtensions.MessageLoopAsync: NotifyDataAvailable remoteEndPoint: 127.0.0.1:60059 localEndPoint: 127.0.0.1:60058
TpTrace Verbose: 0 : 2420, 11, 2023/10/28, 18:42:47.110, 3629732701228, vstest.console.dll, LengthPrefixCommunicationChannel.NotifyDataAvailable: New data are waiting to be received, but there is no subscriber to be notified. Not reading them from the stream.
TpTrace Verbose: 0 : 2420, 11, 2023/10/28, 18:42:47.110, 3629732701959, vstest.console.dll, TcpClientExtensions.MessageLoopAsync: Polling on remoteEndPoint: 127.0.0.1:60059 localEndPoint: 127.0.0.1:60058
TpTrace Verbose: 0 : 2420, 11, 2023/10/28, 18:42:47.110, 3629732702709, vstest.console.dll, TcpClientExtensions.MessageLoopAsync: NotifyDataAvailable remoteEndPoint: 127.0.0.1:60059 localEndPoint: 127.0.0.1:60058
TpTrace Verbose: 0 : 2420, 11, 2023/10/28, 18:42:47.110, 3629732703272, vstest.console.dll, LengthPrefixCommunicationChannel.NotifyDataAvailable: New data are waiting to be received, but there is no subscriber to be notified. Not reading them from the stream.
TpTrace Verbose: 0 : 2420, 11, 2023/10/28, 18:42:47.110, 3629732703930, vstest.console.dll, TcpClientExtensions.MessageLoopAsync: Polling on remoteEndPoint: 127.0.0.1:60059 localEndPoint: 127.0.0.1:60058
TpTrace Verbose: 0 : 2420, 11, 2023/10/28, 18:42:47.110, 3629732704642, vstest.console.dll, TcpClientExtensions.MessageLoopAsync: NotifyDataAvailable remoteEndPoint: 127.0.0.1:60059 localEndPoint: 127.0.0.1:60058
TpTrace Verbose: 0 : 2420, 11, 2023/10/28, 18:42:47.111, 3629732708359, vstest.console.dll, TestRequestSender.OnExecutionMessageReceived: Received message: {"Version":7,"MessageType":"TestSession.Message","Payload":{"MessageLevel":0,"Message":"Logging TestHost Diagnostics in file: C:\\Users\\Hrvoje\\Source\\Repos\\WattsUp\\ControllerUnitTests\\bin\\Debug\\net7.0\\fine-code-coverage\\coverage-tool-output\\diagnostics.host.23-10-28_18-42-46_70589_5.log"}}
TpTrace Verbose: 0 : 2420, 11, 2023/10/28, 18:42:47.115, 3629732751366, vstest.console.dll, TestRunRequest:SendTestRunMessage: Starting.
TpTrace Verbose: 0 : 2420, 11, 2023/10/28, 18:42:47.115, 3629732753779, vstest.console.dll, MulticastDelegateUtilities.SafeInvoke: TestRun.LogMessages: Invoking callback 1/1 for Microsoft.VisualStudio.TestPlatform.CommandLine.TestRunResultAggregator., took 0 ms.
TpTrace Verbose: 0 : 2420, 4, 2023/10/28, 18:42:47.115, 3629732754179, vstest.console.dll, MulticastDelegateUtilities.SafeInvoke: InternalTestLoggerEvents.SendTestRunMessage: Invoking callback 1/1 for Microsoft.VisualStudio.TestPlatform.CommandLine.Internal.ConsoleLogger., took 0 ms.
TpTrace Information: 0 : 2420, 11, 2023/10/28, 18:42:47.115, 3629732754414, vstest.console.dll, TestRunRequest:SendTestRunMessage: Completed.
TpTrace Verbose: 0 : 2420, 11, 2023/10/28, 18:42:47.115, 3629732755615, vstest.console.dll, MulticastDelegateUtilities.SafeInvoke: LengthPrefixCommunicationChannel: MessageReceived: Invoking callback 1/1 for Microsoft.VisualStudio.TestPlatform.CommunicationUtilities.TestRequestSender+<>c__DisplayClass34_0., took 5 ms.
TpTrace Verbose: 0 : 2420, 11, 2023/10/28, 18:42:47.115, 3629732756201, vstest.console.dll, TcpClientExtensions.MessageLoopAsync: Polling on remoteEndPoint: 127.0.0.1:60059 localEndPoint: 127.0.0.1:60058
TpTrace Verbose: 0 : 2420, 5, 2023/10/28, 18:42:47.121, 3629732809714, vstest.console.dll, TestRequestSender.StartTestRun: Sending test run with message: {"Version":7,"MessageType":"TestExecution.StartWithSources","Payload":{"AdapterSourceMap":{"_none_":["C:\\Users\\Hrvoje\\Source\\Repos\\WattsUp\\ControllerUnitTests\\bin\\Debug\\net7.0\\fine-code-coverage\\build-output\\ControllerUnitTests.dll"]},"RunSettings":"<RunSettings>\r\n  <RunConfiguration>\r\n    <ResultsDirectory>C:\\Users\\Hrvoje\\Source\\Repos\\WattsUp\\ControllerUnitTests\\bin\\Debug\\net7.0\\fine-code-coverage\\coverage-tool-output</ResultsDirectory>\r\n    <TargetFrameworkVersion>.NETCoreApp,Version=v7.0</TargetFrameworkVersion>\r\n    <DesignMode>False</DesignMode>\r\n    <CollectSourceInformation>False</CollectSourceInformation>\r\n  </RunConfiguration>\r\n  <LoggerRunSettings>\r\n    <Loggers>\r\n      <Logger friendlyName=\"blame\" enabled=\"True\" />\r\n      <Logger friendlyName=\"Console\" uri=\"logger://microsoft/TestPlatform/ConsoleLogger/v1\" assemblyQualifiedName=\"Microsoft.VisualStudio.TestPlatform.CommandLine.Internal.ConsoleLogger, vstest.console, Version=15.0.0.0, Culture=neutral, PublicKeyToken=b03f5f7f11d50a3a\" codeBase=\"C:\\Program Files\\dotnet\\sdk\\7.0.306\\vstest.console.dll\" enabled=\"True\" />\r\n    </Loggers>\r\n  </LoggerRunSettings>\r\n  <DataCollectionRunSettings>\r\n    <DataCollectors>\r\n      <DataCollector friendlyName=\"blame\" enabled=\"True\">\r\n        <Configuration>\r\n          <ResultsDirectory>C:\\Users\\Hrvoje\\Source\\Repos\\WattsUp\\ControllerUnitTests\\bin\\Debug\\net7.0\\fine-code-coverage\\coverage-tool-output</ResultsDirectory>\r\n        </Configuration>\r\n      </DataCollector>\r\n    </DataCollectors>\r\n  </DataCollectionRunSettings>\r\n</RunSettings>","TestExecutionContext":{"FrequencyOfRunStatsChangeEvent":10,"RunStatsChangeEventTimeout":"00:00:01.5000000","InIsolation":false,"KeepAlive":false,"AreTestCaseLevelEventsRequired":false,"IsDebug":false,"TestCaseFilter":null,"FilterOptions":null},"Package":null}}
TpTrace Verbose: 0 : 2420, 11, 2023/10/28, 18:42:48.125, 3629742847062, vstest.console.dll, TcpClientExtensions.MessageLoopAsync: Polling on remoteEndPoint: 127.0.0.1:60059 localEndPoint: 127.0.0.1:60058
TpTrace Verbose: 0 : 2420, 11, 2023/10/28, 18:42:48.769, 3629749288414, vstest.console.dll, TcpClientExtensions.MessageLoopAsync: NotifyDataAvailable remoteEndPoint: 127.0.0.1:60059 localEndPoint: 127.0.0.1:60058
TpTrace Verbose: 0 : 2420, 11, 2023/10/28, 18:42:48.769, 3629749293915, vstest.console.dll, TestRequestSender.OnExecutionMessageReceived: Received message: {"Version":7,"MessageType":"TestExecution.Completed","Payload":{"TestRunCompleteArgs":{"TestRunStatistics":{"ExecutedTests":6,"Stats":{"Passed":6}},"IsCanceled":false,"IsAborted":false,"Error":null,"AttachmentSets":[],"InvokedDataCollectors":[],"ElapsedTimeInRunningTests":"00:00:01.4477993","Metrics":{},"DiscoveredExtensions":{"TestDiscoverers":["Microsoft.VisualStudio.TestPlatform.MSTest.TestAdapter.MSTestDiscoverer, Microsoft.VisualStudio.TestPlatform.MSTest.TestAdapter, Version=14.0.0.0, Culture=neutral, PublicKeyToken=b03f5f7f11d50a3a"],"TestExecutors":["executor://MSTestAdapter/v2"],"TestExecutors2":[],"TestSettingsProviders":[]}},"LastRunTests":{"NewTestResults":[{"TestCase":{"Id":"746fa308-4b41-99d5-ee8b-b9ddca803bac","FullyQualifiedName":"ControllerUnitTests.ChargerControllerTests.GetChargers_WhenThereAreNoChargers_ShouldReturnEmptyList","DisplayName":"GetChargers_WhenThereAreNoChargers_ShouldReturnEmptyList","ExecutorUri":"executor://MSTestAdapter/v2","Source":"C:\\Users\\Hrvoje\\Source\\Repos\\WattsUp\\ControllerUnitTests\\bin\\Debug\\net7.0\\fine-code-coverage\\build-output\\ControllerUnitTests.dll","CodeFilePath":null,"LineNumber":-1,"Properties":[{"Key":{"Id":"TestCase.ManagedType","Label":"ManagedType","Category":"","Description":"","Attributes":1,"ValueType":"System.String"},"Value":"ControllerUnitTests.ChargerControllerTests"},{"Key":{"Id":"TestCase.ManagedMethod","Label":"ManagedMethod","Category":"","Description":"","Attributes":1,"ValueType":"System.String"},"Value":"GetChargers_WhenThereAreNoChargers_ShouldReturnEmptyList"},{"Key":{"Id":"MSTestDiscoverer.TestClassName","Label":"ClassName","Category":"","Description":"","Attributes":1,"ValueType":"System.String"},"Value":"ControllerUnitTests.ChargerControllerTests"},{"Key":{"Id":"TestCase.Hierarchy","Label":"Hierarchy","Category":"","Description":"","Attributes":2,"ValueType":"System.String[]"},"Value":["ControllerUnitTests","ChargerControllerTests"]},{"Key":{"Id":"TestObject.Traits","Label":"Traits","Category":"","Description":"","Attributes":5,"ValueType":"System.Collections.Generic.KeyValuePair`2[[System.String],[System.String]][]"},"Value":[]}]},"Attachments":[],"Outcome":1,"ErrorMessage":null,"ErrorStackTrace":null,"DisplayName":"GetChargers_WhenThereAreNoChargers_ShouldReturnEmptyList","Messages":[],"ComputerName":null,"Duration":"00:00:00.9039998","StartTime":"2023-10-28T18:42:47.4637248+02:00","EndTime":"2023-10-28T18:42:48.380248+02:00","Properties":[{"Key":{"Id":"ExecutionId","Label":"ExecutionId","Category":"","Description":"","Attributes":1,"ValueType":"System.Guid"},"Value":"00000000-0000-0000-0000-000000000000"},{"Key":{"Id":"ParentExecId","Label":"ParentExecId","Category":"","Description":"","Attributes":1,"ValueType":"System.Guid"},"Value":"00000000-0000-0000-0000-000000000000"},{"Key":{"Id":"InnerResultsCount","Label":"InnerResultsCount","Category":"","Description":"","Attributes":1,"ValueType":"System.Int32"},"Value":0}]},{"TestCase":{"Id":"f15b13bd-1e0a-75eb-fe10-36fee345453c","FullyQualifiedName":"ControllerUnitTests.ChargerControllerTests.GetChargers_WhenThereAreChargers_ShouldReturnAllChargers","DisplayName":"GetChargers_WhenThereAreChargers_ShouldReturnAllChargers","ExecutorUri":"executor://MSTestAdapter/v2","Source":"C:\\Users\\Hrvoje\\Source\\Repos\\WattsUp\\ControllerUnitTests\\bin\\Debug\\net7.0\\fine-code-coverage\\build-output\\ControllerUnitTests.dll","CodeFilePath":null,"LineNumber":-1,"Properties":[{"Key":{"Id":"TestCase.ManagedType","Label":"ManagedType","Category":"","Description":"","Attributes":1,"ValueType":"System.String"},"Value":"ControllerUnitTests.ChargerControllerTests"},{"Key":{"Id":"TestCase.ManagedMethod","Label":"ManagedMethod","Category":"","Description":"","Attributes":1,"ValueType":"System.String"},"Value":"GetChargers_WhenThereAreChargers_ShouldReturnAllChargers"},{"Key":{"Id":"MSTestDiscoverer.TestClassName","Label":"ClassName","Category":"","Description":"","Attributes":1,"ValueType":"System.String"},"Value":"ControllerUnitTests.ChargerControllerTests"},{"Key":{"Id":"TestCase.Hierarchy","Label":"Hierarchy","Category":"","Description":"","Attributes":2,"ValueType":"System.String[]"},"Value":["ControllerUnitTests","ChargerControllerTests"]},{"Key":{"Id":"TestObject.Traits","Label":"Traits","Category":"","Description":"","Attributes":5,"ValueType":"System.Collections.Generic.KeyValuePair`2[[System.String],[System.String]][]"},"Value":[]}]},"Attachments":[],"Outcome":1,"ErrorMessage":null,"ErrorStackTrace":null,"DisplayName":"GetChargers_WhenThereAreChargers_ShouldReturnAllChargers","Messages":[],"ComputerName":null,"Duration":"00:00:00.1804008","StartTime":"2023-10-28T18:42:48.4163117+02:00","EndTime":"2023-10-28T18:42:48.5973705+02:00","Properties":[{"Key":{"Id":"ExecutionId","Label":"ExecutionId","Category":"","Description":"","Attributes":1,"ValueType":"System.Guid"},"Value":"00000000-0000-0000-0000-000000000000"},{"Key":{"Id":"ParentExecId","Label":"ParentExecId","Category":"","Description":"","Attributes":1,"ValueType":"System.Guid"},"Value":"00000000-0000-0000-0000-000000000000"},{"Key":{"Id":"InnerResultsCount","Label":"InnerResultsCount","Category":"","Description":"","Attributes":1,"ValueType":"System.Int32"},"Value":0}]},{"TestCase":{"Id":"6d7eed63-3405-a178-fd94-43896c82bdc9","FullyQualifiedName":"ControllerUnitTests.ChargerControllerTests.GetChargerByID_WhenThereIsNoChargerWithGivenID_ShouldReturnError404","DisplayName":"GetChargerByID_WhenThereIsNoChargerWithGivenID_ShouldReturnError404","ExecutorUri":"executor://MSTestAdapter/v2","Source":"C:\\Users\\Hrvoje\\Source\\Repos\\WattsUp\\ControllerUnitTests\\bin\\Debug\\net7.0\\fine-code-coverage\\build-output\\ControllerUnitTests.dll","CodeFilePath":null,"LineNumber":-1,"Properties":[{"Key":{"Id":"TestCase.ManagedType","Label":"ManagedType","Category":"","Description":"","Attributes":1,"ValueType":"System.String"},"Value":"ControllerUnitTests.ChargerControllerTests"},{"Key":{"Id":"TestCase.ManagedMethod","Label":"ManagedMethod","Category":"","Description":"","Attributes":1,"ValueType":"System.String"},"Value":"GetChargerByID_WhenThereIsNoChargerWithGivenID_ShouldReturnError404"},{"Key":{"Id":"MSTestDiscoverer.TestClassName","Label":"ClassName","Category":"","Description":"","Attributes":1,"ValueType":"System.String"},"Value":"ControllerUnitTests.ChargerControllerTests"},{"Key":{"Id":"TestCase.Hierarchy","Label":"Hierarchy","Category":"","Description":"","Attributes":2,"ValueType":"System.String[]"},"Value":["ControllerUnitTests","ChargerControllerTests"]},{"Key":{"Id":"TestObject.Traits","Label":"Traits","Category":"","Description":"","Attributes":5,"ValueType":"System.Collections.Generic.KeyValuePair`2[[System.String],[System.String]][]"},"Value":[]}]},"Attachments":[],"Outcome":1,"ErrorMessage":null,"ErrorStackTrace":null,"DisplayName":"GetChargerByID_WhenThereIsNoChargerWithGivenID_ShouldReturnError404","Messages":[],"ComputerName":null,"Duration":"00:00:00.0511234","StartTime":"2023-10-28T18:42:48.6044742+02:00","EndTime":"2023-10-28T18:42:48.6560152+02:00","Properties":[{"Key":{"Id":"ExecutionId","Label":"ExecutionId","Category":"","Description":"","Attributes":1,"ValueType":"System.Guid"},"Value":"00000000-0000-0000-0000-000000000000"},{"Key":{"Id":"ParentExecId","Label":"ParentExecId","Category":"","Description":"","Attributes":1,"ValueType":"System.Guid"},"Value":"00000000-0000-0000-0000-000000000000"},{"Key":{"Id":"InnerResultsCount","Label":"InnerResultsCount","Category":"","Description":"","Attributes":1,"ValueType":"System.Int32"},"Value":0}]},{"TestCase":{"Id":"67069d0a-815e-1a18-ed74-29d239c82977","FullyQualifiedName":"ControllerUnitTests.ChargerControllerTests.GetChargerByID_WhenThereIsChargerWithGivenID_ShouldReturnThatCharger","DisplayName":"GetChargerByID_WhenThereIsChargerWithGivenID_ShouldReturnThatCharger","ExecutorUri":"executor://MSTestAdapter/v2","Source":"C:\\Users\\Hrvoje\\Source\\Repos\\WattsUp\\ControllerUnitTests\\bin\\Debug\\net7.0\\fine-code-coverage\\build-output\\ControllerUnitTests.dll","CodeFilePath":null,"LineNumber":-1,"Properties":[{"Key":{"Id":"TestCase.ManagedType","Label":"ManagedType","Category":"","Description":"","Attributes":1,"ValueType":"System.String"},"Value":"ControllerUnitTests.ChargerControllerTests"},{"Key":{"Id":"TestCase.ManagedMethod","Label":"ManagedMethod","Category":"","Description":"","Attributes":1,"ValueType":"System.String"},"Value":"GetChargerByID_WhenThereIsChargerWithGivenID_ShouldReturnThatCharger"},{"Key":{"Id":"MSTestDiscoverer.TestClassName","Label":"ClassName","Category":"","Description":"","Attributes":1,"ValueType":"System.String"},"Value":"ControllerUnitTests.ChargerControllerTests"},{"Key":{"Id":"TestCase.Hierarchy","Label":"Hierarchy","Category":"","Description":"","Attributes":2,"ValueType":"System.String[]"},"Value":["ControllerUnitTests","ChargerControllerTests"]},{"Key":{"Id":"TestObject.Traits","Label":"Traits","Category":"","Description":"","Attributes":5,"ValueType":"System.Collections.Generic.KeyValuePair`2[[System.String],[System.String]][]"},"Value":[]}]},"Attachments":[],"Outcome":1,"ErrorMessage":null,"ErrorStackTrace":null,"DisplayName":"GetChargerByID_WhenThereIsChargerWithGivenID_ShouldReturnThatCharger","Messages":[],"ComputerName":null,"Duration":"00:00:00.0062264","StartTime":"2023-10-28T18:42:48.6599672+02:00","EndTime":"2023-10-28T18:42:48.6665963+02:00","Properties":[{"Key":{"Id":"ExecutionId","Label":"ExecutionId","Category":"","Description":"","Attributes":1,"ValueType":"System.Guid"},"Value":"00000000-0000-0000-0000-000000000000"},{"Key":{"Id":"ParentExecId","Label":"ParentExecId","Category":"","Description":"","Attributes":1,"ValueType":"System.Guid"},"Value":"00000000-0000-0000-0000-000000000000"},{"Key":{"Id":"InnerResultsCount","Label":"InnerResultsCount","Category":"","Description":"","Attributes":1,"ValueType":"System.Int32"},"Value":0}]},{"TestCase":{"Id":"093216be-76b2-119a-077c-12f6a1206a30","FullyQualifiedName":"ControllerUnitTests.ChargerControllerTests.GetChargersByState_Active_WhenThereAreActiveChargers_ShouldReturnActiveChargers","DisplayName":"GetChargersByState_Active_WhenThereAreActiveChargers_ShouldReturnActiveChargers","ExecutorUri":"executor://MSTestAdapter/v2","Source":"C:\\Users\\Hrvoje\\Source\\Repos\\WattsUp\\ControllerUnitTests\\bin\\Debug\\net7.0\\fine-code-coverage\\build-output\\ControllerUnitTests.dll","CodeFilePath":null,"LineNumber":-1,"Properties":[{"Key":{"Id":"TestCase.ManagedType","Label":"ManagedType","Category":"","Description":"","Attributes":1,"ValueType":"System.String"},"Value":"ControllerUnitTests.ChargerControllerTests"},{"Key":{"Id":"TestCase.ManagedMethod","Label":"ManagedMethod","Category":"","Description":"","Attributes":1,"ValueType":"System.String"},"Value":"GetChargersByState_Active_WhenThereAreActiveChargers_ShouldReturnActiveChargers"},{"Key":{"Id":"MSTestDiscoverer.TestClassName","Label":"ClassName","Category":"","Description":"","Attributes":1,"ValueType":"System.String"},"Value":"ControllerUnitTests.ChargerControllerTests"},{"Key":{"Id":"TestCase.Hierarchy","Label":"Hierarchy","Category":"","Description":"","Attributes":2,"ValueType":"System.String[]"},"Value":["ControllerUnitTests","ChargerControllerTests"]},{"Key":{"Id":"TestObject.Traits","Label":"Traits","Category":"","Description":"","Attributes":5,"ValueType":"System.Collections.Generic.KeyValuePair`2[[System.String],[System.String]][]"},"Value":[]}]},"Attachments":[],"Outcome":1,"ErrorMessage":null,"ErrorStackTrace":null,"DisplayName":"GetChargersByState_Active_WhenThereAreActiveChargers_ShouldReturnActiveChargers","Messages":[],"ComputerName":null,"Duration":"00:00:00.0304326","StartTime":"2023-10-28T18:42:48.6703989+02:00","EndTime":"2023-10-28T18:42:48.7012413+02:00","Properties":[{"Key":{"Id":"ExecutionId","Label":"ExecutionId","Category":"","Description":"","Attributes":1,"ValueType":"System.Guid"},"Value":"00000000-0000-0000-0000-000000000000"},{"Key":{"Id":"ParentExecId","Label":"ParentExecId","Category":"","Description":"","Attributes":1,"ValueType":"System.Guid"},"Value":"00000000-0000-0000-0000-000000000000"},{"Key":{"Id":"InnerResultsCount","Label":"InnerResultsCount","Category":"","Description":"","Attributes":1,"ValueType":"System.Int32"},"Value":0}]},{"TestCase":{"Id":"1d859e52-e1a0-e238-1602-9dbe494eb722","FullyQualifiedName":"ControllerUnitTests.ChargerControllerTests.GetChargersByState_NotActive_WhenThereAreNonActiveChargers_ShouldReturnNonActiveChargers","DisplayName":"GetChargersByState_NotActive_WhenThereAreNonActiveChargers_ShouldReturnNonActiveChargers","ExecutorUri":"executor://MSTestAdapter/v2","Source":"C:\\Users\\Hrvoje\\Source\\Repos\\WattsUp\\ControllerUnitTests\\bin\\Debug\\net7.0\\fine-code-coverage\\build-output\\ControllerUnitTests.dll","CodeFilePath":null,"LineNumber":-1,"Properties":[{"Key":{"Id":"TestCase.ManagedType","Label":"ManagedType","Category":"","Description":"","Attributes":1,"ValueType":"System.String"},"Value":"ControllerUnitTests.ChargerControllerTests"},{"Key":{"Id":"TestCase.ManagedMethod","Label":"ManagedMethod","Category":"","Description":"","Attributes":1,"ValueType":"System.String"},"Value":"GetChargersByState_NotActive_WhenThereAreNonActiveChargers_ShouldReturnNonActiveChargers"},{"Key":{"Id":"MSTestDiscoverer.TestClassName","Label":"ClassName","Category":"","Description":"","Attributes":1,"ValueType":"System.String"},"Value":"ControllerUnitTests.ChargerControllerTests"},{"Key":{"Id":"TestCase.Hierarchy","Label":"Hierarchy","Category":"","Description":"","Attributes":2,"ValueType":"System.String[]"},"Value":["ControllerUnitTests","ChargerControllerTests"]},{"Key":{"Id":"TestObject.Traits","Label":"Traits","Category":"","Description":"","Attributes":5,"ValueType":"System.Collections.Generic.KeyValuePair`2[[System.String],[System.String]][]"},"Value":[]}]},"Attachments":[],"Outcome":1,"ErrorMessage":null,"ErrorStackTrace":null,"DisplayName":"GetChargersByState_NotActive_WhenThereAreNonActiveChargers_ShouldReturnNonActiveChargers","Messages":[],"ComputerName":null,"Duration":"00:00:00.0041407","StartTime":"2023-10-28T18:42:48.7049134+02:00","EndTime":"2023-10-28T18:42:48.7096407+02:00","Properties":[{"Key":{"Id":"ExecutionId","Label":"ExecutionId","Category":"","Description":"","Attributes":1,"ValueType":"System.Guid"},"Value":"00000000-0000-0000-0000-000000000000"},{"Key":{"Id":"ParentExecId","Label":"ParentExecId","Category":"","Description":"","Attributes":1,"ValueType":"System.Guid"},"Value":"00000000-0000-0000-0000-000000000000"},{"Key":{"Id":"InnerResultsCount","Label":"InnerResultsCount","Category":"","Description":"","Attributes":1,"ValueType":"System.Int32"},"Value":0}]}],"TestRunStatistics":{"ExecutedTests":6,"Stats":{"Passed":6}},"ActiveTests":[]},"RunAttachments":[],"ExecutorUris":["executor://mstestadapter/v2"]}}
TpTrace Verbose: 0 : 2420, 11, 2023/10/28, 18:42:48.770, 3629749299213, vstest.console.dll, TestRequestSender.EndSession: Sending end session.
TpTrace Verbose: 0 : 2420, 11, 2023/10/28, 18:42:48.770, 3629749302614, vstest.console.dll, ProxyOperationManager.Close: waiting for test host to exit for 100 ms
TpTrace Warning: 0 : 2420, 7, 2023/10/28, 18:42:48.800, 3629749598915, vstest.console.dll, TestHostManagerCallbacks.ErrorReceivedCallback Test host standard error line: 
TpTrace Verbose: 0 : 2420, 7, 2023/10/28, 18:42:48.810, 3629749703613, vstest.console.dll, TestHostProvider.ExitCallBack: Host exited starting callback.
TpTrace Information: 0 : 2420, 7, 2023/10/28, 18:42:48.811, 3629749708035, vstest.console.dll, TestHostManagerCallbacks.ExitCallBack: Testhost processId: 5780 exited with exitcode: 0 error: ''
TpTrace Verbose: 0 : 2420, 7, 2023/10/28, 18:42:48.811, 3629749709010, vstest.console.dll, DotnetTestHostManager.OnHostExited: invoking OnHostExited callback
TpTrace Verbose: 0 : 2420, 7, 2023/10/28, 18:42:48.811, 3629749709845, vstest.console.dll, CrossPlatEngine.TestHostManagerHostExited: calling on client process exit callback.
TpTrace Information: 0 : 2420, 7, 2023/10/28, 18:42:48.811, 3629749710751, vstest.console.dll, TestRequestSender.OnClientProcessExit: Test host process exited. Standard error: 
TpTrace Information: 0 : 2420, 7, 2023/10/28, 18:42:48.811, 3629749711422, vstest.console.dll, SocketServer.Stop: Stop server endPoint: 127.0.0.1:60058
TpTrace Information: 0 : 2420, 11, 2023/10/28, 18:42:48.811, 3629749711433, vstest.console.dll, SocketServer.Stop: Stop server endPoint: 127.0.0.1:60058
TpTrace Information: 0 : 2420, 7, 2023/10/28, 18:42:48.811, 3629749711888, vstest.console.dll, SocketServer.Stop: Cancellation requested. Stopping message loop.
TpTrace Information: 0 : 2420, 11, 2023/10/28, 18:42:48.811, 3629749712374, vstest.console.dll, SocketServer.Stop: Cancellation requested. Stopping message loop.
TpTrace Information: 0 : 2420, 11, 2023/10/28, 18:42:48.811, 3629749713360, vstest.console.dll, Closing the connection
TpTrace Verbose: 0 : 2420, 7, 2023/10/28, 18:42:48.811, 3629749714063, vstest.console.dll, MulticastDelegateUtilities.SafeInvoke: HostProviderEvents.OnHostExited: Invoking callback 1/1 for Microsoft.VisualStudio.TestPlatform.CrossPlatEngine.Client.ProxyOperationManager., took 0 ms.
TpTrace Verbose: 0 : 2420, 11, 2023/10/28, 18:42:48.812, 3629749716857, vstest.console.dll, ProxyDataCollectionManager.InvokeDataCollectionServiceAction: Starting.
TpTrace Information: 0 : 2420, 11, 2023/10/28, 18:42:48.812, 3629749717397, vstest.console.dll, ProxyDataCollectionManager.AfterTestRunEnd: Get attachment set and invoked data collectors processId: 21344 port: 60055
TpTrace Verbose: 0 : 2420, 11, 2023/10/28, 18:42:48.812, 3629749717914, vstest.console.dll, DataCollectionRequestSender.SendAfterTestRunStartAndGetResult: Send AfterTestRunEnd message with isCancelled: False
TpTrace Verbose: 0 : 2420, 11, 2023/10/28, 18:42:48.820, 3629749798581, vstest.console.dll, DataCollectionRequestSender.SendAfterTestRunStartAndGetResult: Received message: (DataCollection.AfterTestRunEndResult) -> {"MessageType":"DataCollection.AfterTestRunEndResult","Payload":{"AttachmentSets":[],"InvokedDataCollectors":[{"Uri":"datacollector://Microsoft/TestPlatform/Extensions/Blame/v1","FriendlyName":"Blame","AssemblyQualifiedName":"Microsoft.TestPlatform.Extensions.BlameDataCollector.BlameCollector, Microsoft.TestPlatform.Extensions.BlameDataCollector, Version=15.0.0.0, Culture=neutral, PublicKeyToken=b03f5f7f11d50a3a","FilePath":"C:\\Program Files\\dotnet\\sdk\\7.0.306\\Extensions\\Microsoft.TestPlatform.Extensions.BlameDataCollector.dll","HasAttachmentProcessor":false}],"Metrics":{}}}
TpTrace Warning: 0 : 2420, 10, 2023/10/28, 18:42:48.826, 3629749857331, vstest.console.dll, DataCollectionLauncher.ErrorReceivedCallback datacollector standard error line: 
TpTrace Information: 0 : 2420, 11, 2023/10/28, 18:42:48.832, 3629749920903, vstest.console.dll, ProxyDataCollectionManager.InvokeDataCollectionServiceAction: Completed.
TpTrace Information: 0 : 2420, 10, 2023/10/28, 18:42:48.835, 3629749947976, vstest.console.dll, DataCollectionLauncher.ExitCallBack: Data collector exited with exitcode: 0 error: ''
TpTrace Verbose: 0 : 2420, 11, 2023/10/28, 18:42:48.958, 3629751179339, vstest.console.dll, TestRunRequest:SendTestRunStatsChange: Starting.
TpTrace Verbose: 0 : 2420, 11, 2023/10/28, 18:42:48.958, 3629751183182, vstest.console.dll, MulticastDelegateUtilities.SafeInvoke: TestRun.RunStatsChanged: Invoking callbacks was skipped because there are no subscribers.
TpTrace Information: 0 : 2420, 11, 2023/10/28, 18:42:48.958, 3629751183670, vstest.console.dll, TestRunRequest:SendTestRunStatsChange: Completed.
TpTrace Verbose: 0 : 2420, 11, 2023/10/28, 18:42:48.959, 3629751189139, vstest.console.dll, ParallelProxyExecutionManager: HandlePartialRunComplete: Total completed clients = 1, Run complete = True, Run canceled: False.
TpTrace Verbose: 0 : 2420, 4, 2023/10/28, 18:42:48.963, 3629751226611, vstest.console.dll, MulticastDelegateUtilities.SafeInvoke: InternalTestLoggerEvents.SendTestResult: Invoking callback 1/1 for Microsoft.VisualStudio.TestPlatform.CommandLine.Internal.ConsoleLogger., took 4 ms.
TpTrace Verbose: 0 : 2420, 4, 2023/10/28, 18:42:48.963, 3629751232519, vstest.console.dll, MulticastDelegateUtilities.SafeInvoke: InternalTestLoggerEvents.SendTestResult: Invoking callback 1/1 for Microsoft.VisualStudio.TestPlatform.CommandLine.Internal.ConsoleLogger., took 0 ms.
TpTrace Verbose: 0 : 2420, 4, 2023/10/28, 18:42:48.963, 3629751233807, vstest.console.dll, MulticastDelegateUtilities.SafeInvoke: InternalTestLoggerEvents.SendTestResult: Invoking callback 1/1 for Microsoft.VisualStudio.TestPlatform.CommandLine.Internal.ConsoleLogger., took 0 ms.
TpTrace Verbose: 0 : 2420, 4, 2023/10/28, 18:42:48.963, 3629751234562, vstest.console.dll, MulticastDelegateUtilities.SafeInvoke: InternalTestLoggerEvents.SendTestResult: Invoking callback 1/1 for Microsoft.VisualStudio.TestPlatform.CommandLine.Internal.ConsoleLogger., took 0 ms.
TpTrace Verbose: 0 : 2420, 4, 2023/10/28, 18:42:48.963, 3629751235308, vstest.console.dll, MulticastDelegateUtilities.SafeInvoke: InternalTestLoggerEvents.SendTestResult: Invoking callback 1/1 for Microsoft.VisualStudio.TestPlatform.CommandLine.Internal.ConsoleLogger., took 0 ms.
TpTrace Verbose: 0 : 2420, 4, 2023/10/28, 18:42:48.963, 3629751236374, vstest.console.dll, MulticastDelegateUtilities.SafeInvoke: InternalTestLoggerEvents.SendTestResult: Invoking callback 1/1 for Microsoft.VisualStudio.TestPlatform.CommandLine.Internal.ConsoleLogger., took 0 ms.
TpTrace Verbose: 0 : 2420, 4, 2023/10/28, 18:42:48.971, 3629751309891, vstest.console.dll, MulticastDelegateUtilities.SafeInvoke: InternalTestLoggerEvents.SendTestRunComplete: Invoking callback 1/2 for Microsoft.TestPlatform.Extensions.BlameDataCollector.BlameLogger., took 0 ms.
TpTrace Verbose: 0 : 2420, 4, 2023/10/28, 18:42:48.979, 3629751396372, vstest.console.dll, MulticastDelegateUtilities.SafeInvoke: InternalTestLoggerEvents.SendTestRunComplete: Invoking callback 2/2 for Microsoft.VisualStudio.TestPlatform.CommandLine.Internal.ConsoleLogger., took 8 ms.
TpTrace Verbose: 0 : 2420, 11, 2023/10/28, 18:42:48.980, 3629751400543, vstest.console.dll, TestRunRequest:TestRunComplete: Starting. IsAborted:False IsCanceled:False.
TpTrace Verbose: 0 : 2420, 11, 2023/10/28, 18:42:48.981, 3629751415928, vstest.console.dll, TestLoggerManager.HandleTestRunComplete: Ignoring as the object is disposed.
TpTrace Verbose: 0 : 2420, 11, 2023/10/28, 18:42:48.982, 3629751419065, vstest.console.dll, MulticastDelegateUtilities.SafeInvoke: TestRun.TestRunComplete: Invoking callback 1/2 for Microsoft.VisualStudio.TestPlatform.CommandLine.TestRunResultAggregator., took 0 ms.
TpTrace Verbose: 0 : 2420, 11, 2023/10/28, 18:42:48.982, 3629751420520, vstest.console.dll, MulticastDelegateUtilities.SafeInvoke: TestRun.TestRunComplete: Invoking callback 2/2 for Microsoft.VisualStudio.TestPlatform.CommandLine.Processors.RunTestsArgumentExecutor+TestRunRequestEventsRegistrar., took 0 ms.
TpTrace Information: 0 : 2420, 11, 2023/10/28, 18:42:48.982, 3629751421564, vstest.console.dll, TestRunRequest:TestRunComplete: Completed.
TpTrace Verbose: 0 : 2420, 11, 2023/10/28, 18:42:48.982, 3629751421994, vstest.console.dll, TestRequestSender.SetOperationComplete: Setting operation complete.
TpTrace Verbose: 0 : 2420, 1, 2023/10/28, 18:42:48.982, 3629751422218, vstest.console.dll, TestRunRequest.Dispose: Starting.
TpTrace Information: 0 : 2420, 11, 2023/10/28, 18:42:48.982, 3629751422707, vstest.console.dll, SocketServer.Stop: Stop server endPoint: 127.0.0.1:60058
TpTrace Information: 0 : 2420, 11, 2023/10/28, 18:42:48.982, 3629751423193, vstest.console.dll, SocketServer.Stop: Cancellation requested. Stopping message loop.
TpTrace Information: 0 : 2420, 1, 2023/10/28, 18:42:48.982, 3629751423004, vstest.console.dll, TestRunRequest.Dispose: Completed.
TpTrace Verbose: 0 : 2420, 11, 2023/10/28, 18:42:48.982, 3629751423539, vstest.console.dll, MulticastDelegateUtilities.SafeInvoke: LengthPrefixCommunicationChannel: MessageReceived: Invoking callback 1/1 for Microsoft.VisualStudio.TestPlatform.CommunicationUtilities.TestRequestSender+<>c__DisplayClass34_0., took 213 ms.
TpTrace Information: 0 : 2420, 1, 2023/10/28, 18:42:48.982, 3629751424066, vstest.console.dll, TestRequestManager.RunTests: run tests completed.
TpTrace Information: 0 : 2420, 11, 2023/10/28, 18:42:48.982, 3629751424404, vstest.console.dll, SocketServer.PrivateStop: Stopping server endPoint: 127.0.0.1:60058 error: 
TpTrace Information: 0 : 2420, 1, 2023/10/28, 18:42:48.982, 3629751425421, vstest.console.dll, RunTestsArgumentProcessor:Execute: Test run is completed.
TpTrace Verbose: 0 : 2420, 1, 2023/10/28, 18:42:48.983, 3629751427846, vstest.console.dll, Executor.Execute: Exiting with exit code of 0
TpTrace Verbose: 0 : 2420, 11, 2023/10/28, 18:42:48.983, 3629751428838, vstest.console.dll, LengthPrefixCommunicationChannel.Dispose: Dispose reader and writer.
TpTrace Information: 0 : 2420, 11, 2023/10/28, 18:42:48.983, 3629751429519, vstest.console.dll, SocketServer.Stop: Raise disconnected event endPoint: 127.0.0.1:60058 error: 
TpTrace Verbose: 0 : 2420, 11, 2023/10/28, 18:42:48.983, 3629751430612, vstest.console.dll, TestRequestSender: OnTestRunAbort: Operation is already complete. Skip error message.
TpTrace Verbose: 0 : 2420, 11, 2023/10/28, 18:42:48.983, 3629751431029, vstest.console.dll, MulticastDelegateUtilities.SafeInvoke: SocketServer: ClientDisconnected: Invoking callback 1/1 for Microsoft.VisualStudio.TestPlatform.CommunicationUtilities.TestRequestSender., took 0 ms.
TpTrace Verbose: 0 : 2420, 11, 2023/10/28, 18:42:48.983, 3629751431358, vstest.console.dll, TcpClientExtensions.MessageLoopAsync: exiting MessageLoopAsync remoteEndPoint: 127.0.0.1:60059 localEndPoint: 127.0.0.1:60058
