TpTrace Verbose: 0 : 24592, 1, 2023/10/28, 19:06:23.515, 3643896752425, testhost.dll, Version: 17.5.0 Current process architecture: X64
TpTrace Verbose: 0 : 24592, 1, 2023/10/28, 19:06:23.519, 3643896788772, testhost.dll, Runtime location: C:\Program Files\dotnet\shared\Microsoft.NETCore.App\7.0.9
TpTrace Information: 0 : 24592, 1, 2023/10/28, 19:06:23.522, 3643896824243, testhost.dll, DefaultEngineInvoker.Invoke: Testhost process started with args :[--port, 60201],[--endpoint, 127.0.0.1:060201],[--role, client],[--parentprocessid, 21208],[--diag, C:\Users\Hrvoje\Source\Repos\WattsUp\ControllerUnitTests\bin\Debug\net7.0\fine-code-coverage\coverage-tool-output\diagnostics.host.23-10-28_19-06-23_29708_5.log],[--tracelevel, 4],[--datacollectionport, 60200],[--telemetryoptedin, false]
TpTrace Information: 0 : 24592, 1, 2023/10/28, 19:06:23.524, 3643896837678, testhost.dll, Setting up debug trace listener.
TpTrace Verbose: 0 : 24592, 1, 2023/10/28, 19:06:23.524, 3643896841138, testhost.dll, TestPlatformTraceListener.Setup: Replacing listener System.Diagnostics.DefaultTraceListener with TestHostTraceListener.
TpTrace Verbose: 0 : 24592, 1, 2023/10/28, 19:06:23.524, 3643896843946, testhost.dll, TestPlatformTraceListener.Setup: Added test platform trace listener.
TpTrace Information: 0 : 24592, 1, 2023/10/28, 19:06:23.525, 3643896851509, testhost.dll, DefaultEngineInvoker.SetParentProcessExitCallback: Monitoring parent process with id: '21208'
TpTrace Information: 0 : 24592, 1, 2023/10/28, 19:06:23.531, 3643896910475, testhost.dll, DefaultEngineInvoker.GetConnectionInfo: Initialize communication on endpoint address: '127.0.0.1:060201'
TpTrace Information: 0 : 24592, 1, 2023/10/28, 19:06:23.542, 3643897022433, testhost.dll, SocketClient.Start: connecting to server endpoint: 127.0.0.1:060201
TpTrace Information: 0 : 24592, 1, 2023/10/28, 19:06:23.551, 3643897116558, testhost.dll, DefaultEngineInvoker.ConnectToDatacollector: Connecting to datacollector, port: 60200
TpTrace Information: 0 : 24592, 9, 2023/10/28, 19:06:23.553, 3643897127371, testhost.dll, SocketClient.OnServerConnected: connected to server endpoint: 127.0.0.1:060201
TpTrace Information: 0 : 24592, 1, 2023/10/28, 19:06:23.553, 3643897132295, testhost.dll, Trying to connect to server on socket : 127.0.0.1:60200 
TpTrace Verbose: 0 : 24592, 1, 2023/10/28, 19:06:23.554, 3643897138863, testhost.dll, SocketCommunicationManager : SetupClientAsync : Attempting to connect to the server.
TpTrace Verbose: 0 : 24592, 9, 2023/10/28, 19:06:23.556, 3643897162272, testhost.dll, MulticastDelegateUtilities.SafeInvoke: SocketClient: ServerConnected: Invoking callback 1/1 for Microsoft.VisualStudio.TestPlatform.CommunicationUtilities.TestRequestHandler., took 0 ms.
TpTrace Information: 0 : 24592, 10, 2023/10/28, 19:06:23.556, 3643897163733, testhost.dll, Connected to the server successfully 
TpTrace Verbose: 0 : 24592, 9, 2023/10/28, 19:06:23.556, 3643897163859, testhost.dll, Connected to server, and starting MessageLoopAsync
TpTrace Information: 0 : 24592, 10, 2023/10/28, 19:06:23.556, 3643897164780, testhost.dll, Using the buffer size of 16384 bytes
TpTrace Verbose: 0 : 24592, 1, 2023/10/28, 19:06:23.557, 3643897166751, testhost.dll, SocketCommunicationManager.WaitForServerConnection took: 0 ms, with 90000 ms timeout, and finished with True.
TpTrace Information: 0 : 24592, 1, 2023/10/28, 19:06:23.557, 3643897168332, testhost.dll, DefaultEngineInvoker.Invoke: Start Request Processing.
TpTrace Information: 0 : 24592, 12, 2023/10/28, 19:06:23.558, 3643897180443, testhost.dll, DefaultEngineInvoker.StartProcessingAsync: Connected to vstest.console, Starting process requests.
TpTrace Verbose: 0 : 24592, 10, 2023/10/28, 19:06:23.558, 3643897184797, testhost.dll, TcpClientExtensions.MessageLoopAsync: Polling on remoteEndPoint: [::ffff:127.0.0.1]:60201 localEndPoint: [::ffff:127.0.0.1]:60202
TpTrace Verbose: 0 : 24592, 10, 2023/10/28, 19:06:23.558, 3643897186213, testhost.dll, TcpClientExtensions.MessageLoopAsync: NotifyDataAvailable remoteEndPoint: [::ffff:127.0.0.1]:60201 localEndPoint: [::ffff:127.0.0.1]:60202
TpTrace Information: 0 : 24592, 10, 2023/10/28, 19:06:23.563, 3643897232737, testhost.dll, TestRequestHandler.OnMessageReceived: received message: (ProtocolVersion) -> {"MessageType":"ProtocolVersion","Payload":7}
TpTrace Verbose: 0 : 24592, 10, 2023/10/28, 19:06:23.724, 3643898845424, testhost.dll, TestRequestHandler.SendData: sending data from testhost: {"Version":7,"MessageType":"TestSession.Message","Payload":{"MessageLevel":0,"Message":"Logging TestHost Diagnostics in file: C:\\Users\\Hrvoje\\Source\\Repos\\WattsUp\\ControllerUnitTests\\bin\\Debug\\net7.0\\fine-code-coverage\\coverage-tool-output\\diagnostics.host.23-10-28_19-06-23_29708_5.log"}}
TpTrace Verbose: 0 : 24592, 10, 2023/10/28, 19:06:23.725, 3643898847472, testhost.dll, MulticastDelegateUtilities.SafeInvoke: LengthPrefixCommunicationChannel: MessageReceived: Invoking callback 1/1 for Microsoft.VisualStudio.TestPlatform.CommunicationUtilities.TestRequestHandler., took 164 ms.
TpTrace Verbose: 0 : 24592, 10, 2023/10/28, 19:06:23.725, 3643898847933, testhost.dll, TcpClientExtensions.MessageLoopAsync: Polling on remoteEndPoint: [::ffff:127.0.0.1]:60201 localEndPoint: [::ffff:127.0.0.1]:60202
TpTrace Verbose: 0 : 24592, 10, 2023/10/28, 19:06:23.725, 3643898848334, testhost.dll, TcpClientExtensions.MessageLoopAsync: NotifyDataAvailable remoteEndPoint: [::ffff:127.0.0.1]:60201 localEndPoint: [::ffff:127.0.0.1]:60202
TpTrace Information: 0 : 24592, 10, 2023/10/28, 19:06:23.725, 3643898852780, testhost.dll, TestRequestHandler.OnMessageReceived: received message: (TestExecution.Initialize) -> {"Version":7,"MessageType":"TestExecution.Initialize","Payload":["C:\\Users\\Hrvoje\\Source\\Repos\\WattsUp\\ControllerUnitTests\\bin\\Debug\\net7.0\\fine-code-coverage\\build-output\\Microsoft.VisualStudio.TestPlatform.MSTest.TestAdapter.dll"]}
TpTrace Verbose: 0 : 24592, 10, 2023/10/28, 19:06:23.736, 3643898959092, testhost.dll, MulticastDelegateUtilities.SafeInvoke: LengthPrefixCommunicationChannel: MessageReceived: Invoking callback 1/1 for Microsoft.VisualStudio.TestPlatform.CommunicationUtilities.TestRequestHandler., took 10 ms.
TpTrace Verbose: 0 : 24592, 10, 2023/10/28, 19:06:23.736, 3643898960320, testhost.dll, TcpClientExtensions.MessageLoopAsync: Polling on remoteEndPoint: [::ffff:127.0.0.1]:60201 localEndPoint: [::ffff:127.0.0.1]:60202
TpTrace Information: 0 : 24592, 4, 2023/10/28, 19:06:23.737, 3643898966783, testhost.dll, TestRequestHandler.OnMessageReceived: Running job 'TestExecution.Initialize'.
TpTrace Verbose: 0 : 24592, 4, 2023/10/28, 19:06:23.740, 3643899000228, testhost.dll, TestExecutorService: Loading the extensions
TpTrace Verbose: 0 : 24592, 10, 2023/10/28, 19:06:23.741, 3643899013461, testhost.dll, TcpClientExtensions.MessageLoopAsync: NotifyDataAvailable remoteEndPoint: [::ffff:127.0.0.1]:60201 localEndPoint: [::ffff:127.0.0.1]:60202
TpTrace Information: 0 : 24592, 10, 2023/10/28, 19:06:23.741, 3643899016082, testhost.dll, TestRequestHandler.OnMessageReceived: received message: (TestExecution.StartWithSources) -> {"Version":7,"MessageType":"TestExecution.StartWithSources","Payload":{"AdapterSourceMap":{"_none_":["C:\\Users\\Hrvoje\\Source\\Repos\\WattsUp\\ControllerUnitTests\\bin\\Debug\\net7.0\\fine-code-coverage\\build-output\\ControllerUnitTests.dll"]},"RunSettings":"<RunSettings>\r\n  <RunConfiguration>\r\n    <ResultsDirectory>C:\\Users\\Hrvoje\\Source\\Repos\\WattsUp\\ControllerUnitTests\\bin\\Debug\\net7.0\\fine-code-coverage\\coverage-tool-output</ResultsDirectory>\r\n    <TargetFrameworkVersion>.NETCoreApp,Version=v7.0</TargetFrameworkVersion>\r\n    <DesignMode>False</DesignMode>\r\n    <CollectSourceInformation>False</CollectSourceInformation>\r\n  </RunConfiguration>\r\n  <LoggerRunSettings>\r\n    <Loggers>\r\n      <Logger friendlyName=\"blame\" enabled=\"True\" />\r\n      <Logger friendlyName=\"Console\" uri=\"logger://microsoft/TestPlatform/ConsoleLogger/v1\" assemblyQualifiedName=\"Microsoft.VisualStudio.TestPlatform.CommandLine.Internal.ConsoleLogger, vstest.console, Version=15.0.0.0, Culture=neutral, PublicKeyToken=b03f5f7f11d50a3a\" codeBase=\"C:\\Program Files\\dotnet\\sdk\\7.0.306\\vstest.console.dll\" enabled=\"True\" />\r\n    </Loggers>\r\n  </LoggerRunSettings>\r\n  <DataCollectionRunSettings>\r\n    <DataCollectors>\r\n      <DataCollector friendlyName=\"blame\" enabled=\"True\">\r\n        <Configuration>\r\n          <ResultsDirectory>C:\\Users\\Hrvoje\\Source\\Repos\\WattsUp\\ControllerUnitTests\\bin\\Debug\\net7.0\\fine-code-coverage\\coverage-tool-output</ResultsDirectory>\r\n        </Configuration>\r\n      </DataCollector>\r\n    </DataCollectors>\r\n  </DataCollectionRunSettings>\r\n</RunSettings>","TestExecutionContext":{"FrequencyOfRunStatsChangeEvent":10,"RunStatsChangeEventTimeout":"00:00:01.5000000","InIsolation":false,"KeepAlive":false,"AreTestCaseLevelEventsRequired":false,"IsDebug":false,"TestCaseFilter":null,"FilterOptions":null},"Package":null}}
TpTrace Verbose: 0 : 24592, 4, 2023/10/28, 19:06:23.742, 3643899020130, testhost.dll, TestPluginCache.DiscoverTestExtensions: finding test extensions in assemblies ends with: TestAdapter.dll TPluginInfo: Microsoft.VisualStudio.TestPlatform.Common.ExtensionFramework.Utilities.TestExecutorPluginInformation TExtension: Microsoft.VisualStudio.TestPlatform.ObjectModel.Adapter.ITestExecutor
TpTrace Verbose: 0 : 24592, 4, 2023/10/28, 19:06:23.745, 3643899051792, testhost.dll, TestPluginCache.GetExtensionPaths: Filtered extension paths: 
TpTrace Verbose: 0 : 24592, 4, 2023/10/28, 19:06:23.746, 3643899059679, testhost.dll, TestPluginCache.GetExtensionPaths: Added default extension paths: C:\Users\Hrvoje\Source\Repos\WattsUp\ControllerUnitTests\bin\Debug\net7.0\fine-code-coverage\build-output\Microsoft.VisualStudio.TestPlatform.MSTest.TestAdapter.dll
TpTrace Verbose: 0 : 24592, 4, 2023/10/28, 19:06:23.746, 3643899061302, testhost.dll, TestPluginCache.GetExtensionPaths: Added unfilterableExtensionPaths: 
TpTrace Information: 0 : 24592, 4, 2023/10/28, 19:06:23.748, 3643899082960, testhost.dll, AssemblyResolver.ctor: Creating AssemblyResolver with searchDirectories C:\Users\Hrvoje\Source\Repos\WattsUp\ControllerUnitTests\bin\Debug\net7.0\fine-code-coverage\build-output
TpTrace Verbose: 0 : 24592, 4, 2023/10/28, 19:06:23.749, 3643899095821, testhost.dll, TestPluginCache.DiscoverTestExtensions: Discovering the extensions using extension path.
TpTrace Verbose: 0 : 24592, 4, 2023/10/28, 19:06:23.750, 3643899098209, testhost.dll, TestPluginCache.GetExtensionPaths: Filtered extension paths: 
TpTrace Verbose: 0 : 24592, 4, 2023/10/28, 19:06:23.750, 3643899098743, testhost.dll, TestPluginCache.GetExtensionPaths: Added default extension paths: C:\Users\Hrvoje\Source\Repos\WattsUp\ControllerUnitTests\bin\Debug\net7.0\fine-code-coverage\build-output\Microsoft.VisualStudio.TestPlatform.MSTest.TestAdapter.dll
TpTrace Verbose: 0 : 24592, 4, 2023/10/28, 19:06:23.750, 3643899099074, testhost.dll, TestPluginCache.GetExtensionPaths: Added unfilterableExtensionPaths: 
TpTrace Verbose: 0 : 24592, 4, 2023/10/28, 19:06:23.750, 3643899100258, testhost.dll, TestPluginCache.DiscoverTestExtensions: Discovering the extensions using allExtensionPaths: C:\Users\Hrvoje\Source\Repos\WattsUp\ControllerUnitTests\bin\Debug\net7.0\fine-code-coverage\build-output\Microsoft.VisualStudio.TestPlatform.MSTest.TestAdapter.dll
TpTrace Information: 0 : 24592, 4, 2023/10/28, 19:06:23.751, 3643899107156, testhost.dll, AssemblyResolver.AddSearchDirectories: Adding more searchDirectories C:\Users\Hrvoje\Source\Repos\WattsUp\ControllerUnitTests\bin\Debug\net7.0\fine-code-coverage\build-output
TpTrace Information: 0 : 24592, 4, 2023/10/28, 19:06:23.754, 3643899139125, testhost.dll, AssemblyResolver.OnResolve: Microsoft.VisualStudio.TestPlatform.MSTest.TestAdapter: Resolving assembly.
TpTrace Information: 0 : 24592, 4, 2023/10/28, 19:06:23.754, 3643899141172, testhost.dll, AssemblyResolver.OnResolve: Microsoft.VisualStudio.TestPlatform.MSTest.TestAdapter: Searching in: 'C:\Users\Hrvoje\Source\Repos\WattsUp\ControllerUnitTests\bin\Debug\net7.0\fine-code-coverage\build-output'.
TpTrace Information: 0 : 24592, 4, 2023/10/28, 19:06:23.769, 3643899292487, testhost.dll, AssemblyResolver.OnResolve: Microsoft.VisualStudio.TestPlatform.MSTest.TestAdapter: Loading assembly 'C:\Users\Hrvoje\Source\Repos\WattsUp\ControllerUnitTests\bin\Debug\net7.0\fine-code-coverage\build-output\Microsoft.VisualStudio.TestPlatform.MSTest.TestAdapter.dll'.
TpTrace Information: 0 : 24592, 4, 2023/10/28, 19:06:23.770, 3643899302355, testhost.dll, AssemblyResolver.OnResolve: Resolved assembly: Microsoft.VisualStudio.TestPlatform.MSTest.TestAdapter, from path: C:\Users\Hrvoje\Source\Repos\WattsUp\ControllerUnitTests\bin\Debug\net7.0\fine-code-coverage\build-output\Microsoft.VisualStudio.TestPlatform.MSTest.TestAdapter.dll
TpTrace Verbose: 0 : 24592, 10, 2023/10/28, 19:06:23.775, 3643899351543, testhost.dll, MulticastDelegateUtilities.SafeInvoke: LengthPrefixCommunicationChannel: MessageReceived: Invoking callback 1/1 for Microsoft.VisualStudio.TestPlatform.CommunicationUtilities.TestRequestHandler., took 33 ms.
TpTrace Verbose: 0 : 24592, 10, 2023/10/28, 19:06:23.775, 3643899352811, testhost.dll, TcpClientExtensions.MessageLoopAsync: Polling on remoteEndPoint: [::ffff:127.0.0.1]:60201 localEndPoint: [::ffff:127.0.0.1]:60202
TpTrace Verbose: 0 : 24592, 4, 2023/10/28, 19:06:23.792, 3643899523966, testhost.dll, MetadataReaderExtensionsHelper: Discovering extensions inside assembly 'Microsoft.VisualStudio.TestPlatform.MSTest.TestAdapter, Version=14.0.0.0, Culture=neutral, PublicKeyToken=b03f5f7f11d50a3a' file path 'C:\Users\Hrvoje\Source\Repos\WattsUp\ControllerUnitTests\bin\Debug\net7.0\fine-code-coverage\build-output\Microsoft.VisualStudio.TestPlatform.MSTest.TestAdapter.dll'
TpTrace Information: 0 : 24592, 4, 2023/10/28, 19:06:23.797, 3643899574337, testhost.dll, GetTestExtensionFromType: Register extension with identifier data 'executor://MSTestAdapter/v2' and type 'Microsoft.VisualStudio.TestPlatform.MSTest.TestAdapter.MSTestExecutor, Microsoft.VisualStudio.TestPlatform.MSTest.TestAdapter, Version=14.0.0.0, Culture=neutral, PublicKeyToken=b03f5f7f11d50a3a' inside file 'C:\Users\Hrvoje\Source\Repos\WattsUp\ControllerUnitTests\bin\Debug\net7.0\fine-code-coverage\build-output\Microsoft.VisualStudio.TestPlatform.MSTest.TestAdapter.dll'
TpTrace Verbose: 0 : 24592, 4, 2023/10/28, 19:06:23.800, 3643899599530, testhost.dll, TestPluginCache: Discovered the extensions using extension path ''.
TpTrace Verbose: 0 : 24592, 4, 2023/10/28, 19:06:23.800, 3643899606524, testhost.dll, TestPluginCache: Discoverers are ''.
TpTrace Verbose: 0 : 24592, 4, 2023/10/28, 19:06:23.801, 3643899607819, testhost.dll, TestPluginCache: Executors are 'executor://MSTestAdapter/v2'.
TpTrace Verbose: 0 : 24592, 4, 2023/10/28, 19:06:23.801, 3643899608565, testhost.dll, TestPluginCache: Executors2 are ''.
TpTrace Verbose: 0 : 24592, 4, 2023/10/28, 19:06:23.801, 3643899609298, testhost.dll, TestPluginCache: Setting providers are ''.
TpTrace Verbose: 0 : 24592, 4, 2023/10/28, 19:06:23.801, 3643899610011, testhost.dll, TestPluginCache: Loggers are ''.
TpTrace Verbose: 0 : 24592, 4, 2023/10/28, 19:06:23.801, 3643899610712, testhost.dll, TestPluginCache: TestHosts are ''.
TpTrace Verbose: 0 : 24592, 4, 2023/10/28, 19:06:23.801, 3643899611411, testhost.dll, TestPluginCache: DataCollectors are ''.
TpTrace Verbose: 0 : 24592, 4, 2023/10/28, 19:06:23.804, 3643899637161, testhost.dll, TestPluginCache.DiscoverTestExtensions: finding test extensions in assemblies ends with: TestAdapter.dll TPluginInfo: Microsoft.VisualStudio.TestPlatform.Common.ExtensionFramework.Utilities.TestExecutorPluginInformation2 TExtension: Microsoft.VisualStudio.TestPlatform.ObjectModel.Adapter.ITestExecutor2
TpTrace Verbose: 0 : 24592, 4, 2023/10/28, 19:06:23.804, 3643899641361, testhost.dll, TestPluginCache.GetExtensionPaths: Filtered extension paths: 
TpTrace Verbose: 0 : 24592, 4, 2023/10/28, 19:06:23.804, 3643899641970, testhost.dll, TestPluginCache.GetExtensionPaths: Added default extension paths: C:\Users\Hrvoje\Source\Repos\WattsUp\ControllerUnitTests\bin\Debug\net7.0\fine-code-coverage\build-output\Microsoft.VisualStudio.TestPlatform.MSTest.TestAdapter.dll
TpTrace Verbose: 0 : 24592, 4, 2023/10/28, 19:06:23.804, 3643899643274, testhost.dll, TestPluginCache.GetExtensionPaths: Added unfilterableExtensionPaths: 
TpTrace Information: 0 : 24592, 4, 2023/10/28, 19:06:23.804, 3643899646337, testhost.dll, AssemblyResolver.AddSearchDirectories: Adding more searchDirectories C:\Users\Hrvoje\Source\Repos\WattsUp\ControllerUnitTests\bin\Debug\net7.0\fine-code-coverage\build-output
TpTrace Verbose: 0 : 24592, 4, 2023/10/28, 19:06:23.805, 3643899647301, testhost.dll, TestPluginCache.DiscoverTestExtensions: Discovering the extensions using extension path.
TpTrace Verbose: 0 : 24592, 4, 2023/10/28, 19:06:23.805, 3643899647743, testhost.dll, TestPluginCache.GetExtensionPaths: Filtered extension paths: 
TpTrace Verbose: 0 : 24592, 4, 2023/10/28, 19:06:23.805, 3643899648050, testhost.dll, TestPluginCache.GetExtensionPaths: Added default extension paths: C:\Users\Hrvoje\Source\Repos\WattsUp\ControllerUnitTests\bin\Debug\net7.0\fine-code-coverage\build-output\Microsoft.VisualStudio.TestPlatform.MSTest.TestAdapter.dll
TpTrace Verbose: 0 : 24592, 4, 2023/10/28, 19:06:23.805, 3643899648374, testhost.dll, TestPluginCache.GetExtensionPaths: Added unfilterableExtensionPaths: 
TpTrace Verbose: 0 : 24592, 4, 2023/10/28, 19:06:23.805, 3643899649205, testhost.dll, TestPluginCache.DiscoverTestExtensions: Discovering the extensions using allExtensionPaths: C:\Users\Hrvoje\Source\Repos\WattsUp\ControllerUnitTests\bin\Debug\net7.0\fine-code-coverage\build-output\Microsoft.VisualStudio.TestPlatform.MSTest.TestAdapter.dll
TpTrace Information: 0 : 24592, 4, 2023/10/28, 19:06:23.805, 3643899650077, testhost.dll, AssemblyResolver.AddSearchDirectories: Adding more searchDirectories C:\Users\Hrvoje\Source\Repos\WattsUp\ControllerUnitTests\bin\Debug\net7.0\fine-code-coverage\build-output
TpTrace Verbose: 0 : 24592, 4, 2023/10/28, 19:06:23.805, 3643899650936, testhost.dll, MetadataReaderExtensionsHelper: Discovering extensions inside assembly 'Microsoft.VisualStudio.TestPlatform.MSTest.TestAdapter, Version=14.0.0.0, Culture=neutral, PublicKeyToken=b03f5f7f11d50a3a' file path 'C:\Users\Hrvoje\Source\Repos\WattsUp\ControllerUnitTests\bin\Debug\net7.0\fine-code-coverage\build-output\Microsoft.VisualStudio.TestPlatform.MSTest.TestAdapter.dll'
TpTrace Verbose: 0 : 24592, 4, 2023/10/28, 19:06:23.806, 3643899658758, testhost.dll, TestPluginCache: Discovered the extensions using extension path ''.
TpTrace Verbose: 0 : 24592, 4, 2023/10/28, 19:06:23.806, 3643899659841, testhost.dll, TestPluginCache: Discoverers are ''.
TpTrace Verbose: 0 : 24592, 4, 2023/10/28, 19:06:23.806, 3643899660330, testhost.dll, TestPluginCache: Executors are 'executor://MSTestAdapter/v2'.
TpTrace Verbose: 0 : 24592, 4, 2023/10/28, 19:06:23.806, 3643899661145, testhost.dll, TestPluginCache: Executors2 are ''.
TpTrace Verbose: 0 : 24592, 4, 2023/10/28, 19:06:23.806, 3643899661485, testhost.dll, TestPluginCache: Setting providers are ''.
TpTrace Verbose: 0 : 24592, 4, 2023/10/28, 19:06:23.806, 3643899661744, testhost.dll, TestPluginCache: Loggers are ''.
TpTrace Verbose: 0 : 24592, 4, 2023/10/28, 19:06:23.806, 3643899661996, testhost.dll, TestPluginCache: TestHosts are ''.
TpTrace Verbose: 0 : 24592, 4, 2023/10/28, 19:06:23.806, 3643899662240, testhost.dll, TestPluginCache: DataCollectors are ''.
TpTrace Information: 0 : 24592, 4, 2023/10/28, 19:06:23.811, 3643899715304, testhost.dll, TestPluginManager.CreateTestExtension: Attempting to load test extension: Microsoft.VisualStudio.TestPlatform.MSTest.TestAdapter.MSTestExecutor
TpTrace Verbose: 0 : 24592, 4, 2023/10/28, 19:06:23.818, 3643899784749, testhost.dll, TestExecutorExtensionManager: Loading executor Microsoft.VisualStudio.TestPlatform.Common.ExtensionDecorators.SerialTestRunDecorator
TpTrace Verbose: 0 : 24592, 4, 2023/10/28, 19:06:23.818, 3643899786397, testhost.dll, TestExecutorService: Loaded the executors
TpTrace Verbose: 0 : 24592, 4, 2023/10/28, 19:06:23.819, 3643899794446, testhost.dll, TestPluginCache.DiscoverTestExtensions: finding test extensions in assemblies ends with: TestAdapter.dll TPluginInfo: Microsoft.VisualStudio.TestPlatform.Common.ExtensionFramework.Utilities.TestSettingsProviderPluginInformation TExtension: Microsoft.VisualStudio.TestPlatform.ObjectModel.Adapter.ISettingsProvider
TpTrace Verbose: 0 : 24592, 4, 2023/10/28, 19:06:23.820, 3643899796671, testhost.dll, TestPluginCache.GetExtensionPaths: Filtered extension paths: 
TpTrace Verbose: 0 : 24592, 4, 2023/10/28, 19:06:23.820, 3643899797194, testhost.dll, TestPluginCache.GetExtensionPaths: Added default extension paths: C:\Users\Hrvoje\Source\Repos\WattsUp\ControllerUnitTests\bin\Debug\net7.0\fine-code-coverage\build-output\Microsoft.VisualStudio.TestPlatform.MSTest.TestAdapter.dll
TpTrace Verbose: 0 : 24592, 4, 2023/10/28, 19:06:23.820, 3643899797520, testhost.dll, TestPluginCache.GetExtensionPaths: Added unfilterableExtensionPaths: 
TpTrace Information: 0 : 24592, 4, 2023/10/28, 19:06:23.820, 3643899799329, testhost.dll, AssemblyResolver.AddSearchDirectories: Adding more searchDirectories C:\Users\Hrvoje\Source\Repos\WattsUp\ControllerUnitTests\bin\Debug\net7.0\fine-code-coverage\build-output
TpTrace Verbose: 0 : 24592, 4, 2023/10/28, 19:06:23.820, 3643899799815, testhost.dll, TestPluginCache.DiscoverTestExtensions: Discovering the extensions using extension path.
TpTrace Verbose: 0 : 24592, 4, 2023/10/28, 19:06:23.820, 3643899800134, testhost.dll, TestPluginCache.GetExtensionPaths: Filtered extension paths: 
TpTrace Verbose: 0 : 24592, 4, 2023/10/28, 19:06:23.820, 3643899800482, testhost.dll, TestPluginCache.GetExtensionPaths: Added default extension paths: C:\Users\Hrvoje\Source\Repos\WattsUp\ControllerUnitTests\bin\Debug\net7.0\fine-code-coverage\build-output\Microsoft.VisualStudio.TestPlatform.MSTest.TestAdapter.dll
TpTrace Verbose: 0 : 24592, 4, 2023/10/28, 19:06:23.820, 3643899800787, testhost.dll, TestPluginCache.GetExtensionPaths: Added unfilterableExtensionPaths: 
TpTrace Verbose: 0 : 24592, 4, 2023/10/28, 19:06:23.820, 3643899801082, testhost.dll, TestPluginCache.DiscoverTestExtensions: Discovering the extensions using allExtensionPaths: C:\Users\Hrvoje\Source\Repos\WattsUp\ControllerUnitTests\bin\Debug\net7.0\fine-code-coverage\build-output\Microsoft.VisualStudio.TestPlatform.MSTest.TestAdapter.dll
TpTrace Information: 0 : 24592, 4, 2023/10/28, 19:06:23.820, 3643899801544, testhost.dll, AssemblyResolver.AddSearchDirectories: Adding more searchDirectories C:\Users\Hrvoje\Source\Repos\WattsUp\ControllerUnitTests\bin\Debug\net7.0\fine-code-coverage\build-output
TpTrace Verbose: 0 : 24592, 4, 2023/10/28, 19:06:23.820, 3643899802366, testhost.dll, MetadataReaderExtensionsHelper: Discovering extensions inside assembly 'Microsoft.VisualStudio.TestPlatform.MSTest.TestAdapter, Version=14.0.0.0, Culture=neutral, PublicKeyToken=b03f5f7f11d50a3a' file path 'C:\Users\Hrvoje\Source\Repos\WattsUp\ControllerUnitTests\bin\Debug\net7.0\fine-code-coverage\build-output\Microsoft.VisualStudio.TestPlatform.MSTest.TestAdapter.dll'
TpTrace Verbose: 0 : 24592, 4, 2023/10/28, 19:06:23.821, 3643899809484, testhost.dll, TestPluginCache: Discovered the extensions using extension path ''.
TpTrace Verbose: 0 : 24592, 4, 2023/10/28, 19:06:23.821, 3643899810739, testhost.dll, TestPluginCache: Discoverers are ''.
TpTrace Verbose: 0 : 24592, 4, 2023/10/28, 19:06:23.821, 3643899811256, testhost.dll, TestPluginCache: Executors are 'executor://MSTestAdapter/v2'.
TpTrace Verbose: 0 : 24592, 4, 2023/10/28, 19:06:23.821, 3643899811660, testhost.dll, TestPluginCache: Executors2 are ''.
TpTrace Verbose: 0 : 24592, 4, 2023/10/28, 19:06:23.821, 3643899812180, testhost.dll, TestPluginCache: Setting providers are ''.
TpTrace Verbose: 0 : 24592, 4, 2023/10/28, 19:06:23.821, 3643899812547, testhost.dll, TestPluginCache: Loggers are ''.
TpTrace Verbose: 0 : 24592, 4, 2023/10/28, 19:06:23.821, 3643899812863, testhost.dll, TestPluginCache: TestHosts are ''.
TpTrace Verbose: 0 : 24592, 4, 2023/10/28, 19:06:23.821, 3643899813170, testhost.dll, TestPluginCache: DataCollectors are ''.
TpTrace Verbose: 0 : 24592, 4, 2023/10/28, 19:06:23.823, 3643899832269, testhost.dll, TestExecutorService: Loaded the settings providers
TpTrace Information: 0 : 24592, 4, 2023/10/28, 19:06:23.823, 3643899834427, testhost.dll, TestExecutorService: Loaded the extensions
TpTrace Information: 0 : 24592, 4, 2023/10/28, 19:06:23.824, 3643899843582, testhost.dll, TestRequestHandler.OnMessageReceived: Running job 'TestExecution.StartWithSources'.
TpTrace Verbose: 0 : 24592, 4, 2023/10/28, 19:06:23.892, 3643900524219, testhost.dll, MulticastDelegateUtilities.SafeInvoke: TestCaseEventsHandler.RaiseSessionStart: Invoking callbacks was skipped because there are no subscribers.
TpTrace Information: 0 : 24592, 4, 2023/10/28, 19:06:23.895, 3643900547646, testhost.dll, TestDiscoveryManager: Discovering tests from sources C:\Users\Hrvoje\Source\Repos\WattsUp\ControllerUnitTests\bin\Debug\net7.0\fine-code-coverage\build-output\ControllerUnitTests.dll
TpTrace Verbose: 0 : 24592, 4, 2023/10/28, 19:06:23.896, 3643900565378, testhost.dll, TestPluginCache.DiscoverTestExtensions: finding test extensions in assemblies ends with: TestAdapter.dll TPluginInfo: Microsoft.VisualStudio.TestPlatform.Common.ExtensionFramework.Utilities.TestDiscovererPluginInformation TExtension: Microsoft.VisualStudio.TestPlatform.ObjectModel.Adapter.ITestDiscoverer
TpTrace Verbose: 0 : 24592, 4, 2023/10/28, 19:06:23.897, 3643900567080, testhost.dll, TestPluginCache.GetExtensionPaths: Filtered extension paths: 
TpTrace Verbose: 0 : 24592, 4, 2023/10/28, 19:06:23.897, 3643900567547, testhost.dll, TestPluginCache.GetExtensionPaths: Added default extension paths: C:\Users\Hrvoje\Source\Repos\WattsUp\ControllerUnitTests\bin\Debug\net7.0\fine-code-coverage\build-output\Microsoft.VisualStudio.TestPlatform.MSTest.TestAdapter.dll
TpTrace Verbose: 0 : 24592, 4, 2023/10/28, 19:06:23.897, 3643900567852, testhost.dll, TestPluginCache.GetExtensionPaths: Added unfilterableExtensionPaths: 
TpTrace Information: 0 : 24592, 4, 2023/10/28, 19:06:23.897, 3643900569467, testhost.dll, AssemblyResolver.AddSearchDirectories: Adding more searchDirectories C:\Users\Hrvoje\Source\Repos\WattsUp\ControllerUnitTests\bin\Debug\net7.0\fine-code-coverage\build-output
TpTrace Verbose: 0 : 24592, 4, 2023/10/28, 19:06:23.897, 3643900569926, testhost.dll, TestPluginCache.DiscoverTestExtensions: Discovering the extensions using extension path.
TpTrace Verbose: 0 : 24592, 4, 2023/10/28, 19:06:23.897, 3643900570226, testhost.dll, TestPluginCache.GetExtensionPaths: Filtered extension paths: 
TpTrace Verbose: 0 : 24592, 4, 2023/10/28, 19:06:23.897, 3643900570488, testhost.dll, TestPluginCache.GetExtensionPaths: Added default extension paths: C:\Users\Hrvoje\Source\Repos\WattsUp\ControllerUnitTests\bin\Debug\net7.0\fine-code-coverage\build-output\Microsoft.VisualStudio.TestPlatform.MSTest.TestAdapter.dll
TpTrace Verbose: 0 : 24592, 4, 2023/10/28, 19:06:23.897, 3643900570753, testhost.dll, TestPluginCache.GetExtensionPaths: Added unfilterableExtensionPaths: 
TpTrace Verbose: 0 : 24592, 4, 2023/10/28, 19:06:23.897, 3643900571044, testhost.dll, TestPluginCache.DiscoverTestExtensions: Discovering the extensions using allExtensionPaths: C:\Users\Hrvoje\Source\Repos\WattsUp\ControllerUnitTests\bin\Debug\net7.0\fine-code-coverage\build-output\Microsoft.VisualStudio.TestPlatform.MSTest.TestAdapter.dll
TpTrace Information: 0 : 24592, 4, 2023/10/28, 19:06:23.897, 3643900571486, testhost.dll, AssemblyResolver.AddSearchDirectories: Adding more searchDirectories C:\Users\Hrvoje\Source\Repos\WattsUp\ControllerUnitTests\bin\Debug\net7.0\fine-code-coverage\build-output
TpTrace Verbose: 0 : 24592, 4, 2023/10/28, 19:06:23.897, 3643900572335, testhost.dll, MetadataReaderExtensionsHelper: Discovering extensions inside assembly 'Microsoft.VisualStudio.TestPlatform.MSTest.TestAdapter, Version=14.0.0.0, Culture=neutral, PublicKeyToken=b03f5f7f11d50a3a' file path 'C:\Users\Hrvoje\Source\Repos\WattsUp\ControllerUnitTests\bin\Debug\net7.0\fine-code-coverage\build-output\Microsoft.VisualStudio.TestPlatform.MSTest.TestAdapter.dll'
TpTrace Information: 0 : 24592, 4, 2023/10/28, 19:06:23.899, 3643900589464, testhost.dll, GetTestExtensionFromType: Register extension with identifier data 'Microsoft.VisualStudio.TestPlatform.MSTest.TestAdapter.MSTestDiscoverer, Microsoft.VisualStudio.TestPlatform.MSTest.TestAdapter, Version=14.0.0.0, Culture=neutral, PublicKeyToken=b03f5f7f11d50a3a' and type 'Microsoft.VisualStudio.TestPlatform.MSTest.TestAdapter.MSTestDiscoverer, Microsoft.VisualStudio.TestPlatform.MSTest.TestAdapter, Version=14.0.0.0, Culture=neutral, PublicKeyToken=b03f5f7f11d50a3a' inside file 'C:\Users\Hrvoje\Source\Repos\WattsUp\ControllerUnitTests\bin\Debug\net7.0\fine-code-coverage\build-output\Microsoft.VisualStudio.TestPlatform.MSTest.TestAdapter.dll'
TpTrace Verbose: 0 : 24592, 4, 2023/10/28, 19:06:23.899, 3643900591506, testhost.dll, TestPluginCache: Discovered the extensions using extension path ''.
TpTrace Verbose: 0 : 24592, 4, 2023/10/28, 19:06:23.899, 3643900592173, testhost.dll, TestPluginCache: Discoverers are 'Microsoft.VisualStudio.TestPlatform.MSTest.TestAdapter.MSTestDiscoverer, Microsoft.VisualStudio.TestPlatform.MSTest.TestAdapter, Version=14.0.0.0, Culture=neutral, PublicKeyToken=b03f5f7f11d50a3a'.
TpTrace Verbose: 0 : 24592, 4, 2023/10/28, 19:06:23.899, 3643900592519, testhost.dll, TestPluginCache: Executors are 'executor://MSTestAdapter/v2'.
TpTrace Verbose: 0 : 24592, 4, 2023/10/28, 19:06:23.899, 3643900592808, testhost.dll, TestPluginCache: Executors2 are ''.
TpTrace Verbose: 0 : 24592, 4, 2023/10/28, 19:06:23.899, 3643900593089, testhost.dll, TestPluginCache: Setting providers are ''.
TpTrace Verbose: 0 : 24592, 4, 2023/10/28, 19:06:23.899, 3643900593352, testhost.dll, TestPluginCache: Loggers are ''.
TpTrace Verbose: 0 : 24592, 4, 2023/10/28, 19:06:23.899, 3643900593593, testhost.dll, TestPluginCache: TestHosts are ''.
TpTrace Verbose: 0 : 24592, 4, 2023/10/28, 19:06:23.899, 3643900593832, testhost.dll, TestPluginCache: DataCollectors are ''.
TpTrace Verbose: 0 : 24592, 4, 2023/10/28, 19:06:23.905, 3643900656325, testhost.dll, BaseRunTests.RunTestInternalWithExecutors: Running tests for executor://MSTestAdapter/v2
TpTrace Information: 0 : 24592, 4, 2023/10/28, 19:06:23.911, 3643900710749, testhost.dll, AssemblyResolver.OnResolve: Microsoft.VisualStudio.TestPlatform.MSTestAdapter.PlatformServices.Interface: Resolving assembly.
TpTrace Information: 0 : 24592, 4, 2023/10/28, 19:06:23.911, 3643900712532, testhost.dll, AssemblyResolver.OnResolve: Microsoft.VisualStudio.TestPlatform.MSTestAdapter.PlatformServices.Interface: Searching in: 'C:\Users\Hrvoje\Source\Repos\WattsUp\ControllerUnitTests\bin\Debug\net7.0\fine-code-coverage\build-output'.
TpTrace Information: 0 : 24592, 4, 2023/10/28, 19:06:23.912, 3643900718006, testhost.dll, AssemblyResolver.OnResolve: Microsoft.VisualStudio.TestPlatform.MSTestAdapter.PlatformServices.Interface: Loading assembly 'C:\Users\Hrvoje\Source\Repos\WattsUp\ControllerUnitTests\bin\Debug\net7.0\fine-code-coverage\build-output\Microsoft.VisualStudio.TestPlatform.MSTestAdapter.PlatformServices.Interface.dll'.
TpTrace Information: 0 : 24592, 4, 2023/10/28, 19:06:23.912, 3643900724052, testhost.dll, AssemblyResolver.OnResolve: Resolved assembly: Microsoft.VisualStudio.TestPlatform.MSTestAdapter.PlatformServices.Interface, from path: C:\Users\Hrvoje\Source\Repos\WattsUp\ControllerUnitTests\bin\Debug\net7.0\fine-code-coverage\build-output\Microsoft.VisualStudio.TestPlatform.MSTestAdapter.PlatformServices.Interface.dll
TpTrace Information: 0 : 24592, 4, 2023/10/28, 19:06:23.914, 3643900739635, testhost.dll, AssemblyResolver.OnResolve: Microsoft.VisualStudio.TestPlatform.MSTestAdapter.PlatformServices: Resolving assembly.
TpTrace Information: 0 : 24592, 4, 2023/10/28, 19:06:23.914, 3643900741138, testhost.dll, AssemblyResolver.OnResolve: Microsoft.VisualStudio.TestPlatform.MSTestAdapter.PlatformServices: Searching in: 'C:\Users\Hrvoje\Source\Repos\WattsUp\ControllerUnitTests\bin\Debug\net7.0\fine-code-coverage\build-output'.
TpTrace Information: 0 : 24592, 4, 2023/10/28, 19:06:23.914, 3643900745484, testhost.dll, AssemblyResolver.OnResolve: Microsoft.VisualStudio.TestPlatform.MSTestAdapter.PlatformServices: Loading assembly 'C:\Users\Hrvoje\Source\Repos\WattsUp\ControllerUnitTests\bin\Debug\net7.0\fine-code-coverage\build-output\Microsoft.VisualStudio.TestPlatform.MSTestAdapter.PlatformServices.dll'.
TpTrace Information: 0 : 24592, 4, 2023/10/28, 19:06:23.915, 3643900751103, testhost.dll, AssemblyResolver.OnResolve: Resolved assembly: Microsoft.VisualStudio.TestPlatform.MSTestAdapter.PlatformServices, from path: C:\Users\Hrvoje\Source\Repos\WattsUp\ControllerUnitTests\bin\Debug\net7.0\fine-code-coverage\build-output\Microsoft.VisualStudio.TestPlatform.MSTestAdapter.PlatformServices.dll
TpTrace Information: 0 : 24592, 4, 2023/10/28, 19:06:23.915, 3643900755741, testhost.dll, MSTest - MSTestExecutor.RunTests: Running tests from sources.
TpTrace Information: 0 : 24592, 4, 2023/10/28, 19:06:23.919, 3643900793448, testhost.dll, MSTest - CollectSourceInformation value Found : False 
TpTrace Information: 0 : 24592, 4, 2023/10/28, 19:06:23.938, 3643900980943, testhost.dll, MSTest - DictionaryHelper.ConcatWithOverwrites: The source is null or empty, returning the overwrite dictionary.
TpTrace Information: 0 : 24592, 4, 2023/10/28, 19:06:23.942, 3643901019938, testhost.dll, MSTest - DictionaryHelper.ConcatWithOverwrites: The source is null or empty, returning the overwrite dictionary.
TpTrace Information: 0 : 24592, 4, 2023/10/28, 19:06:23.942, 3643901023057, testhost.dll, MSTest - DictionaryHelper.ConcatWithOverwrites: The source is null or empty, returning the overwrite dictionary.
TpTrace Information: 0 : 24592, 4, 2023/10/28, 19:06:23.942, 3643901026511, testhost.dll, MSTest - DictionaryHelper.ConcatWithOverwrites: The source is null or empty, returning the overwrite dictionary.
TpTrace Information: 0 : 24592, 4, 2023/10/28, 19:06:23.943, 3643901027699, testhost.dll, MSTest - DictionaryHelper.ConcatWithOverwrites: The source is null or empty, returning the overwrite dictionary.
TpTrace Information: 0 : 24592, 4, 2023/10/28, 19:06:23.943, 3643901029653, testhost.dll, MSTest - DictionaryHelper.ConcatWithOverwrites: The source is null or empty, returning the overwrite dictionary.
TpTrace Information: 0 : 24592, 4, 2023/10/28, 19:06:23.948, 3643901081742, testhost.dll, AssemblyResolver.OnResolve: Microsoft.TestPlatform.AdapterUtilities: Resolving assembly.
TpTrace Information: 0 : 24592, 4, 2023/10/28, 19:06:23.948, 3643901083558, testhost.dll, AssemblyResolver.OnResolve: Microsoft.TestPlatform.AdapterUtilities: Searching in: 'C:\Users\Hrvoje\Source\Repos\WattsUp\ControllerUnitTests\bin\Debug\net7.0\fine-code-coverage\build-output'.
TpTrace Information: 0 : 24592, 4, 2023/10/28, 19:06:23.949, 3643901088739, testhost.dll, AssemblyResolver.OnResolve: Microsoft.TestPlatform.AdapterUtilities: Loading assembly 'C:\Users\Hrvoje\Source\Repos\WattsUp\ControllerUnitTests\bin\Debug\net7.0\fine-code-coverage\build-output\Microsoft.TestPlatform.AdapterUtilities.dll'.
TpTrace Information: 0 : 24592, 4, 2023/10/28, 19:06:23.949, 3643901096185, testhost.dll, AssemblyResolver.OnResolve: Resolved assembly: Microsoft.TestPlatform.AdapterUtilities, from path: C:\Users\Hrvoje\Source\Repos\WattsUp\ControllerUnitTests\bin\Debug\net7.0\fine-code-coverage\build-output\Microsoft.TestPlatform.AdapterUtilities.dll
TpTrace Information: 0 : 24592, 4, 2023/10/28, 19:06:23.977, 3643901368971, testhost.dll, MSTest - DictionaryHelper.ConcatWithOverwrites: The source is null or empty, returning the overwrite dictionary.
TpTrace Information: 0 : 24592, 4, 2023/10/28, 19:06:23.977, 3643901370568, testhost.dll, MSTest - DictionaryHelper.ConcatWithOverwrites: The source is null or empty, returning the overwrite dictionary.
TpTrace Information: 0 : 24592, 4, 2023/10/28, 19:06:23.977, 3643901371251, testhost.dll, MSTest - DictionaryHelper.ConcatWithOverwrites: The source is null or empty, returning the overwrite dictionary.
TpTrace Information: 0 : 24592, 4, 2023/10/28, 19:06:23.977, 3643901371906, testhost.dll, MSTest - DictionaryHelper.ConcatWithOverwrites: The source is null or empty, returning the overwrite dictionary.
TpTrace Information: 0 : 24592, 4, 2023/10/28, 19:06:23.977, 3643901372620, testhost.dll, MSTest - DictionaryHelper.ConcatWithOverwrites: The source is null or empty, returning the overwrite dictionary.
TpTrace Information: 0 : 24592, 4, 2023/10/28, 19:06:23.977, 3643901373289, testhost.dll, MSTest - DictionaryHelper.ConcatWithOverwrites: The source is null or empty, returning the overwrite dictionary.
TpTrace Information: 0 : 24592, 4, 2023/10/28, 19:06:23.977, 3643901373916, testhost.dll, MSTest - DictionaryHelper.ConcatWithOverwrites: The source is null or empty, returning the overwrite dictionary.
TpTrace Information: 0 : 24592, 4, 2023/10/28, 19:06:23.977, 3643901374600, testhost.dll, MSTest - DictionaryHelper.ConcatWithOverwrites: The source is null or empty, returning the overwrite dictionary.
TpTrace Information: 0 : 24592, 4, 2023/10/28, 19:06:23.977, 3643901375243, testhost.dll, MSTest - DictionaryHelper.ConcatWithOverwrites: The source is null or empty, returning the overwrite dictionary.
TpTrace Information: 0 : 24592, 4, 2023/10/28, 19:06:23.978, 3643901377122, testhost.dll, MSTest - MSTestDiscoverer: Found 8 tests from source C:\Users\Hrvoje\Source\Repos\WattsUp\ControllerUnitTests\bin\Debug\net7.0\fine-code-coverage\build-output\ControllerUnitTests.dll
TpTrace Information: 0 : 24592, 4, 2023/10/28, 19:06:23.998, 3643901577534, testhost.dll, AssemblyResolver.OnResolve: Microsoft.VisualStudio.TestPlatform.MSTestAdapter.PlatformServices.resources: Resolving assembly.
TpTrace Information: 0 : 24592, 4, 2023/10/28, 19:06:23.998, 3643901578836, testhost.dll, AssemblyResolver.OnResolve: Microsoft.VisualStudio.TestPlatform.MSTestAdapter.PlatformServices.resources: Searching in: 'C:\Users\Hrvoje\Source\Repos\WattsUp\ControllerUnitTests\bin\Debug\net7.0\fine-code-coverage\build-output'.
TpTrace Information: 0 : 24592, 4, 2023/10/28, 19:06:23.998, 3643901579932, testhost.dll, AssemblyResolver.OnResolve: Microsoft.VisualStudio.TestPlatform.MSTestAdapter.PlatformServices.resources: Assembly path does not exist: 'C:\Users\Hrvoje\Source\Repos\WattsUp\ControllerUnitTests\bin\Debug\net7.0\fine-code-coverage\build-output\Microsoft.VisualStudio.TestPlatform.MSTestAdapter.PlatformServices.resources.dll', returning.
TpTrace Information: 0 : 24592, 4, 2023/10/28, 19:06:23.998, 3643901580951, testhost.dll, AssemblyResolver.OnResolve: Microsoft.VisualStudio.TestPlatform.MSTestAdapter.PlatformServices.resources: Assembly path does not exist: 'C:\Users\Hrvoje\Source\Repos\WattsUp\ControllerUnitTests\bin\Debug\net7.0\fine-code-coverage\build-output\Microsoft.VisualStudio.TestPlatform.MSTestAdapter.PlatformServices.resources.exe', returning.
TpTrace Information: 0 : 24592, 4, 2023/10/28, 19:06:23.998, 3643901581339, testhost.dll, AssemblyResolver.OnResolve: Microsoft.VisualStudio.TestPlatform.MSTestAdapter.PlatformServices.resources: Failed to load assembly.
TpTrace Information: 0 : 24592, 4, 2023/10/28, 19:06:23.998, 3643901584110, testhost.dll, AssemblyResolver.OnResolve: Microsoft.VisualStudio.TestPlatform.MSTestAdapter.PlatformServices.resources: Resolving assembly.
TpTrace Information: 0 : 24592, 4, 2023/10/28, 19:06:23.998, 3643901584651, testhost.dll, AssemblyResolver.OnResolve: Microsoft.VisualStudio.TestPlatform.MSTestAdapter.PlatformServices.resources: Resolved from cache.
TpTrace Information: 0 : 24592, 4, 2023/10/28, 19:06:24.006, 3643901660911, testhost.dll, MSTest - Created unit-test runner C:\Users\Hrvoje\Source\Repos\WattsUp\ControllerUnitTests\bin\Debug\net7.0\fine-code-coverage\build-output\ControllerUnitTests.dll
TpTrace Verbose: 0 : 24592, 4, 2023/10/28, 19:06:24.015, 3643901753160, testhost.dll, TestExecutionRecorder.RecordStart: Starting test: ControllerUnitTests.ChargerControllerTests.GetChargers_WhenThereAreNoChargers_ShouldReturnEmptyList.
TpTrace Verbose: 0 : 24592, 4, 2023/10/28, 19:06:24.125, 3643902848701, testhost.dll, MulticastDelegateUtilities.SafeInvoke: TestCaseEventsHandler.RaiseTestCaseStart: Invoking callback 1/1 for Microsoft.VisualStudio.TestPlatform.CrossPlatEngine.DataCollection.ProxyOutOfProcDataCollectionManager., took 107 ms.
TpTrace Information: 0 : 24592, 4, 2023/10/28, 19:06:24.125, 3643902851440, testhost.dll, MSTest - Executing test GetChargers_WhenThereAreNoChargers_ShouldReturnEmptyList
TpTrace Verbose: 0 : 24592, 10, 2023/10/28, 19:06:24.779, 3643909395244, testhost.dll, TcpClientExtensions.MessageLoopAsync: Polling on remoteEndPoint: [::ffff:127.0.0.1]:60201 localEndPoint: [::ffff:127.0.0.1]:60202
TpTrace Information: 0 : 24592, 4, 2023/10/28, 19:06:25.137, 3643912969320, testhost.dll, MSTest - Executed test GetChargers_WhenThereAreNoChargers_ShouldReturnEmptyList
TpTrace Verbose: 0 : 24592, 4, 2023/10/28, 19:06:25.142, 3643913019275, testhost.dll, TestExecutionRecorder.RecordEnd: test: ControllerUnitTests.ChargerControllerTests.GetChargers_WhenThereAreNoChargers_ShouldReturnEmptyList execution completed.
TpTrace Verbose: 0 : 24592, 4, 2023/10/28, 19:06:25.172, 3643913322070, testhost.dll, MulticastDelegateUtilities.SafeInvoke: TestCaseEventsHandler.RaiseTestCaseEnd: Invoking callback 1/1 for Microsoft.VisualStudio.TestPlatform.CrossPlatEngine.DataCollection.ProxyOutOfProcDataCollectionManager., took 28 ms.
TpTrace Verbose: 0 : 24592, 4, 2023/10/28, 19:06:25.173, 3643913332199, testhost.dll, TestExecutionRecorder.RecordResult: Received result for test: ControllerUnitTests.ChargerControllerTests.GetChargers_WhenThereAreNoChargers_ShouldReturnEmptyList.
TpTrace Verbose: 0 : 24592, 4, 2023/10/28, 19:06:25.174, 3643913343205, testhost.dll, MulticastDelegateUtilities.SafeInvoke: TestCaseEventsHandler.RaiseTestCaseEnd: Invoking callback 1/1 for Microsoft.VisualStudio.TestPlatform.CrossPlatEngine.DataCollection.ProxyOutOfProcDataCollectionManager., took 0 ms.
TpTrace Warning: 0 : 24592, 4, 2023/10/28, 19:06:25.177, 3643913368348, testhost.dll, TestRunCache: InProgressTests is null
TpTrace Warning: 0 : 24592, 4, 2023/10/28, 19:06:25.177, 3643913371101, testhost.dll, TestRunCache: No test found corresponding to testResult 'GetChargers_WhenThereAreNoChargers_ShouldReturnEmptyList' in inProgress list.
TpTrace Verbose: 0 : 24592, 4, 2023/10/28, 19:06:25.177, 3643913374364, testhost.dll, TestExecutionRecorder.RecordStart: Starting test: ControllerUnitTests.ChargerControllerTests.GetChargers_WhenThereAreChargers_ShouldReturnAllChargers.
TpTrace Verbose: 0 : 24592, 4, 2023/10/28, 19:06:25.180, 3643913403039, testhost.dll, MulticastDelegateUtilities.SafeInvoke: TestCaseEventsHandler.RaiseTestCaseStart: Invoking callback 1/1 for Microsoft.VisualStudio.TestPlatform.CrossPlatEngine.DataCollection.ProxyOutOfProcDataCollectionManager., took 2 ms.
TpTrace Information: 0 : 24592, 4, 2023/10/28, 19:06:25.180, 3643913404803, testhost.dll, MSTest - Executing test GetChargers_WhenThereAreChargers_ShouldReturnAllChargers
TpTrace Information: 0 : 24592, 11, 2023/10/28, 19:06:25.358, 3643915181713, testhost.dll, Sending test run statistics
TpTrace Information: 0 : 24592, 4, 2023/10/28, 19:06:25.370, 3643915306438, testhost.dll, MSTest - Executed test GetChargers_WhenThereAreChargers_ShouldReturnAllChargers
TpTrace Verbose: 0 : 24592, 4, 2023/10/28, 19:06:25.371, 3643915309022, testhost.dll, TestExecutionRecorder.RecordEnd: test: ControllerUnitTests.ChargerControllerTests.GetChargers_WhenThereAreChargers_ShouldReturnAllChargers execution completed.
TpTrace Verbose: 0 : 24592, 11, 2023/10/28, 19:06:25.395, 3643915552558, testhost.dll, TestRequestHandler.SendData: sending data from testhost: {"Version":7,"MessageType":"TestExecution.StatsChange","Payload":{"NewTestResults":[{"TestCase":{"Id":"746fa308-4b41-99d5-ee8b-b9ddca803bac","FullyQualifiedName":"ControllerUnitTests.ChargerControllerTests.GetChargers_WhenThereAreNoChargers_ShouldReturnEmptyList","DisplayName":"GetChargers_WhenThereAreNoChargers_ShouldReturnEmptyList","ExecutorUri":"executor://MSTestAdapter/v2","Source":"C:\\Users\\Hrvoje\\Source\\Repos\\WattsUp\\ControllerUnitTests\\bin\\Debug\\net7.0\\fine-code-coverage\\build-output\\ControllerUnitTests.dll","CodeFilePath":null,"LineNumber":-1,"Properties":[{"Key":{"Id":"TestCase.ManagedType","Label":"ManagedType","Category":"","Description":"","Attributes":1,"ValueType":"System.String"},"Value":"ControllerUnitTests.ChargerControllerTests"},{"Key":{"Id":"TestCase.ManagedMethod","Label":"ManagedMethod","Category":"","Description":"","Attributes":1,"ValueType":"System.String"},"Value":"GetChargers_WhenThereAreNoChargers_ShouldReturnEmptyList"},{"Key":{"Id":"MSTestDiscoverer.TestClassName","Label":"ClassName","Category":"","Description":"","Attributes":1,"ValueType":"System.String"},"Value":"ControllerUnitTests.ChargerControllerTests"},{"Key":{"Id":"TestCase.Hierarchy","Label":"Hierarchy","Category":"","Description":"","Attributes":2,"ValueType":"System.String[]"},"Value":["ControllerUnitTests","ChargerControllerTests"]},{"Key":{"Id":"TestObject.Traits","Label":"Traits","Category":"","Description":"","Attributes":5,"ValueType":"System.Collections.Generic.KeyValuePair`2[[System.String],[System.String]][]"},"Value":[]}]},"Attachments":[],"Outcome":1,"ErrorMessage":null,"ErrorStackTrace":null,"DisplayName":"GetChargers_WhenThereAreNoChargers_ShouldReturnEmptyList","Messages":[],"ComputerName":null,"Duration":"00:00:00.9907640","StartTime":"2023-10-28T19:06:24.1253886+02:00","EndTime":"2023-10-28T19:06:25.1374181+02:00","Properties":[{"Key":{"Id":"ExecutionId","Label":"ExecutionId","Category":"","Description":"","Attributes":1,"ValueType":"System.Guid"},"Value":"00000000-0000-0000-0000-000000000000"},{"Key":{"Id":"ParentExecId","Label":"ParentExecId","Category":"","Description":"","Attributes":1,"ValueType":"System.Guid"},"Value":"00000000-0000-0000-0000-000000000000"},{"Key":{"Id":"InnerResultsCount","Label":"InnerResultsCount","Category":"","Description":"","Attributes":1,"ValueType":"System.Int32"},"Value":0}]}],"TestRunStatistics":{"ExecutedTests":1,"Stats":{"Passed":1}},"ActiveTests":[{"Id":"f15b13bd-1e0a-75eb-fe10-36fee345453c","FullyQualifiedName":"ControllerUnitTests.ChargerControllerTests.GetChargers_WhenThereAreChargers_ShouldReturnAllChargers","DisplayName":"GetChargers_WhenThereAreChargers_ShouldReturnAllChargers","ExecutorUri":"executor://MSTestAdapter/v2","Source":"C:\\Users\\Hrvoje\\Source\\Repos\\WattsUp\\ControllerUnitTests\\bin\\Debug\\net7.0\\fine-code-coverage\\build-output\\ControllerUnitTests.dll","CodeFilePath":null,"LineNumber":-1,"Properties":[{"Key":{"Id":"TestCase.ManagedType","Label":"ManagedType","Category":"","Description":"","Attributes":1,"ValueType":"System.String"},"Value":"ControllerUnitTests.ChargerControllerTests"},{"Key":{"Id":"TestCase.ManagedMethod","Label":"ManagedMethod","Category":"","Description":"","Attributes":1,"ValueType":"System.String"},"Value":"GetChargers_WhenThereAreChargers_ShouldReturnAllChargers"},{"Key":{"Id":"MSTestDiscoverer.TestClassName","Label":"ClassName","Category":"","Description":"","Attributes":1,"ValueType":"System.String"},"Value":"ControllerUnitTests.ChargerControllerTests"},{"Key":{"Id":"TestCase.Hierarchy","Label":"Hierarchy","Category":"","Description":"","Attributes":2,"ValueType":"System.String[]"},"Value":["ControllerUnitTests","ChargerControllerTests"]},{"Key":{"Id":"TestObject.Traits","Label":"Traits","Category":"","Description":"","Attributes":5,"ValueType":"System.Collections.Generic.KeyValuePair`2[[System.String],[System.String]][]"},"Value":[]}]}]}}
TpTrace Verbose: 0 : 24592, 11, 2023/10/28, 19:06:25.395, 3643915555921, testhost.dll, TestRunCache: OnNewTestResult: Notified the onCacheHit callback.
TpTrace Warning: 0 : 24592, 4, 2023/10/28, 19:06:25.396, 3643915557580, testhost.dll, TestRunCache: InProgressTests is null
TpTrace Verbose: 0 : 24592, 4, 2023/10/28, 19:06:25.399, 3643915596378, testhost.dll, MulticastDelegateUtilities.SafeInvoke: TestCaseEventsHandler.RaiseTestCaseEnd: Invoking callback 1/1 for Microsoft.VisualStudio.TestPlatform.CrossPlatEngine.DataCollection.ProxyOutOfProcDataCollectionManager., took 3 ms.
TpTrace Verbose: 0 : 24592, 4, 2023/10/28, 19:06:25.400, 3643915599359, testhost.dll, TestExecutionRecorder.RecordResult: Received result for test: ControllerUnitTests.ChargerControllerTests.GetChargers_WhenThereAreChargers_ShouldReturnAllChargers.
TpTrace Verbose: 0 : 24592, 4, 2023/10/28, 19:06:25.400, 3643915603101, testhost.dll, MulticastDelegateUtilities.SafeInvoke: TestCaseEventsHandler.RaiseTestCaseEnd: Invoking callback 1/1 for Microsoft.VisualStudio.TestPlatform.CrossPlatEngine.DataCollection.ProxyOutOfProcDataCollectionManager., took 0 ms.
TpTrace Warning: 0 : 24592, 4, 2023/10/28, 19:06:25.401, 3643915610059, testhost.dll, TestRunCache: InProgressTests is null
TpTrace Warning: 0 : 24592, 4, 2023/10/28, 19:06:25.401, 3643915611436, testhost.dll, TestRunCache: No test found corresponding to testResult 'GetChargers_WhenThereAreChargers_ShouldReturnAllChargers' in inProgress list.
TpTrace Verbose: 0 : 24592, 4, 2023/10/28, 19:06:25.401, 3643915612626, testhost.dll, TestExecutionRecorder.RecordStart: Starting test: ControllerUnitTests.ChargerControllerTests.GetChargerByID_WhenThereIsNoChargerWithGivenID_ShouldReturnError404.
TpTrace Verbose: 0 : 24592, 4, 2023/10/28, 19:06:25.403, 3643915634596, testhost.dll, MulticastDelegateUtilities.SafeInvoke: TestCaseEventsHandler.RaiseTestCaseStart: Invoking callback 1/1 for Microsoft.VisualStudio.TestPlatform.CrossPlatEngine.DataCollection.ProxyOutOfProcDataCollectionManager., took 2 ms.
TpTrace Information: 0 : 24592, 4, 2023/10/28, 19:06:25.404, 3643915636531, testhost.dll, MSTest - Executing test GetChargerByID_WhenThereIsNoChargerWithGivenID_ShouldReturnError404
TpTrace Information: 0 : 24592, 4, 2023/10/28, 19:06:25.460, 3643916203856, testhost.dll, MSTest - Executed test GetChargerByID_WhenThereIsNoChargerWithGivenID_ShouldReturnError404
TpTrace Verbose: 0 : 24592, 4, 2023/10/28, 19:06:25.460, 3643916205433, testhost.dll, TestExecutionRecorder.RecordEnd: test: ControllerUnitTests.ChargerControllerTests.GetChargerByID_WhenThereIsNoChargerWithGivenID_ShouldReturnError404 execution completed.
TpTrace Verbose: 0 : 24592, 4, 2023/10/28, 19:06:25.462, 3643916223062, testhost.dll, MulticastDelegateUtilities.SafeInvoke: TestCaseEventsHandler.RaiseTestCaseEnd: Invoking callback 1/1 for Microsoft.VisualStudio.TestPlatform.CrossPlatEngine.DataCollection.ProxyOutOfProcDataCollectionManager., took 1 ms.
TpTrace Verbose: 0 : 24592, 4, 2023/10/28, 19:06:25.462, 3643916224064, testhost.dll, TestExecutionRecorder.RecordResult: Received result for test: ControllerUnitTests.ChargerControllerTests.GetChargerByID_WhenThereIsNoChargerWithGivenID_ShouldReturnError404.
TpTrace Verbose: 0 : 24592, 4, 2023/10/28, 19:06:25.462, 3643916224669, testhost.dll, MulticastDelegateUtilities.SafeInvoke: TestCaseEventsHandler.RaiseTestCaseEnd: Invoking callback 1/1 for Microsoft.VisualStudio.TestPlatform.CrossPlatEngine.DataCollection.ProxyOutOfProcDataCollectionManager., took 0 ms.
TpTrace Warning: 0 : 24592, 4, 2023/10/28, 19:06:25.462, 3643916225071, testhost.dll, TestRunCache: InProgressTests is null
TpTrace Warning: 0 : 24592, 4, 2023/10/28, 19:06:25.462, 3643916225468, testhost.dll, TestRunCache: No test found corresponding to testResult 'GetChargerByID_WhenThereIsNoChargerWithGivenID_ShouldReturnError404' in inProgress list.
TpTrace Verbose: 0 : 24592, 4, 2023/10/28, 19:06:25.462, 3643916226427, testhost.dll, TestExecutionRecorder.RecordStart: Starting test: ControllerUnitTests.ChargerControllerTests.GetChargerByID_WhenThereIsChargerWithGivenID_ShouldReturnThatCharger.
TpTrace Verbose: 0 : 24592, 4, 2023/10/28, 19:06:25.464, 3643916241834, testhost.dll, MulticastDelegateUtilities.SafeInvoke: TestCaseEventsHandler.RaiseTestCaseStart: Invoking callback 1/1 for Microsoft.VisualStudio.TestPlatform.CrossPlatEngine.DataCollection.ProxyOutOfProcDataCollectionManager., took 1 ms.
TpTrace Information: 0 : 24592, 4, 2023/10/28, 19:06:25.464, 3643916242904, testhost.dll, MSTest - Executing test GetChargerByID_WhenThereIsChargerWithGivenID_ShouldReturnThatCharger
TpTrace Information: 0 : 24592, 4, 2023/10/28, 19:06:25.470, 3643916301728, testhost.dll, MSTest - Executed test GetChargerByID_WhenThereIsChargerWithGivenID_ShouldReturnThatCharger
TpTrace Verbose: 0 : 24592, 4, 2023/10/28, 19:06:25.470, 3643916303266, testhost.dll, TestExecutionRecorder.RecordEnd: test: ControllerUnitTests.ChargerControllerTests.GetChargerByID_WhenThereIsChargerWithGivenID_ShouldReturnThatCharger execution completed.
TpTrace Verbose: 0 : 24592, 4, 2023/10/28, 19:06:25.472, 3643916320251, testhost.dll, MulticastDelegateUtilities.SafeInvoke: TestCaseEventsHandler.RaiseTestCaseEnd: Invoking callback 1/1 for Microsoft.VisualStudio.TestPlatform.CrossPlatEngine.DataCollection.ProxyOutOfProcDataCollectionManager., took 1 ms.
TpTrace Verbose: 0 : 24592, 4, 2023/10/28, 19:06:25.472, 3643916321403, testhost.dll, TestExecutionRecorder.RecordResult: Received result for test: ControllerUnitTests.ChargerControllerTests.GetChargerByID_WhenThereIsChargerWithGivenID_ShouldReturnThatCharger.
TpTrace Verbose: 0 : 24592, 4, 2023/10/28, 19:06:25.472, 3643916322067, testhost.dll, MulticastDelegateUtilities.SafeInvoke: TestCaseEventsHandler.RaiseTestCaseEnd: Invoking callback 1/1 for Microsoft.VisualStudio.TestPlatform.CrossPlatEngine.DataCollection.ProxyOutOfProcDataCollectionManager., took 0 ms.
TpTrace Warning: 0 : 24592, 4, 2023/10/28, 19:06:25.472, 3643916322524, testhost.dll, TestRunCache: InProgressTests is null
TpTrace Warning: 0 : 24592, 4, 2023/10/28, 19:06:25.472, 3643916322862, testhost.dll, TestRunCache: No test found corresponding to testResult 'GetChargerByID_WhenThereIsChargerWithGivenID_ShouldReturnThatCharger' in inProgress list.
TpTrace Verbose: 0 : 24592, 4, 2023/10/28, 19:06:25.472, 3643916323874, testhost.dll, TestExecutionRecorder.RecordStart: Starting test: ControllerUnitTests.ChargerControllerTests.GetChargersByState_Active_WhenThereAreActiveChargers_ShouldReturnActiveChargers.
TpTrace Verbose: 0 : 24592, 4, 2023/10/28, 19:06:25.474, 3643916336749, testhost.dll, MulticastDelegateUtilities.SafeInvoke: TestCaseEventsHandler.RaiseTestCaseStart: Invoking callback 1/1 for Microsoft.VisualStudio.TestPlatform.CrossPlatEngine.DataCollection.ProxyOutOfProcDataCollectionManager., took 1 ms.
TpTrace Information: 0 : 24592, 4, 2023/10/28, 19:06:25.474, 3643916337637, testhost.dll, MSTest - Executing test GetChargersByState_Active_WhenThereAreActiveChargers_ShouldReturnActiveChargers
TpTrace Information: 0 : 24592, 4, 2023/10/28, 19:06:25.503, 3643916634698, testhost.dll, MSTest - Executed test GetChargersByState_Active_WhenThereAreActiveChargers_ShouldReturnActiveChargers
TpTrace Verbose: 0 : 24592, 4, 2023/10/28, 19:06:25.503, 3643916636374, testhost.dll, TestExecutionRecorder.RecordEnd: test: ControllerUnitTests.ChargerControllerTests.GetChargersByState_Active_WhenThereAreActiveChargers_ShouldReturnActiveChargers execution completed.
TpTrace Verbose: 0 : 24592, 4, 2023/10/28, 19:06:25.505, 3643916652651, testhost.dll, MulticastDelegateUtilities.SafeInvoke: TestCaseEventsHandler.RaiseTestCaseEnd: Invoking callback 1/1 for Microsoft.VisualStudio.TestPlatform.CrossPlatEngine.DataCollection.ProxyOutOfProcDataCollectionManager., took 1 ms.
TpTrace Verbose: 0 : 24592, 4, 2023/10/28, 19:06:25.505, 3643916653631, testhost.dll, TestExecutionRecorder.RecordResult: Received result for test: ControllerUnitTests.ChargerControllerTests.GetChargersByState_Active_WhenThereAreActiveChargers_ShouldReturnActiveChargers.
TpTrace Verbose: 0 : 24592, 4, 2023/10/28, 19:06:25.505, 3643916654235, testhost.dll, MulticastDelegateUtilities.SafeInvoke: TestCaseEventsHandler.RaiseTestCaseEnd: Invoking callback 1/1 for Microsoft.VisualStudio.TestPlatform.CrossPlatEngine.DataCollection.ProxyOutOfProcDataCollectionManager., took 0 ms.
TpTrace Warning: 0 : 24592, 4, 2023/10/28, 19:06:25.505, 3643916654629, testhost.dll, TestRunCache: InProgressTests is null
TpTrace Warning: 0 : 24592, 4, 2023/10/28, 19:06:25.505, 3643916654955, testhost.dll, TestRunCache: No test found corresponding to testResult 'GetChargersByState_Active_WhenThereAreActiveChargers_ShouldReturnActiveChargers' in inProgress list.
TpTrace Verbose: 0 : 24592, 4, 2023/10/28, 19:06:25.505, 3643916656184, testhost.dll, TestExecutionRecorder.RecordStart: Starting test: ControllerUnitTests.ChargerControllerTests.GetChargersByState_NotActive_WhenThereAreNonActiveChargers_ShouldReturnNonActiveChargers.
TpTrace Verbose: 0 : 24592, 4, 2023/10/28, 19:06:25.507, 3643916670001, testhost.dll, MulticastDelegateUtilities.SafeInvoke: TestCaseEventsHandler.RaiseTestCaseStart: Invoking callback 1/1 for Microsoft.VisualStudio.TestPlatform.CrossPlatEngine.DataCollection.ProxyOutOfProcDataCollectionManager., took 1 ms.
TpTrace Information: 0 : 24592, 4, 2023/10/28, 19:06:25.507, 3643916671098, testhost.dll, MSTest - Executing test GetChargersByState_NotActive_WhenThereAreNonActiveChargers_ShouldReturnNonActiveChargers
TpTrace Information: 0 : 24592, 4, 2023/10/28, 19:06:25.511, 3643916708537, testhost.dll, MSTest - Executed test GetChargersByState_NotActive_WhenThereAreNonActiveChargers_ShouldReturnNonActiveChargers
TpTrace Verbose: 0 : 24592, 4, 2023/10/28, 19:06:25.511, 3643916710042, testhost.dll, TestExecutionRecorder.RecordEnd: test: ControllerUnitTests.ChargerControllerTests.GetChargersByState_NotActive_WhenThereAreNonActiveChargers_ShouldReturnNonActiveChargers execution completed.
TpTrace Verbose: 0 : 24592, 4, 2023/10/28, 19:06:25.516, 3643916756648, testhost.dll, MulticastDelegateUtilities.SafeInvoke: TestCaseEventsHandler.RaiseTestCaseEnd: Invoking callback 1/1 for Microsoft.VisualStudio.TestPlatform.CrossPlatEngine.DataCollection.ProxyOutOfProcDataCollectionManager., took 4 ms.
TpTrace Verbose: 0 : 24592, 4, 2023/10/28, 19:06:25.516, 3643916758129, testhost.dll, TestExecutionRecorder.RecordResult: Received result for test: ControllerUnitTests.ChargerControllerTests.GetChargersByState_NotActive_WhenThereAreNonActiveChargers_ShouldReturnNonActiveChargers.
TpTrace Verbose: 0 : 24592, 4, 2023/10/28, 19:06:25.516, 3643916759128, testhost.dll, MulticastDelegateUtilities.SafeInvoke: TestCaseEventsHandler.RaiseTestCaseEnd: Invoking callback 1/1 for Microsoft.VisualStudio.TestPlatform.CrossPlatEngine.DataCollection.ProxyOutOfProcDataCollectionManager., took 0 ms.
TpTrace Warning: 0 : 24592, 4, 2023/10/28, 19:06:25.516, 3643916759841, testhost.dll, TestRunCache: InProgressTests is null
TpTrace Warning: 0 : 24592, 4, 2023/10/28, 19:06:25.516, 3643916760424, testhost.dll, TestRunCache: No test found corresponding to testResult 'GetChargersByState_NotActive_WhenThereAreNonActiveChargers_ShouldReturnNonActiveChargers' in inProgress list.
TpTrace Verbose: 0 : 24592, 4, 2023/10/28, 19:06:25.516, 3643916761900, testhost.dll, TestExecutionRecorder.RecordStart: Starting test: ControllerUnitTests.ChargerControllerTests.AddCharger_GivenValidData_ShouldReturnSuccess.
TpTrace Verbose: 0 : 24592, 4, 2023/10/28, 19:06:25.518, 3643916779932, testhost.dll, MulticastDelegateUtilities.SafeInvoke: TestCaseEventsHandler.RaiseTestCaseStart: Invoking callback 1/1 for Microsoft.VisualStudio.TestPlatform.CrossPlatEngine.DataCollection.ProxyOutOfProcDataCollectionManager., took 1 ms.
TpTrace Information: 0 : 24592, 4, 2023/10/28, 19:06:25.518, 3643916780945, testhost.dll, MSTest - Executing test AddCharger_GivenValidData_ShouldReturnSuccess
TpTrace Information: 0 : 24592, 4, 2023/10/28, 19:06:25.537, 3643916968958, testhost.dll, MSTest - Executed test AddCharger_GivenValidData_ShouldReturnSuccess
TpTrace Verbose: 0 : 24592, 4, 2023/10/28, 19:06:25.537, 3643916970429, testhost.dll, TestExecutionRecorder.RecordEnd: test: ControllerUnitTests.ChargerControllerTests.AddCharger_GivenValidData_ShouldReturnSuccess execution completed.
TpTrace Verbose: 0 : 24592, 4, 2023/10/28, 19:06:25.539, 3643916987730, testhost.dll, MulticastDelegateUtilities.SafeInvoke: TestCaseEventsHandler.RaiseTestCaseEnd: Invoking callback 1/1 for Microsoft.VisualStudio.TestPlatform.CrossPlatEngine.DataCollection.ProxyOutOfProcDataCollectionManager., took 1 ms.
TpTrace Verbose: 0 : 24592, 4, 2023/10/28, 19:06:25.539, 3643916988665, testhost.dll, TestExecutionRecorder.RecordResult: Received result for test: ControllerUnitTests.ChargerControllerTests.AddCharger_GivenValidData_ShouldReturnSuccess.
TpTrace Verbose: 0 : 24592, 4, 2023/10/28, 19:06:25.539, 3643916989298, testhost.dll, MulticastDelegateUtilities.SafeInvoke: TestCaseEventsHandler.RaiseTestCaseEnd: Invoking callback 1/1 for Microsoft.VisualStudio.TestPlatform.CrossPlatEngine.DataCollection.ProxyOutOfProcDataCollectionManager., took 0 ms.
TpTrace Warning: 0 : 24592, 4, 2023/10/28, 19:06:25.539, 3643916989725, testhost.dll, TestRunCache: InProgressTests is null
TpTrace Warning: 0 : 24592, 4, 2023/10/28, 19:06:25.539, 3643916990023, testhost.dll, TestRunCache: No test found corresponding to testResult 'AddCharger_GivenValidData_ShouldReturnSuccess' in inProgress list.
TpTrace Verbose: 0 : 24592, 4, 2023/10/28, 19:06:25.539, 3643916990889, testhost.dll, TestExecutionRecorder.RecordStart: Starting test: ControllerUnitTests.ChargerControllerTests.UpdateCharger_GivenChargerExists_ShouldReturnUpdatedCharger.
TpTrace Verbose: 0 : 24592, 4, 2023/10/28, 19:06:25.540, 3643917004915, testhost.dll, MulticastDelegateUtilities.SafeInvoke: TestCaseEventsHandler.RaiseTestCaseStart: Invoking callback 1/1 for Microsoft.VisualStudio.TestPlatform.CrossPlatEngine.DataCollection.ProxyOutOfProcDataCollectionManager., took 1 ms.
TpTrace Information: 0 : 24592, 4, 2023/10/28, 19:06:25.540, 3643917006060, testhost.dll, MSTest - Executing test UpdateCharger_GivenChargerExists_ShouldReturnUpdatedCharger
TpTrace Information: 0 : 24592, 4, 2023/10/28, 19:06:25.547, 3643917067007, testhost.dll, AssemblyResolver.OnResolve: Microsoft.VisualStudio.TestPlatform.MSTest.TestAdapter.resources: Resolving assembly.
TpTrace Information: 0 : 24592, 4, 2023/10/28, 19:06:25.547, 3643917068388, testhost.dll, AssemblyResolver.OnResolve: Microsoft.VisualStudio.TestPlatform.MSTest.TestAdapter.resources: Searching in: 'C:\Users\Hrvoje\Source\Repos\WattsUp\ControllerUnitTests\bin\Debug\net7.0\fine-code-coverage\build-output'.
TpTrace Information: 0 : 24592, 4, 2023/10/28, 19:06:25.547, 3643917069322, testhost.dll, AssemblyResolver.OnResolve: Microsoft.VisualStudio.TestPlatform.MSTest.TestAdapter.resources: Assembly path does not exist: 'C:\Users\Hrvoje\Source\Repos\WattsUp\ControllerUnitTests\bin\Debug\net7.0\fine-code-coverage\build-output\Microsoft.VisualStudio.TestPlatform.MSTest.TestAdapter.resources.dll', returning.
TpTrace Information: 0 : 24592, 4, 2023/10/28, 19:06:25.547, 3643917070090, testhost.dll, AssemblyResolver.OnResolve: Microsoft.VisualStudio.TestPlatform.MSTest.TestAdapter.resources: Assembly path does not exist: 'C:\Users\Hrvoje\Source\Repos\WattsUp\ControllerUnitTests\bin\Debug\net7.0\fine-code-coverage\build-output\Microsoft.VisualStudio.TestPlatform.MSTest.TestAdapter.resources.exe', returning.
TpTrace Information: 0 : 24592, 4, 2023/10/28, 19:06:25.547, 3643917070432, testhost.dll, AssemblyResolver.OnResolve: Microsoft.VisualStudio.TestPlatform.MSTest.TestAdapter.resources: Failed to load assembly.
TpTrace Information: 0 : 24592, 4, 2023/10/28, 19:06:25.565, 3643917248025, testhost.dll, MSTest - Executed test UpdateCharger_GivenChargerExists_ShouldReturnUpdatedCharger
TpTrace Verbose: 0 : 24592, 4, 2023/10/28, 19:06:25.565, 3643917249612, testhost.dll, TestExecutionRecorder.RecordEnd: test: ControllerUnitTests.ChargerControllerTests.UpdateCharger_GivenChargerExists_ShouldReturnUpdatedCharger execution completed.
TpTrace Verbose: 0 : 24592, 4, 2023/10/28, 19:06:25.566, 3643917265713, testhost.dll, MulticastDelegateUtilities.SafeInvoke: TestCaseEventsHandler.RaiseTestCaseEnd: Invoking callback 1/1 for Microsoft.VisualStudio.TestPlatform.CrossPlatEngine.DataCollection.ProxyOutOfProcDataCollectionManager., took 1 ms.
TpTrace Information: 0 : 24592, 4, 2023/10/28, 19:06:25.567, 3643917268252, testhost.dll, MSTest - MSTestExecutor:Test ControllerUnitTests.ChargerControllerTests.UpdateCharger_GivenChargerExists_ShouldReturnUpdatedCharger failed. ErrorMessage:Test method ControllerUnitTests.ChargerControllerTests.UpdateCharger_GivenChargerExists_ShouldReturnUpdatedCharger threw exception: 
System.NullReferenceException: Object reference not set to an instance of an object., ErrorStackTrace:    at backend.Controllers.ChargerController.UpdateChargerByID(Int64 id, Charger _charger) in C:\Users\Hrvoje\Source\Repos\WattsUp\backend\Controllers\ChargerController.cs:line 89
   at ControllerUnitTests.ChargerControllerTests.UpdateCharger_GivenChargerExists_ShouldReturnUpdatedCharger() in C:\Users\Hrvoje\Source\Repos\WattsUp\ControllerUnitTests\ChargerControllerTests.cs:line 375
   at Microsoft.VisualStudio.TestPlatform.MSTestAdapter.PlatformServices.ThreadOperations.ExecuteWithAbortSafety(Action action)
.
TpTrace Verbose: 0 : 24592, 4, 2023/10/28, 19:06:25.567, 3643917269582, testhost.dll, TestExecutionRecorder.RecordResult: Received result for test: ControllerUnitTests.ChargerControllerTests.UpdateCharger_GivenChargerExists_ShouldReturnUpdatedCharger.
TpTrace Verbose: 0 : 24592, 4, 2023/10/28, 19:06:25.567, 3643917270463, testhost.dll, MulticastDelegateUtilities.SafeInvoke: TestCaseEventsHandler.RaiseTestCaseEnd: Invoking callback 1/1 for Microsoft.VisualStudio.TestPlatform.CrossPlatEngine.DataCollection.ProxyOutOfProcDataCollectionManager., took 0 ms.
TpTrace Warning: 0 : 24592, 4, 2023/10/28, 19:06:25.567, 3643917270945, testhost.dll, TestRunCache: InProgressTests is null
TpTrace Warning: 0 : 24592, 4, 2023/10/28, 19:06:25.567, 3643917271286, testhost.dll, TestRunCache: No test found corresponding to testResult 'UpdateCharger_GivenChargerExists_ShouldReturnUpdatedCharger' in inProgress list.
TpTrace Information: 0 : 24592, 4, 2023/10/28, 19:06:25.567, 3643917274912, testhost.dll, MSTest - Executing cleanup methods.
TpTrace Information: 0 : 24592, 4, 2023/10/28, 19:06:25.569, 3643917296549, testhost.dll, MSTest - Executed cleanup methods.
TpTrace Information: 0 : 24592, 4, 2023/10/28, 19:06:25.570, 3643917297943, testhost.dll, MSTest - Executed tests belonging to source C:\Users\Hrvoje\Source\Repos\WattsUp\ControllerUnitTests\bin\Debug\net7.0\fine-code-coverage\build-output\ControllerUnitTests.dll
TpTrace Verbose: 0 : 24592, 4, 2023/10/28, 19:06:25.570, 3643917304199, testhost.dll, BaseRunTests.RunTestInternalWithExecutors: Completed running tests for executor://MSTestAdapter/v2
TpTrace Verbose: 0 : 24592, 4, 2023/10/28, 19:06:25.572, 3643917318790, testhost.dll, MulticastDelegateUtilities.SafeInvoke: TestCaseEventsHandler.RaiseSessionEnd: Invoking callback 1/1 for Microsoft.VisualStudio.TestPlatform.CrossPlatEngine.DataCollection.ProxyOutOfProcDataCollectionManager., took 0 ms.
TpTrace Information: 0 : 24592, 4, 2023/10/28, 19:06:25.576, 3643917366853, testhost.dll, Sending test run complete
TpTrace Verbose: 0 : 24592, 4, 2023/10/28, 19:06:25.596, 3643917556690, testhost.dll, TestRequestHandler.SendData: sending data from testhost: {"Version":7,"MessageType":"TestExecution.Completed","Payload":{"TestRunCompleteArgs":{"TestRunStatistics":{"ExecutedTests":8,"Stats":{"Passed":7,"Failed":1}},"IsCanceled":false,"IsAborted":false,"Error":null,"AttachmentSets":[],"InvokedDataCollectors":[],"ElapsedTimeInRunningTests":"00:00:01.6686375","Metrics":{},"DiscoveredExtensions":{"TestDiscoverers":["Microsoft.VisualStudio.TestPlatform.MSTest.TestAdapter.MSTestDiscoverer, Microsoft.VisualStudio.TestPlatform.MSTest.TestAdapter, Version=14.0.0.0, Culture=neutral, PublicKeyToken=b03f5f7f11d50a3a"],"TestExecutors":["executor://MSTestAdapter/v2"],"TestExecutors2":[],"TestSettingsProviders":[]}},"LastRunTests":{"NewTestResults":[{"TestCase":{"Id":"f15b13bd-1e0a-75eb-fe10-36fee345453c","FullyQualifiedName":"ControllerUnitTests.ChargerControllerTests.GetChargers_WhenThereAreChargers_ShouldReturnAllChargers","DisplayName":"GetChargers_WhenThereAreChargers_ShouldReturnAllChargers","ExecutorUri":"executor://MSTestAdapter/v2","Source":"C:\\Users\\Hrvoje\\Source\\Repos\\WattsUp\\ControllerUnitTests\\bin\\Debug\\net7.0\\fine-code-coverage\\build-output\\ControllerUnitTests.dll","CodeFilePath":null,"LineNumber":-1,"Properties":[{"Key":{"Id":"TestCase.ManagedType","Label":"ManagedType","Category":"","Description":"","Attributes":1,"ValueType":"System.String"},"Value":"ControllerUnitTests.ChargerControllerTests"},{"Key":{"Id":"TestCase.ManagedMethod","Label":"ManagedMethod","Category":"","Description":"","Attributes":1,"ValueType":"System.String"},"Value":"GetChargers_WhenThereAreChargers_ShouldReturnAllChargers"},{"Key":{"Id":"MSTestDiscoverer.TestClassName","Label":"ClassName","Category":"","Description":"","Attributes":1,"ValueType":"System.String"},"Value":"ControllerUnitTests.ChargerControllerTests"},{"Key":{"Id":"TestCase.Hierarchy","Label":"Hierarchy","Category":"","Description":"","Attributes":2,"ValueType":"System.String[]"},"Value":["ControllerUnitTests","ChargerControllerTests"]},{"Key":{"Id":"TestObject.Traits","Label":"Traits","Category":"","Description":"","Attributes":5,"ValueType":"System.Collections.Generic.KeyValuePair`2[[System.String],[System.String]][]"},"Value":[]}]},"Attachments":[],"Outcome":1,"ErrorMessage":null,"ErrorStackTrace":null,"DisplayName":"GetChargers_WhenThereAreChargers_ShouldReturnAllChargers","Messages":[],"ComputerName":null,"Duration":"00:00:00.1895062","StartTime":"2023-10-28T19:06:25.180819+02:00","EndTime":"2023-10-28T19:06:25.3711519+02:00","Properties":[{"Key":{"Id":"ExecutionId","Label":"ExecutionId","Category":"","Description":"","Attributes":1,"ValueType":"System.Guid"},"Value":"00000000-0000-0000-0000-000000000000"},{"Key":{"Id":"ParentExecId","Label":"ParentExecId","Category":"","Description":"","Attributes":1,"ValueType":"System.Guid"},"Value":"00000000-0000-0000-0000-000000000000"},{"Key":{"Id":"InnerResultsCount","Label":"InnerResultsCount","Category":"","Description":"","Attributes":1,"ValueType":"System.Int32"},"Value":0}]},{"TestCase":{"Id":"6d7eed63-3405-a178-fd94-43896c82bdc9","FullyQualifiedName":"ControllerUnitTests.ChargerControllerTests.GetChargerByID_WhenThereIsNoChargerWithGivenID_ShouldReturnError404","DisplayName":"GetChargerByID_WhenThereIsNoChargerWithGivenID_ShouldReturnError404","ExecutorUri":"executor://MSTestAdapter/v2","Source":"C:\\Users\\Hrvoje\\Source\\Repos\\WattsUp\\ControllerUnitTests\\bin\\Debug\\net7.0\\fine-code-coverage\\build-output\\ControllerUnitTests.dll","CodeFilePath":null,"LineNumber":-1,"Properties":[{"Key":{"Id":"TestCase.ManagedType","Label":"ManagedType","Category":"","Description":"","Attributes":1,"ValueType":"System.String"},"Value":"ControllerUnitTests.ChargerControllerTests"},{"Key":{"Id":"TestCase.ManagedMethod","Label":"ManagedMethod","Category":"","Description":"","Attributes":1,"ValueType":"System.String"},"Value":"GetChargerByID_WhenThereIsNoChargerWithGivenID_ShouldReturnError404"},{"Key":{"Id":"MSTestDiscoverer.TestClassName","Label":"ClassName","Category":"","Description":"","Attributes":1,"ValueType":"System.String"},"Value":"ControllerUnitTests.ChargerControllerTests"},{"Key":{"Id":"TestCase.Hierarchy","Label":"Hierarchy","Category":"","Description":"","Attributes":2,"ValueType":"System.String[]"},"Value":["ControllerUnitTests","ChargerControllerTests"]},{"Key":{"Id":"TestObject.Traits","Label":"Traits","Category":"","Description":"","Attributes":5,"ValueType":"System.Collections.Generic.KeyValuePair`2[[System.String],[System.String]][]"},"Value":[]}]},"Attachments":[],"Outcome":1,"ErrorMessage":null,"ErrorStackTrace":null,"DisplayName":"GetChargerByID_WhenThereIsNoChargerWithGivenID_ShouldReturnError404","Messages":[],"ComputerName":null,"Duration":"00:00:00.0564431","StartTime":"2023-10-28T19:06:25.4039942+02:00","EndTime":"2023-10-28T19:06:25.4608623+02:00","Properties":[{"Key":{"Id":"ExecutionId","Label":"ExecutionId","Category":"","Description":"","Attributes":1,"ValueType":"System.Guid"},"Value":"00000000-0000-0000-0000-000000000000"},{"Key":{"Id":"ParentExecId","Label":"ParentExecId","Category":"","Description":"","Attributes":1,"ValueType":"System.Guid"},"Value":"00000000-0000-0000-0000-000000000000"},{"Key":{"Id":"InnerResultsCount","Label":"InnerResultsCount","Category":"","Description":"","Attributes":1,"ValueType":"System.Int32"},"Value":0}]},{"TestCase":{"Id":"67069d0a-815e-1a18-ed74-29d239c82977","FullyQualifiedName":"ControllerUnitTests.ChargerControllerTests.GetChargerByID_WhenThereIsChargerWithGivenID_ShouldReturnThatCharger","DisplayName":"GetChargerByID_WhenThereIsChargerWithGivenID_ShouldReturnThatCharger","ExecutorUri":"executor://MSTestAdapter/v2","Source":"C:\\Users\\Hrvoje\\Source\\Repos\\WattsUp\\ControllerUnitTests\\bin\\Debug\\net7.0\\fine-code-coverage\\build-output\\ControllerUnitTests.dll","CodeFilePath":null,"LineNumber":-1,"Properties":[{"Key":{"Id":"TestCase.ManagedType","Label":"ManagedType","Category":"","Description":"","Attributes":1,"ValueType":"System.String"},"Value":"ControllerUnitTests.ChargerControllerTests"},{"Key":{"Id":"TestCase.ManagedMethod","Label":"ManagedMethod","Category":"","Description":"","Attributes":1,"ValueType":"System.String"},"Value":"GetChargerByID_WhenThereIsChargerWithGivenID_ShouldReturnThatCharger"},{"Key":{"Id":"MSTestDiscoverer.TestClassName","Label":"ClassName","Category":"","Description":"","Attributes":1,"ValueType":"System.String"},"Value":"ControllerUnitTests.ChargerControllerTests"},{"Key":{"Id":"TestCase.Hierarchy","Label":"Hierarchy","Category":"","Description":"","Attributes":2,"ValueType":"System.String[]"},"Value":["ControllerUnitTests","ChargerControllerTests"]},{"Key":{"Id":"TestObject.Traits","Label":"Traits","Category":"","Description":"","Attributes":5,"ValueType":"System.Collections.Generic.KeyValuePair`2[[System.String],[System.String]][]"},"Value":[]}]},"Attachments":[],"Outcome":1,"ErrorMessage":null,"ErrorStackTrace":null,"DisplayName":"GetChargerByID_WhenThereIsChargerWithGivenID_ShouldReturnThatCharger","Messages":[],"ComputerName":null,"Duration":"00:00:00.0056366","StartTime":"2023-10-28T19:06:25.4646314+02:00","EndTime":"2023-10-28T19:06:25.4706589+02:00","Properties":[{"Key":{"Id":"ExecutionId","Label":"ExecutionId","Category":"","Description":"","Attributes":1,"ValueType":"System.Guid"},"Value":"00000000-0000-0000-0000-000000000000"},{"Key":{"Id":"ParentExecId","Label":"ParentExecId","Category":"","Description":"","Attributes":1,"ValueType":"System.Guid"},"Value":"00000000-0000-0000-0000-000000000000"},{"Key":{"Id":"InnerResultsCount","Label":"InnerResultsCount","Category":"","Description":"","Attributes":1,"ValueType":"System.Int32"},"Value":0}]},{"TestCase":{"Id":"093216be-76b2-119a-077c-12f6a1206a30","FullyQualifiedName":"ControllerUnitTests.ChargerControllerTests.GetChargersByState_Active_WhenThereAreActiveChargers_ShouldReturnActiveChargers","DisplayName":"GetChargersByState_Active_WhenThereAreActiveChargers_ShouldReturnActiveChargers","ExecutorUri":"executor://MSTestAdapter/v2","Source":"C:\\Users\\Hrvoje\\Source\\Repos\\WattsUp\\ControllerUnitTests\\bin\\Debug\\net7.0\\fine-code-coverage\\build-output\\ControllerUnitTests.dll","CodeFilePath":null,"LineNumber":-1,"Properties":[{"Key":{"Id":"TestCase.ManagedType","Label":"ManagedType","Category":"","Description":"","Attributes":1,"ValueType":"System.String"},"Value":"ControllerUnitTests.ChargerControllerTests"},{"Key":{"Id":"TestCase.ManagedMethod","Label":"ManagedMethod","Category":"","Description":"","Attributes":1,"ValueType":"System.String"},"Value":"GetChargersByState_Active_WhenThereAreActiveChargers_ShouldReturnActiveChargers"},{"Key":{"Id":"MSTestDiscoverer.TestClassName","Label":"ClassName","Category":"","Description":"","Attributes":1,"ValueType":"System.String"},"Value":"ControllerUnitTests.ChargerControllerTests"},{"Key":{"Id":"TestCase.Hierarchy","Label":"Hierarchy","Category":"","Description":"","Attributes":2,"ValueType":"System.String[]"},"Value":["ControllerUnitTests","ChargerControllerTests"]},{"Key":{"Id":"TestObject.Traits","Label":"Traits","Category":"","Description":"","Attributes":5,"ValueType":"System.Collections.Generic.KeyValuePair`2[[System.String],[System.String]][]"},"Value":[]}]},"Attachments":[],"Outcome":1,"ErrorMessage":null,"ErrorStackTrace":null,"DisplayName":"GetChargersByState_Active_WhenThereAreActiveChargers_ShouldReturnActiveChargers","Messages":[],"ComputerName":null,"Duration":"00:00:00.0294554","StartTime":"2023-10-28T19:06:25.4741043+02:00","EndTime":"2023-10-28T19:06:25.5039662+02:00","Properties":[{"Key":{"Id":"ExecutionId","Label":"ExecutionId","Category":"","Description":"","Attributes":1,"ValueType":"System.Guid"},"Value":"00000000-0000-0000-0000-000000000000"},{"Key":{"Id":"ParentExecId","Label":"ParentExecId","Category":"","Description":"","Attributes":1,"ValueType":"System.Guid"},"Value":"00000000-0000-0000-0000-000000000000"},{"Key":{"Id":"InnerResultsCount","Label":"InnerResultsCount","Category":"","Description":"","Attributes":1,"ValueType":"System.Int32"},"Value":0}]},{"TestCase":{"Id":"1d859e52-e1a0-e238-1602-9dbe494eb722","FullyQualifiedName":"ControllerUnitTests.ChargerControllerTests.GetChargersByState_NotActive_WhenThereAreNonActiveChargers_ShouldReturnNonActiveChargers","DisplayName":"GetChargersByState_NotActive_WhenThereAreNonActiveChargers_ShouldReturnNonActiveChargers","ExecutorUri":"executor://MSTestAdapter/v2","Source":"C:\\Users\\Hrvoje\\Source\\Repos\\WattsUp\\ControllerUnitTests\\bin\\Debug\\net7.0\\fine-code-coverage\\build-output\\ControllerUnitTests.dll","CodeFilePath":null,"LineNumber":-1,"Properties":[{"Key":{"Id":"TestCase.ManagedType","Label":"ManagedType","Category":"","Description":"","Attributes":1,"ValueType":"System.String"},"Value":"ControllerUnitTests.ChargerControllerTests"},{"Key":{"Id":"TestCase.ManagedMethod","Label":"ManagedMethod","Category":"","Description":"","Attributes":1,"ValueType":"System.String"},"Value":"GetChargersByState_NotActive_WhenThereAreNonActiveChargers_ShouldReturnNonActiveChargers"},{"Key":{"Id":"MSTestDiscoverer.TestClassName","Label":"ClassName","Category":"","Description":"","Attributes":1,"ValueType":"System.String"},"Value":"ControllerUnitTests.ChargerControllerTests"},{"Key":{"Id":"TestCase.Hierarchy","Label":"Hierarchy","Category":"","Description":"","Attributes":2,"ValueType":"System.String[]"},"Value":["ControllerUnitTests","ChargerControllerTests"]},{"Key":{"Id":"TestObject.Traits","Label":"Traits","Category":"","Description":"","Attributes":5,"ValueType":"System.Collections.Generic.KeyValuePair`2[[System.String],[System.String]][]"},"Value":[]}]},"Attachments":[],"Outcome":1,"ErrorMessage":null,"ErrorStackTrace":null,"DisplayName":"GetChargersByState_NotActive_WhenThereAreNonActiveChargers_ShouldReturnNonActiveChargers","Messages":[],"ComputerName":null,"Duration":"00:00:00.0034973","StartTime":"2023-10-28T19:06:25.50745+02:00","EndTime":"2023-10-28T19:06:25.511336+02:00","Properties":[{"Key":{"Id":"ExecutionId","Label":"ExecutionId","Category":"","Description":"","Attributes":1,"ValueType":"System.Guid"},"Value":"00000000-0000-0000-0000-000000000000"},{"Key":{"Id":"ParentExecId","Label":"ParentExecId","Category":"","Description":"","Attributes":1,"ValueType":"System.Guid"},"Value":"00000000-0000-0000-0000-000000000000"},{"Key":{"Id":"InnerResultsCount","Label":"InnerResultsCount","Category":"","Description":"","Attributes":1,"ValueType":"System.Int32"},"Value":0}]},{"TestCase":{"Id":"b570cef8-ec08-6cd3-6ea8-213ff1b966ad","FullyQualifiedName":"ControllerUnitTests.ChargerControllerTests.AddCharger_GivenValidData_ShouldReturnSuccess","DisplayName":"AddCharger_GivenValidData_ShouldReturnSuccess","ExecutorUri":"executor://MSTestAdapter/v2","Source":"C:\\Users\\Hrvoje\\Source\\Repos\\WattsUp\\ControllerUnitTests\\bin\\Debug\\net7.0\\fine-code-coverage\\build-output\\ControllerUnitTests.dll","CodeFilePath":null,"LineNumber":-1,"Properties":[{"Key":{"Id":"TestCase.ManagedType","Label":"ManagedType","Category":"","Description":"","Attributes":1,"ValueType":"System.String"},"Value":"ControllerUnitTests.ChargerControllerTests"},{"Key":{"Id":"TestCase.ManagedMethod","Label":"ManagedMethod","Category":"","Description":"","Attributes":1,"ValueType":"System.String"},"Value":"AddCharger_GivenValidData_ShouldReturnSuccess"},{"Key":{"Id":"MSTestDiscoverer.TestClassName","Label":"ClassName","Category":"","Description":"","Attributes":1,"ValueType":"System.String"},"Value":"ControllerUnitTests.ChargerControllerTests"},{"Key":{"Id":"TestCase.Hierarchy","Label":"Hierarchy","Category":"","Description":"","Attributes":2,"ValueType":"System.String[]"},"Value":["ControllerUnitTests","ChargerControllerTests"]},{"Key":{"Id":"TestObject.Traits","Label":"Traits","Category":"","Description":"","Attributes":5,"ValueType":"System.Collections.Generic.KeyValuePair`2[[System.String],[System.String]][]"},"Value":[]}]},"Attachments":[],"Outcome":1,"ErrorMessage":null,"ErrorStackTrace":null,"DisplayName":"AddCharger_GivenValidData_ShouldReturnSuccess","Messages":[],"ComputerName":null,"Duration":"00:00:00.0185581","StartTime":"2023-10-28T19:06:25.5184377+02:00","EndTime":"2023-10-28T19:06:25.537373+02:00","Properties":[{"Key":{"Id":"ExecutionId","Label":"ExecutionId","Category":"","Description":"","Attributes":1,"ValueType":"System.Guid"},"Value":"00000000-0000-0000-0000-000000000000"},{"Key":{"Id":"ParentExecId","Label":"ParentExecId","Category":"","Description":"","Attributes":1,"ValueType":"System.Guid"},"Value":"00000000-0000-0000-0000-000000000000"},{"Key":{"Id":"InnerResultsCount","Label":"InnerResultsCount","Category":"","Description":"","Attributes":1,"ValueType":"System.Int32"},"Value":0}]},{"TestCase":{"Id":"3ad20e0d-fdd6-a4d4-b5ff-67dbf3d18b37","FullyQualifiedName":"ControllerUnitTests.ChargerControllerTests.UpdateCharger_GivenChargerExists_ShouldReturnUpdatedCharger","DisplayName":"UpdateCharger_GivenChargerExists_ShouldReturnUpdatedCharger","ExecutorUri":"executor://MSTestAdapter/v2","Source":"C:\\Users\\Hrvoje\\Source\\Repos\\WattsUp\\ControllerUnitTests\\bin\\Debug\\net7.0\\fine-code-coverage\\build-output\\ControllerUnitTests.dll","CodeFilePath":null,"LineNumber":-1,"Properties":[{"Key":{"Id":"TestCase.ManagedType","Label":"ManagedType","Category":"","Description":"","Attributes":1,"ValueType":"System.String"},"Value":"ControllerUnitTests.ChargerControllerTests"},{"Key":{"Id":"TestCase.ManagedMethod","Label":"ManagedMethod","Category":"","Description":"","Attributes":1,"ValueType":"System.String"},"Value":"UpdateCharger_GivenChargerExists_ShouldReturnUpdatedCharger"},{"Key":{"Id":"MSTestDiscoverer.TestClassName","Label":"ClassName","Category":"","Description":"","Attributes":1,"ValueType":"System.String"},"Value":"ControllerUnitTests.ChargerControllerTests"},{"Key":{"Id":"TestCase.Hierarchy","Label":"Hierarchy","Category":"","Description":"","Attributes":2,"ValueType":"System.String[]"},"Value":["ControllerUnitTests","ChargerControllerTests"]},{"Key":{"Id":"TestObject.Traits","Label":"Traits","Category":"","Description":"","Attributes":5,"ValueType":"System.Collections.Generic.KeyValuePair`2[[System.String],[System.String]][]"},"Value":[]}]},"Attachments":[],"Outcome":2,"ErrorMessage":"Test method ControllerUnitTests.ChargerControllerTests.UpdateCharger_GivenChargerExists_ShouldReturnUpdatedCharger threw exception: \r\nSystem.NullReferenceException: Object reference not set to an instance of an object.","ErrorStackTrace":"    at backend.Controllers.ChargerController.UpdateChargerByID(Int64 id, Charger _charger) in C:\\Users\\Hrvoje\\Source\\Repos\\WattsUp\\backend\\Controllers\\ChargerController.cs:line 89\r\n   at ControllerUnitTests.ChargerControllerTests.UpdateCharger_GivenChargerExists_ShouldReturnUpdatedCharger() in C:\\Users\\Hrvoje\\Source\\Repos\\WattsUp\\ControllerUnitTests\\ChargerControllerTests.cs:line 375\r\n   at Microsoft.VisualStudio.TestPlatform.MSTestAdapter.PlatformServices.ThreadOperations.ExecuteWithAbortSafety(Action action)\r\n","DisplayName":"UpdateCharger_GivenChargerExists_ShouldReturnUpdatedCharger","Messages":[],"ComputerName":null,"Duration":"00:00:00.0232633","StartTime":"2023-10-28T19:06:25.5409452+02:00","EndTime":"2023-10-28T19:06:25.5652862+02:00","Properties":[{"Key":{"Id":"ExecutionId","Label":"ExecutionId","Category":"","Description":"","Attributes":1,"ValueType":"System.Guid"},"Value":"00000000-0000-0000-0000-000000000000"},{"Key":{"Id":"ParentExecId","Label":"ParentExecId","Category":"","Description":"","Attributes":1,"ValueType":"System.Guid"},"Value":"00000000-0000-0000-0000-000000000000"},{"Key":{"Id":"InnerResultsCount","Label":"InnerResultsCount","Category":"","Description":"","Attributes":1,"ValueType":"System.Int32"},"Value":0}]}],"TestRunStatistics":{"ExecutedTests":8,"Stats":{"Passed":7,"Failed":1}},"ActiveTests":[]},"RunAttachments":[],"ExecutorUris":["executor://mstestadapter/v2"]}}
TpTrace Verbose: 0 : 24592, 4, 2023/10/28, 19:06:25.596, 3643917566258, testhost.dll, BaseRunTests.RunTests: Run is complete.
TpTrace Verbose: 0 : 24592, 10, 2023/10/28, 19:06:25.597, 3643917574471, testhost.dll, TcpClientExtensions.MessageLoopAsync: NotifyDataAvailable remoteEndPoint: [::ffff:127.0.0.1]:60201 localEndPoint: [::ffff:127.0.0.1]:60202
TpTrace Information: 0 : 24592, 10, 2023/10/28, 19:06:25.597, 3643917576398, testhost.dll, TestRequestHandler.OnMessageReceived: received message: (TestSession.Terminate) -> {"MessageType":"TestSession.Terminate","Payload":null}
TpTrace Information: 0 : 24592, 10, 2023/10/28, 19:06:25.598, 3643917577137, testhost.dll, Session End message received from server. Closing the connection.
TpTrace Information: 0 : 24592, 10, 2023/10/28, 19:06:25.598, 3643917583245, testhost.dll, SocketClient.Stop: Stop communication from server endpoint: 127.0.0.1:060201
TpTrace Information: 0 : 24592, 10, 2023/10/28, 19:06:25.598, 3643917584403, testhost.dll, SocketClient: Stop: Cancellation requested. Stopping message loop.
TpTrace Verbose: 0 : 24592, 10, 2023/10/28, 19:06:25.598, 3643917586115, testhost.dll, LengthPrefixCommunicationChannel.Dispose: Dispose reader and writer.
TpTrace Information: 0 : 24592, 10, 2023/10/28, 19:06:25.599, 3643917586897, testhost.dll, Closing the connection !
TpTrace Verbose: 0 : 24592, 10, 2023/10/28, 19:06:25.599, 3643917587585, testhost.dll, MulticastDelegateUtilities.SafeInvoke: LengthPrefixCommunicationChannel: MessageReceived: Invoking callback 1/1 for Microsoft.VisualStudio.TestPlatform.CommunicationUtilities.TestRequestHandler., took 1 ms.
TpTrace Information: 0 : 24592, 10, 2023/10/28, 19:06:25.599, 3643917591576, testhost.dll, SocketClient.PrivateStop: Stop communication from server endpoint: 127.0.0.1:060201, error:
TpTrace Information: 0 : 24592, 1, 2023/10/28, 19:06:25.599, 3643917593921, testhost.dll, Closing the connection!
TpTrace Verbose: 0 : 24592, 10, 2023/10/28, 19:06:25.599, 3643917596319, testhost.dll, LengthPrefixCommunicationChannel.Dispose: Dispose reader and writer.
TpTrace Information: 0 : 24592, 1, 2023/10/28, 19:06:25.599, 3643917596328, testhost.dll, Testhost process exiting.
TpTrace Verbose: 0 : 24592, 10, 2023/10/28, 19:06:25.600, 3643917597374, testhost.dll, TcpClientExtensions.MessageLoopAsync: exiting MessageLoopAsync remoteEndPoint: [::ffff:127.0.0.1]:60201 localEndPoint: [::ffff:127.0.0.1]:60202
